

================================================================
== Vivado HLS Report for 'AES'
================================================================
* Date:           Fri May 15 04:25:07 2020

* Version:        2019.2 (Build 2704478 on Wed Nov 06 22:10:23 MST 2019)
* Project:        VLSI_Project
* Solution:       solution1
* Product family: virtex7
* Target device:  xc7vx485t-ffg1157-1


================================================================
== Performance Estimates
================================================================
+ Timing: 
    * Summary: 
    +--------+----------+----------+------------+
    |  Clock |  Target  | Estimated| Uncertainty|
    +--------+----------+----------+------------+
    |ap_clk  | 10.00 ns | 8.430 ns |   1.25 ns  |
    +--------+----------+----------+------------+

+ Latency: 
    * Summary: 
    +---------+---------+----------+----------+-----+-----+---------+
    |  Latency (cycles) |  Latency (absolute) |  Interval | Pipeline|
    |   min   |   max   |    min   |    max   | min | max |   Type  |
    +---------+---------+----------+----------+-----+-----+---------+
    |      100|      100| 1.000 us | 1.000 us |  100|  100|   none  |
    +---------+---------+----------+----------+-----+-----+---------+

    + Detail: 
        * Instance: 
        N/A

        * Loop: 
        N/A

============================================================
+ Verbose Summary: Synthesis Manager
============================================================
InlineROM: 1
ExposeGlobal: 1
============================================================
+ Verbose Summary: CDFG Model
============================================================
IsTopModel: 1
ResetActiveHigh: 1
IsCombinational: 0
IsDatapathOnly: 0
HasWiredReturn: 1
HasMFsm: 0
HasVarLatency: 1
IsPipeline: 0
IsRtlPipelined: 0
IsInstanceOverlapped: 0
IsDontTouch: 0
HasImplIP: 0
IsGatedGlobalClock: 0


============================================================
+ Verbose Summary: Schedule
============================================================
* Number of FSM states : 4
* Pipeline : 0
* Dataflow Pipeline: 0

* FSM state transitions: 
1 --> 2 
2 --> 3 
3 --> 4 
4 --> 

* FSM state operations: 

State 1 <SV = 0> <Delay = 1.42>
ST_1 : Operation 5 [1/1] (0.00ns)   --->   "%key_0_read = call i8 @_ssdm_op_Read.ap_auto.i8P(i8* %key_0)" [aes.c:506]   --->   Operation 5 'read' 'key_0_read' <Predicate = true> <Delay = 0.00>
ST_1 : Operation 6 [1/1] (0.00ns)   --->   "%key_1_read = call i8 @_ssdm_op_Read.ap_auto.i8P(i8* %key_1)" [aes.c:506]   --->   Operation 6 'read' 'key_1_read' <Predicate = true> <Delay = 0.00>
ST_1 : Operation 7 [1/1] (0.00ns)   --->   "%key_2_read = call i8 @_ssdm_op_Read.ap_auto.i8P(i8* %key_2)" [aes.c:506]   --->   Operation 7 'read' 'key_2_read' <Predicate = true> <Delay = 0.00>
ST_1 : Operation 8 [1/1] (0.00ns)   --->   "%key_3_read = call i8 @_ssdm_op_Read.ap_auto.i8P(i8* %key_3)" [aes.c:506]   --->   Operation 8 'read' 'key_3_read' <Predicate = true> <Delay = 0.00>
ST_1 : Operation 9 [1/1] (0.00ns)   --->   "%key_4_read = call i8 @_ssdm_op_Read.ap_auto.i8P(i8* %key_4)" [aes.c:506]   --->   Operation 9 'read' 'key_4_read' <Predicate = true> <Delay = 0.00>
ST_1 : Operation 10 [1/1] (0.00ns)   --->   "%key_5_read = call i8 @_ssdm_op_Read.ap_auto.i8P(i8* %key_5)" [aes.c:506]   --->   Operation 10 'read' 'key_5_read' <Predicate = true> <Delay = 0.00>
ST_1 : Operation 11 [1/1] (0.00ns)   --->   "%key_6_read = call i8 @_ssdm_op_Read.ap_auto.i8P(i8* %key_6)" [aes.c:506]   --->   Operation 11 'read' 'key_6_read' <Predicate = true> <Delay = 0.00>
ST_1 : Operation 12 [1/1] (0.00ns)   --->   "%key_7_read = call i8 @_ssdm_op_Read.ap_auto.i8P(i8* %key_7)" [aes.c:506]   --->   Operation 12 'read' 'key_7_read' <Predicate = true> <Delay = 0.00>
ST_1 : Operation 13 [1/1] (0.00ns)   --->   "%key_8_read = call i8 @_ssdm_op_Read.ap_auto.i8P(i8* %key_8)" [aes.c:506]   --->   Operation 13 'read' 'key_8_read' <Predicate = true> <Delay = 0.00>
ST_1 : Operation 14 [1/1] (0.00ns)   --->   "%key_9_read = call i8 @_ssdm_op_Read.ap_auto.i8P(i8* %key_9)" [aes.c:506]   --->   Operation 14 'read' 'key_9_read' <Predicate = true> <Delay = 0.00>
ST_1 : Operation 15 [1/1] (0.00ns)   --->   "%key_10_read = call i8 @_ssdm_op_Read.ap_auto.i8P(i8* %key_10)" [aes.c:506]   --->   Operation 15 'read' 'key_10_read' <Predicate = true> <Delay = 0.00>
ST_1 : Operation 16 [1/1] (0.00ns)   --->   "%key_11_read = call i8 @_ssdm_op_Read.ap_auto.i8P(i8* %key_11)" [aes.c:506]   --->   Operation 16 'read' 'key_11_read' <Predicate = true> <Delay = 0.00>
ST_1 : Operation 17 [1/1] (0.00ns)   --->   "%key_12_read = call i8 @_ssdm_op_Read.ap_auto.i8P(i8* %key_12)" [aes.c:506]   --->   Operation 17 'read' 'key_12_read' <Predicate = true> <Delay = 0.00>
ST_1 : Operation 18 [1/1] (0.00ns)   --->   "%key_13_read = call i8 @_ssdm_op_Read.ap_auto.i8P(i8* %key_13)" [aes.c:506]   --->   Operation 18 'read' 'key_13_read' <Predicate = true> <Delay = 0.00>
ST_1 : Operation 19 [1/1] (0.00ns)   --->   "%key_14_read = call i8 @_ssdm_op_Read.ap_auto.i8P(i8* %key_14)" [aes.c:506]   --->   Operation 19 'read' 'key_14_read' <Predicate = true> <Delay = 0.00>
ST_1 : Operation 20 [1/1] (0.00ns)   --->   "%key_15_read = call i8 @_ssdm_op_Read.ap_auto.i8P(i8* %key_15)" [aes.c:506]   --->   Operation 20 'read' 'key_15_read' <Predicate = true> <Delay = 0.00>
ST_1 : Operation 21 [2/2] (1.42ns)   --->   "call fastcc void @KeyExpansion([11 x i8]* %ctx_RoundKey_0, [11 x i8]* %ctx_RoundKey_1, [11 x i8]* %ctx_RoundKey_2, [11 x i8]* %ctx_RoundKey_3, [11 x i8]* %ctx_RoundKey_4, [11 x i8]* %ctx_RoundKey_5, [11 x i8]* %ctx_RoundKey_6, [11 x i8]* %ctx_RoundKey_7, [11 x i8]* %ctx_RoundKey_8, [11 x i8]* %ctx_RoundKey_9, [11 x i8]* %ctx_RoundKey_10, [11 x i8]* %ctx_RoundKey_11, [11 x i8]* %ctx_RoundKey_12, [11 x i8]* %ctx_RoundKey_13, [11 x i8]* %ctx_RoundKey_14, [11 x i8]* %ctx_RoundKey_15, i8 %key_0_read, i8 %key_1_read, i8 %key_2_read, i8 %key_3_read, i8 %key_4_read, i8 %key_5_read, i8 %key_6_read, i8 %key_7_read, i8 %key_8_read, i8 %key_9_read, i8 %key_10_read, i8 %key_11_read, i8 %key_12_read, i8 %key_13_read, i8 %key_14_read, i8 %key_15_read)" [aes.c:210->aes.c:506]   --->   Operation 21 'call' <Predicate = true> <Delay = 1.42> <CoreType = "Generic">   --->   Core 0 '' <Latency = 0> <II = 1> <Delay = 1.00> <Generic> <Opcode : >

State 2 <SV = 1> <Delay = 0.00>
ST_2 : Operation 22 [1/2] (0.00ns)   --->   "call fastcc void @KeyExpansion([11 x i8]* %ctx_RoundKey_0, [11 x i8]* %ctx_RoundKey_1, [11 x i8]* %ctx_RoundKey_2, [11 x i8]* %ctx_RoundKey_3, [11 x i8]* %ctx_RoundKey_4, [11 x i8]* %ctx_RoundKey_5, [11 x i8]* %ctx_RoundKey_6, [11 x i8]* %ctx_RoundKey_7, [11 x i8]* %ctx_RoundKey_8, [11 x i8]* %ctx_RoundKey_9, [11 x i8]* %ctx_RoundKey_10, [11 x i8]* %ctx_RoundKey_11, [11 x i8]* %ctx_RoundKey_12, [11 x i8]* %ctx_RoundKey_13, [11 x i8]* %ctx_RoundKey_14, [11 x i8]* %ctx_RoundKey_15, i8 %key_0_read, i8 %key_1_read, i8 %key_2_read, i8 %key_3_read, i8 %key_4_read, i8 %key_5_read, i8 %key_6_read, i8 %key_7_read, i8 %key_8_read, i8 %key_9_read, i8 %key_10_read, i8 %key_11_read, i8 %key_12_read, i8 %key_13_read, i8 %key_14_read, i8 %key_15_read)" [aes.c:210->aes.c:506]   --->   Operation 22 'call' <Predicate = true> <Delay = 0.00> <CoreType = "Generic">   --->   Core 0 '' <Latency = 0> <II = 1> <Delay = 1.00> <Generic> <Opcode : >

State 3 <SV = 2> <Delay = 1.84>
ST_3 : Operation 23 [1/1] (0.00ns)   --->   "%in_0_0_read = call i8 @_ssdm_op_Read.ap_auto.i8P(i8* %in_0_0)" [aes.c:507]   --->   Operation 23 'read' 'in_0_0_read' <Predicate = true> <Delay = 0.00>
ST_3 : Operation 24 [1/1] (0.00ns)   --->   "%in_0_1_read = call i8 @_ssdm_op_Read.ap_auto.i8P(i8* %in_0_1)" [aes.c:507]   --->   Operation 24 'read' 'in_0_1_read' <Predicate = true> <Delay = 0.00>
ST_3 : Operation 25 [1/1] (0.00ns)   --->   "%in_0_2_read = call i8 @_ssdm_op_Read.ap_auto.i8P(i8* %in_0_2)" [aes.c:507]   --->   Operation 25 'read' 'in_0_2_read' <Predicate = true> <Delay = 0.00>
ST_3 : Operation 26 [1/1] (0.00ns)   --->   "%in_0_3_read = call i8 @_ssdm_op_Read.ap_auto.i8P(i8* %in_0_3)" [aes.c:507]   --->   Operation 26 'read' 'in_0_3_read' <Predicate = true> <Delay = 0.00>
ST_3 : Operation 27 [1/1] (0.00ns)   --->   "%in_1_0_read = call i8 @_ssdm_op_Read.ap_auto.i8P(i8* %in_1_0)" [aes.c:507]   --->   Operation 27 'read' 'in_1_0_read' <Predicate = true> <Delay = 0.00>
ST_3 : Operation 28 [1/1] (0.00ns)   --->   "%in_1_1_read = call i8 @_ssdm_op_Read.ap_auto.i8P(i8* %in_1_1)" [aes.c:507]   --->   Operation 28 'read' 'in_1_1_read' <Predicate = true> <Delay = 0.00>
ST_3 : Operation 29 [1/1] (0.00ns)   --->   "%in_1_2_read = call i8 @_ssdm_op_Read.ap_auto.i8P(i8* %in_1_2)" [aes.c:507]   --->   Operation 29 'read' 'in_1_2_read' <Predicate = true> <Delay = 0.00>
ST_3 : Operation 30 [1/1] (0.00ns)   --->   "%in_1_3_read = call i8 @_ssdm_op_Read.ap_auto.i8P(i8* %in_1_3)" [aes.c:507]   --->   Operation 30 'read' 'in_1_3_read' <Predicate = true> <Delay = 0.00>
ST_3 : Operation 31 [1/1] (0.00ns)   --->   "%in_2_0_read = call i8 @_ssdm_op_Read.ap_auto.i8P(i8* %in_2_0)" [aes.c:507]   --->   Operation 31 'read' 'in_2_0_read' <Predicate = true> <Delay = 0.00>
ST_3 : Operation 32 [1/1] (0.00ns)   --->   "%in_2_1_read = call i8 @_ssdm_op_Read.ap_auto.i8P(i8* %in_2_1)" [aes.c:507]   --->   Operation 32 'read' 'in_2_1_read' <Predicate = true> <Delay = 0.00>
ST_3 : Operation 33 [1/1] (0.00ns)   --->   "%in_2_2_read = call i8 @_ssdm_op_Read.ap_auto.i8P(i8* %in_2_2)" [aes.c:507]   --->   Operation 33 'read' 'in_2_2_read' <Predicate = true> <Delay = 0.00>
ST_3 : Operation 34 [1/1] (0.00ns)   --->   "%in_2_3_read = call i8 @_ssdm_op_Read.ap_auto.i8P(i8* %in_2_3)" [aes.c:507]   --->   Operation 34 'read' 'in_2_3_read' <Predicate = true> <Delay = 0.00>
ST_3 : Operation 35 [1/1] (0.00ns)   --->   "%in_3_0_read = call i8 @_ssdm_op_Read.ap_auto.i8P(i8* %in_3_0)" [aes.c:507]   --->   Operation 35 'read' 'in_3_0_read' <Predicate = true> <Delay = 0.00>
ST_3 : Operation 36 [1/1] (0.00ns)   --->   "%in_3_1_read = call i8 @_ssdm_op_Read.ap_auto.i8P(i8* %in_3_1)" [aes.c:507]   --->   Operation 36 'read' 'in_3_1_read' <Predicate = true> <Delay = 0.00>
ST_3 : Operation 37 [1/1] (0.00ns)   --->   "%in_3_2_read = call i8 @_ssdm_op_Read.ap_auto.i8P(i8* %in_3_2)" [aes.c:507]   --->   Operation 37 'read' 'in_3_2_read' <Predicate = true> <Delay = 0.00>
ST_3 : Operation 38 [1/1] (0.00ns)   --->   "%in_3_3_read = call i8 @_ssdm_op_Read.ap_auto.i8P(i8* %in_3_3)" [aes.c:507]   --->   Operation 38 'read' 'in_3_3_read' <Predicate = true> <Delay = 0.00>
ST_3 : Operation 39 [2/2] (1.84ns)   --->   "%Cipher_ret_i = call fastcc { i8, i8, i8, i8, i8, i8, i8, i8, i8, i8, i8, i8, i8, i8, i8, i8 } @Cipher(i8 %in_0_0_read, i8 %in_0_1_read, i8 %in_0_2_read, i8 %in_0_3_read, i8 %in_1_0_read, i8 %in_1_1_read, i8 %in_1_2_read, i8 %in_1_3_read, i8 %in_2_0_read, i8 %in_2_1_read, i8 %in_2_2_read, i8 %in_2_3_read, i8 %in_3_0_read, i8 %in_3_1_read, i8 %in_3_2_read, i8 %in_3_3_read, [11 x i8]* %ctx_RoundKey_0, [11 x i8]* %ctx_RoundKey_1, [11 x i8]* %ctx_RoundKey_2, [11 x i8]* %ctx_RoundKey_3, [11 x i8]* %ctx_RoundKey_4, [11 x i8]* %ctx_RoundKey_5, [11 x i8]* %ctx_RoundKey_6, [11 x i8]* %ctx_RoundKey_7, [11 x i8]* %ctx_RoundKey_8, [11 x i8]* %ctx_RoundKey_9, [11 x i8]* %ctx_RoundKey_10, [11 x i8]* %ctx_RoundKey_11, [11 x i8]* %ctx_RoundKey_12, [11 x i8]* %ctx_RoundKey_13, [11 x i8]* %ctx_RoundKey_14, [11 x i8]* %ctx_RoundKey_15)" [aes.c:501->aes.c:507]   --->   Operation 39 'call' 'Cipher_ret_i' <Predicate = true> <Delay = 1.84> <CoreType = "Generic">   --->   Core 0 '' <Latency = 0> <II = 1> <Delay = 1.00> <Generic> <Opcode : >

State 4 <SV = 3> <Delay = 2.08>
ST_4 : Operation 40 [1/1] (0.00ns)   --->   "call void (...)* @_ssdm_op_SpecBitsMap(i8* %in_3_3), !map !50"   --->   Operation 40 'specbitsmap' <Predicate = true> <Delay = 0.00>
ST_4 : Operation 41 [1/1] (0.00ns)   --->   "call void (...)* @_ssdm_op_SpecBitsMap(i8* %in_3_2), !map !56"   --->   Operation 41 'specbitsmap' <Predicate = true> <Delay = 0.00>
ST_4 : Operation 42 [1/1] (0.00ns)   --->   "call void (...)* @_ssdm_op_SpecBitsMap(i8* %in_3_1), !map !62"   --->   Operation 42 'specbitsmap' <Predicate = true> <Delay = 0.00>
ST_4 : Operation 43 [1/1] (0.00ns)   --->   "call void (...)* @_ssdm_op_SpecBitsMap(i8* %in_3_0), !map !68"   --->   Operation 43 'specbitsmap' <Predicate = true> <Delay = 0.00>
ST_4 : Operation 44 [1/1] (0.00ns)   --->   "call void (...)* @_ssdm_op_SpecBitsMap(i8* %in_2_3), !map !74"   --->   Operation 44 'specbitsmap' <Predicate = true> <Delay = 0.00>
ST_4 : Operation 45 [1/1] (0.00ns)   --->   "call void (...)* @_ssdm_op_SpecBitsMap(i8* %in_2_2), !map !79"   --->   Operation 45 'specbitsmap' <Predicate = true> <Delay = 0.00>
ST_4 : Operation 46 [1/1] (0.00ns)   --->   "call void (...)* @_ssdm_op_SpecBitsMap(i8* %in_2_1), !map !84"   --->   Operation 46 'specbitsmap' <Predicate = true> <Delay = 0.00>
ST_4 : Operation 47 [1/1] (0.00ns)   --->   "call void (...)* @_ssdm_op_SpecBitsMap(i8* %in_2_0), !map !89"   --->   Operation 47 'specbitsmap' <Predicate = true> <Delay = 0.00>
ST_4 : Operation 48 [1/1] (0.00ns)   --->   "call void (...)* @_ssdm_op_SpecBitsMap(i8* %in_1_3), !map !94"   --->   Operation 48 'specbitsmap' <Predicate = true> <Delay = 0.00>
ST_4 : Operation 49 [1/1] (0.00ns)   --->   "call void (...)* @_ssdm_op_SpecBitsMap(i8* %in_1_2), !map !99"   --->   Operation 49 'specbitsmap' <Predicate = true> <Delay = 0.00>
ST_4 : Operation 50 [1/1] (0.00ns)   --->   "call void (...)* @_ssdm_op_SpecBitsMap(i8* %in_1_1), !map !104"   --->   Operation 50 'specbitsmap' <Predicate = true> <Delay = 0.00>
ST_4 : Operation 51 [1/1] (0.00ns)   --->   "call void (...)* @_ssdm_op_SpecBitsMap(i8* %in_1_0), !map !109"   --->   Operation 51 'specbitsmap' <Predicate = true> <Delay = 0.00>
ST_4 : Operation 52 [1/1] (0.00ns)   --->   "call void (...)* @_ssdm_op_SpecBitsMap(i8* %in_0_3), !map !114"   --->   Operation 52 'specbitsmap' <Predicate = true> <Delay = 0.00>
ST_4 : Operation 53 [1/1] (0.00ns)   --->   "call void (...)* @_ssdm_op_SpecBitsMap(i8* %in_0_2), !map !119"   --->   Operation 53 'specbitsmap' <Predicate = true> <Delay = 0.00>
ST_4 : Operation 54 [1/1] (0.00ns)   --->   "call void (...)* @_ssdm_op_SpecBitsMap(i8* %in_0_1), !map !124"   --->   Operation 54 'specbitsmap' <Predicate = true> <Delay = 0.00>
ST_4 : Operation 55 [1/1] (0.00ns)   --->   "call void (...)* @_ssdm_op_SpecBitsMap(i8* %in_0_0), !map !129"   --->   Operation 55 'specbitsmap' <Predicate = true> <Delay = 0.00>
ST_4 : Operation 56 [1/1] (0.00ns)   --->   "call void (...)* @_ssdm_op_SpecBitsMap(i8* %key_15), !map !134"   --->   Operation 56 'specbitsmap' <Predicate = true> <Delay = 0.00>
ST_4 : Operation 57 [1/1] (0.00ns)   --->   "call void (...)* @_ssdm_op_SpecBitsMap(i8* %key_14), !map !140"   --->   Operation 57 'specbitsmap' <Predicate = true> <Delay = 0.00>
ST_4 : Operation 58 [1/1] (0.00ns)   --->   "call void (...)* @_ssdm_op_SpecBitsMap(i8* %key_13), !map !146"   --->   Operation 58 'specbitsmap' <Predicate = true> <Delay = 0.00>
ST_4 : Operation 59 [1/1] (0.00ns)   --->   "call void (...)* @_ssdm_op_SpecBitsMap(i8* %key_12), !map !152"   --->   Operation 59 'specbitsmap' <Predicate = true> <Delay = 0.00>
ST_4 : Operation 60 [1/1] (0.00ns)   --->   "call void (...)* @_ssdm_op_SpecBitsMap(i8* %key_11), !map !158"   --->   Operation 60 'specbitsmap' <Predicate = true> <Delay = 0.00>
ST_4 : Operation 61 [1/1] (0.00ns)   --->   "call void (...)* @_ssdm_op_SpecBitsMap(i8* %key_10), !map !164"   --->   Operation 61 'specbitsmap' <Predicate = true> <Delay = 0.00>
ST_4 : Operation 62 [1/1] (0.00ns)   --->   "call void (...)* @_ssdm_op_SpecBitsMap(i8* %key_9), !map !170"   --->   Operation 62 'specbitsmap' <Predicate = true> <Delay = 0.00>
ST_4 : Operation 63 [1/1] (0.00ns)   --->   "call void (...)* @_ssdm_op_SpecBitsMap(i8* %key_8), !map !176"   --->   Operation 63 'specbitsmap' <Predicate = true> <Delay = 0.00>
ST_4 : Operation 64 [1/1] (0.00ns)   --->   "call void (...)* @_ssdm_op_SpecBitsMap(i8* %key_7), !map !182"   --->   Operation 64 'specbitsmap' <Predicate = true> <Delay = 0.00>
ST_4 : Operation 65 [1/1] (0.00ns)   --->   "call void (...)* @_ssdm_op_SpecBitsMap(i8* %key_6), !map !188"   --->   Operation 65 'specbitsmap' <Predicate = true> <Delay = 0.00>
ST_4 : Operation 66 [1/1] (0.00ns)   --->   "call void (...)* @_ssdm_op_SpecBitsMap(i8* %key_5), !map !194"   --->   Operation 66 'specbitsmap' <Predicate = true> <Delay = 0.00>
ST_4 : Operation 67 [1/1] (0.00ns)   --->   "call void (...)* @_ssdm_op_SpecBitsMap(i8* %key_4), !map !200"   --->   Operation 67 'specbitsmap' <Predicate = true> <Delay = 0.00>
ST_4 : Operation 68 [1/1] (0.00ns)   --->   "call void (...)* @_ssdm_op_SpecBitsMap(i8* %key_3), !map !206"   --->   Operation 68 'specbitsmap' <Predicate = true> <Delay = 0.00>
ST_4 : Operation 69 [1/1] (0.00ns)   --->   "call void (...)* @_ssdm_op_SpecBitsMap(i8* %key_2), !map !211"   --->   Operation 69 'specbitsmap' <Predicate = true> <Delay = 0.00>
ST_4 : Operation 70 [1/1] (0.00ns)   --->   "call void (...)* @_ssdm_op_SpecBitsMap(i8* %key_1), !map !216"   --->   Operation 70 'specbitsmap' <Predicate = true> <Delay = 0.00>
ST_4 : Operation 71 [1/1] (0.00ns)   --->   "call void (...)* @_ssdm_op_SpecBitsMap(i8* %key_0), !map !221"   --->   Operation 71 'specbitsmap' <Predicate = true> <Delay = 0.00>
ST_4 : Operation 72 [1/1] (0.00ns)   --->   "call void (...)* @_ssdm_op_SpecBitsMap([11 x i8]* %ctx_RoundKey_15), !map !226"   --->   Operation 72 'specbitsmap' <Predicate = true> <Delay = 0.00>
ST_4 : Operation 73 [1/1] (0.00ns)   --->   "call void (...)* @_ssdm_op_SpecBitsMap([11 x i8]* %ctx_RoundKey_14), !map !232"   --->   Operation 73 'specbitsmap' <Predicate = true> <Delay = 0.00>
ST_4 : Operation 74 [1/1] (0.00ns)   --->   "call void (...)* @_ssdm_op_SpecBitsMap([11 x i8]* %ctx_RoundKey_13), !map !238"   --->   Operation 74 'specbitsmap' <Predicate = true> <Delay = 0.00>
ST_4 : Operation 75 [1/1] (0.00ns)   --->   "call void (...)* @_ssdm_op_SpecBitsMap([11 x i8]* %ctx_RoundKey_12), !map !244"   --->   Operation 75 'specbitsmap' <Predicate = true> <Delay = 0.00>
ST_4 : Operation 76 [1/1] (0.00ns)   --->   "call void (...)* @_ssdm_op_SpecBitsMap([11 x i8]* %ctx_RoundKey_11), !map !250"   --->   Operation 76 'specbitsmap' <Predicate = true> <Delay = 0.00>
ST_4 : Operation 77 [1/1] (0.00ns)   --->   "call void (...)* @_ssdm_op_SpecBitsMap([11 x i8]* %ctx_RoundKey_10), !map !256"   --->   Operation 77 'specbitsmap' <Predicate = true> <Delay = 0.00>
ST_4 : Operation 78 [1/1] (0.00ns)   --->   "call void (...)* @_ssdm_op_SpecBitsMap([11 x i8]* %ctx_RoundKey_9), !map !262"   --->   Operation 78 'specbitsmap' <Predicate = true> <Delay = 0.00>
ST_4 : Operation 79 [1/1] (0.00ns)   --->   "call void (...)* @_ssdm_op_SpecBitsMap([11 x i8]* %ctx_RoundKey_8), !map !268"   --->   Operation 79 'specbitsmap' <Predicate = true> <Delay = 0.00>
ST_4 : Operation 80 [1/1] (0.00ns)   --->   "call void (...)* @_ssdm_op_SpecBitsMap([11 x i8]* %ctx_RoundKey_7), !map !274"   --->   Operation 80 'specbitsmap' <Predicate = true> <Delay = 0.00>
ST_4 : Operation 81 [1/1] (0.00ns)   --->   "call void (...)* @_ssdm_op_SpecBitsMap([11 x i8]* %ctx_RoundKey_6), !map !280"   --->   Operation 81 'specbitsmap' <Predicate = true> <Delay = 0.00>
ST_4 : Operation 82 [1/1] (0.00ns)   --->   "call void (...)* @_ssdm_op_SpecBitsMap([11 x i8]* %ctx_RoundKey_5), !map !286"   --->   Operation 82 'specbitsmap' <Predicate = true> <Delay = 0.00>
ST_4 : Operation 83 [1/1] (0.00ns)   --->   "call void (...)* @_ssdm_op_SpecBitsMap([11 x i8]* %ctx_RoundKey_4), !map !292"   --->   Operation 83 'specbitsmap' <Predicate = true> <Delay = 0.00>
ST_4 : Operation 84 [1/1] (0.00ns)   --->   "call void (...)* @_ssdm_op_SpecBitsMap([11 x i8]* %ctx_RoundKey_3), !map !298"   --->   Operation 84 'specbitsmap' <Predicate = true> <Delay = 0.00>
ST_4 : Operation 85 [1/1] (0.00ns)   --->   "call void (...)* @_ssdm_op_SpecBitsMap([11 x i8]* %ctx_RoundKey_2), !map !304"   --->   Operation 85 'specbitsmap' <Predicate = true> <Delay = 0.00>
ST_4 : Operation 86 [1/1] (0.00ns)   --->   "call void (...)* @_ssdm_op_SpecBitsMap([11 x i8]* %ctx_RoundKey_1), !map !310"   --->   Operation 86 'specbitsmap' <Predicate = true> <Delay = 0.00>
ST_4 : Operation 87 [1/1] (0.00ns)   --->   "call void (...)* @_ssdm_op_SpecBitsMap([11 x i8]* %ctx_RoundKey_0), !map !316"   --->   Operation 87 'specbitsmap' <Predicate = true> <Delay = 0.00>
ST_4 : Operation 88 [1/1] (0.00ns)   --->   "call void (...)* @_ssdm_op_SpecBitsMap([16 x i8]* %ctx_Iv), !map !322"   --->   Operation 88 'specbitsmap' <Predicate = true> <Delay = 0.00>
ST_4 : Operation 89 [1/1] (0.00ns)   --->   "call void (...)* @_ssdm_op_SpecTopModule([4 x i8]* @AES_str) nounwind"   --->   Operation 89 'spectopmodule' <Predicate = true> <Delay = 0.00>
ST_4 : Operation 90 [1/2] (2.08ns)   --->   "%Cipher_ret_i = call fastcc { i8, i8, i8, i8, i8, i8, i8, i8, i8, i8, i8, i8, i8, i8, i8, i8 } @Cipher(i8 %in_0_0_read, i8 %in_0_1_read, i8 %in_0_2_read, i8 %in_0_3_read, i8 %in_1_0_read, i8 %in_1_1_read, i8 %in_1_2_read, i8 %in_1_3_read, i8 %in_2_0_read, i8 %in_2_1_read, i8 %in_2_2_read, i8 %in_2_3_read, i8 %in_3_0_read, i8 %in_3_1_read, i8 %in_3_2_read, i8 %in_3_3_read, [11 x i8]* %ctx_RoundKey_0, [11 x i8]* %ctx_RoundKey_1, [11 x i8]* %ctx_RoundKey_2, [11 x i8]* %ctx_RoundKey_3, [11 x i8]* %ctx_RoundKey_4, [11 x i8]* %ctx_RoundKey_5, [11 x i8]* %ctx_RoundKey_6, [11 x i8]* %ctx_RoundKey_7, [11 x i8]* %ctx_RoundKey_8, [11 x i8]* %ctx_RoundKey_9, [11 x i8]* %ctx_RoundKey_10, [11 x i8]* %ctx_RoundKey_11, [11 x i8]* %ctx_RoundKey_12, [11 x i8]* %ctx_RoundKey_13, [11 x i8]* %ctx_RoundKey_14, [11 x i8]* %ctx_RoundKey_15)" [aes.c:501->aes.c:507]   --->   Operation 90 'call' 'Cipher_ret_i' <Predicate = true> <Delay = 2.08> <CoreType = "Generic">   --->   Core 0 '' <Latency = 0> <II = 1> <Delay = 1.00> <Generic> <Opcode : >
ST_4 : Operation 91 [1/1] (0.00ns)   --->   "%in_0_0_ret = extractvalue { i8, i8, i8, i8, i8, i8, i8, i8, i8, i8, i8, i8, i8, i8, i8, i8 } %Cipher_ret_i, 0" [aes.c:507]   --->   Operation 91 'extractvalue' 'in_0_0_ret' <Predicate = true> <Delay = 0.00>
ST_4 : Operation 92 [1/1] (0.00ns)   --->   "call void @_ssdm_op_Write.ap_auto.i8P(i8* %in_0_0, i8 %in_0_0_ret)" [aes.c:507]   --->   Operation 92 'write' <Predicate = true> <Delay = 0.00>
ST_4 : Operation 93 [1/1] (0.00ns)   --->   "%in_0_1_ret = extractvalue { i8, i8, i8, i8, i8, i8, i8, i8, i8, i8, i8, i8, i8, i8, i8, i8 } %Cipher_ret_i, 1" [aes.c:507]   --->   Operation 93 'extractvalue' 'in_0_1_ret' <Predicate = true> <Delay = 0.00>
ST_4 : Operation 94 [1/1] (0.00ns)   --->   "call void @_ssdm_op_Write.ap_auto.i8P(i8* %in_0_1, i8 %in_0_1_ret)" [aes.c:507]   --->   Operation 94 'write' <Predicate = true> <Delay = 0.00>
ST_4 : Operation 95 [1/1] (0.00ns)   --->   "%in_0_2_ret = extractvalue { i8, i8, i8, i8, i8, i8, i8, i8, i8, i8, i8, i8, i8, i8, i8, i8 } %Cipher_ret_i, 2" [aes.c:507]   --->   Operation 95 'extractvalue' 'in_0_2_ret' <Predicate = true> <Delay = 0.00>
ST_4 : Operation 96 [1/1] (0.00ns)   --->   "call void @_ssdm_op_Write.ap_auto.i8P(i8* %in_0_2, i8 %in_0_2_ret)" [aes.c:507]   --->   Operation 96 'write' <Predicate = true> <Delay = 0.00>
ST_4 : Operation 97 [1/1] (0.00ns)   --->   "%in_0_3_ret = extractvalue { i8, i8, i8, i8, i8, i8, i8, i8, i8, i8, i8, i8, i8, i8, i8, i8 } %Cipher_ret_i, 3" [aes.c:507]   --->   Operation 97 'extractvalue' 'in_0_3_ret' <Predicate = true> <Delay = 0.00>
ST_4 : Operation 98 [1/1] (0.00ns)   --->   "call void @_ssdm_op_Write.ap_auto.i8P(i8* %in_0_3, i8 %in_0_3_ret)" [aes.c:507]   --->   Operation 98 'write' <Predicate = true> <Delay = 0.00>
ST_4 : Operation 99 [1/1] (0.00ns)   --->   "%in_1_0_ret = extractvalue { i8, i8, i8, i8, i8, i8, i8, i8, i8, i8, i8, i8, i8, i8, i8, i8 } %Cipher_ret_i, 4" [aes.c:507]   --->   Operation 99 'extractvalue' 'in_1_0_ret' <Predicate = true> <Delay = 0.00>
ST_4 : Operation 100 [1/1] (0.00ns)   --->   "call void @_ssdm_op_Write.ap_auto.i8P(i8* %in_1_0, i8 %in_1_0_ret)" [aes.c:507]   --->   Operation 100 'write' <Predicate = true> <Delay = 0.00>
ST_4 : Operation 101 [1/1] (0.00ns)   --->   "%in_1_1_ret = extractvalue { i8, i8, i8, i8, i8, i8, i8, i8, i8, i8, i8, i8, i8, i8, i8, i8 } %Cipher_ret_i, 5" [aes.c:507]   --->   Operation 101 'extractvalue' 'in_1_1_ret' <Predicate = true> <Delay = 0.00>
ST_4 : Operation 102 [1/1] (0.00ns)   --->   "call void @_ssdm_op_Write.ap_auto.i8P(i8* %in_1_1, i8 %in_1_1_ret)" [aes.c:507]   --->   Operation 102 'write' <Predicate = true> <Delay = 0.00>
ST_4 : Operation 103 [1/1] (0.00ns)   --->   "%in_1_2_ret = extractvalue { i8, i8, i8, i8, i8, i8, i8, i8, i8, i8, i8, i8, i8, i8, i8, i8 } %Cipher_ret_i, 6" [aes.c:507]   --->   Operation 103 'extractvalue' 'in_1_2_ret' <Predicate = true> <Delay = 0.00>
ST_4 : Operation 104 [1/1] (0.00ns)   --->   "call void @_ssdm_op_Write.ap_auto.i8P(i8* %in_1_2, i8 %in_1_2_ret)" [aes.c:507]   --->   Operation 104 'write' <Predicate = true> <Delay = 0.00>
ST_4 : Operation 105 [1/1] (0.00ns)   --->   "%in_1_3_ret = extractvalue { i8, i8, i8, i8, i8, i8, i8, i8, i8, i8, i8, i8, i8, i8, i8, i8 } %Cipher_ret_i, 7" [aes.c:507]   --->   Operation 105 'extractvalue' 'in_1_3_ret' <Predicate = true> <Delay = 0.00>
ST_4 : Operation 106 [1/1] (0.00ns)   --->   "call void @_ssdm_op_Write.ap_auto.i8P(i8* %in_1_3, i8 %in_1_3_ret)" [aes.c:507]   --->   Operation 106 'write' <Predicate = true> <Delay = 0.00>
ST_4 : Operation 107 [1/1] (0.00ns)   --->   "%in_2_0_ret = extractvalue { i8, i8, i8, i8, i8, i8, i8, i8, i8, i8, i8, i8, i8, i8, i8, i8 } %Cipher_ret_i, 8" [aes.c:507]   --->   Operation 107 'extractvalue' 'in_2_0_ret' <Predicate = true> <Delay = 0.00>
ST_4 : Operation 108 [1/1] (0.00ns)   --->   "call void @_ssdm_op_Write.ap_auto.i8P(i8* %in_2_0, i8 %in_2_0_ret)" [aes.c:507]   --->   Operation 108 'write' <Predicate = true> <Delay = 0.00>
ST_4 : Operation 109 [1/1] (0.00ns)   --->   "%in_2_1_ret = extractvalue { i8, i8, i8, i8, i8, i8, i8, i8, i8, i8, i8, i8, i8, i8, i8, i8 } %Cipher_ret_i, 9" [aes.c:507]   --->   Operation 109 'extractvalue' 'in_2_1_ret' <Predicate = true> <Delay = 0.00>
ST_4 : Operation 110 [1/1] (0.00ns)   --->   "call void @_ssdm_op_Write.ap_auto.i8P(i8* %in_2_1, i8 %in_2_1_ret)" [aes.c:507]   --->   Operation 110 'write' <Predicate = true> <Delay = 0.00>
ST_4 : Operation 111 [1/1] (0.00ns)   --->   "%in_2_2_ret = extractvalue { i8, i8, i8, i8, i8, i8, i8, i8, i8, i8, i8, i8, i8, i8, i8, i8 } %Cipher_ret_i, 10" [aes.c:507]   --->   Operation 111 'extractvalue' 'in_2_2_ret' <Predicate = true> <Delay = 0.00>
ST_4 : Operation 112 [1/1] (0.00ns)   --->   "call void @_ssdm_op_Write.ap_auto.i8P(i8* %in_2_2, i8 %in_2_2_ret)" [aes.c:507]   --->   Operation 112 'write' <Predicate = true> <Delay = 0.00>
ST_4 : Operation 113 [1/1] (0.00ns)   --->   "%in_2_3_ret = extractvalue { i8, i8, i8, i8, i8, i8, i8, i8, i8, i8, i8, i8, i8, i8, i8, i8 } %Cipher_ret_i, 11" [aes.c:507]   --->   Operation 113 'extractvalue' 'in_2_3_ret' <Predicate = true> <Delay = 0.00>
ST_4 : Operation 114 [1/1] (0.00ns)   --->   "call void @_ssdm_op_Write.ap_auto.i8P(i8* %in_2_3, i8 %in_2_3_ret)" [aes.c:507]   --->   Operation 114 'write' <Predicate = true> <Delay = 0.00>
ST_4 : Operation 115 [1/1] (0.00ns)   --->   "%in_3_0_ret = extractvalue { i8, i8, i8, i8, i8, i8, i8, i8, i8, i8, i8, i8, i8, i8, i8, i8 } %Cipher_ret_i, 12" [aes.c:507]   --->   Operation 115 'extractvalue' 'in_3_0_ret' <Predicate = true> <Delay = 0.00>
ST_4 : Operation 116 [1/1] (0.00ns)   --->   "call void @_ssdm_op_Write.ap_auto.i8P(i8* %in_3_0, i8 %in_3_0_ret)" [aes.c:507]   --->   Operation 116 'write' <Predicate = true> <Delay = 0.00>
ST_4 : Operation 117 [1/1] (0.00ns)   --->   "%in_3_1_ret = extractvalue { i8, i8, i8, i8, i8, i8, i8, i8, i8, i8, i8, i8, i8, i8, i8, i8 } %Cipher_ret_i, 13" [aes.c:507]   --->   Operation 117 'extractvalue' 'in_3_1_ret' <Predicate = true> <Delay = 0.00>
ST_4 : Operation 118 [1/1] (0.00ns)   --->   "call void @_ssdm_op_Write.ap_auto.i8P(i8* %in_3_1, i8 %in_3_1_ret)" [aes.c:507]   --->   Operation 118 'write' <Predicate = true> <Delay = 0.00>
ST_4 : Operation 119 [1/1] (0.00ns)   --->   "%in_3_2_ret = extractvalue { i8, i8, i8, i8, i8, i8, i8, i8, i8, i8, i8, i8, i8, i8, i8, i8 } %Cipher_ret_i, 14" [aes.c:507]   --->   Operation 119 'extractvalue' 'in_3_2_ret' <Predicate = true> <Delay = 0.00>
ST_4 : Operation 120 [1/1] (0.00ns)   --->   "call void @_ssdm_op_Write.ap_auto.i8P(i8* %in_3_2, i8 %in_3_2_ret)" [aes.c:507]   --->   Operation 120 'write' <Predicate = true> <Delay = 0.00>
ST_4 : Operation 121 [1/1] (0.00ns)   --->   "%in_3_3_ret = extractvalue { i8, i8, i8, i8, i8, i8, i8, i8, i8, i8, i8, i8, i8, i8, i8, i8 } %Cipher_ret_i, 15" [aes.c:507]   --->   Operation 121 'extractvalue' 'in_3_3_ret' <Predicate = true> <Delay = 0.00>
ST_4 : Operation 122 [1/1] (0.00ns)   --->   "call void @_ssdm_op_Write.ap_auto.i8P(i8* %in_3_3, i8 %in_3_3_ret)" [aes.c:507]   --->   Operation 122 'write' <Predicate = true> <Delay = 0.00>
ST_4 : Operation 123 [1/1] (0.00ns)   --->   "ret void" [aes.c:508]   --->   Operation 123 'ret' <Predicate = true> <Delay = 0.00>


============================================================
+ Verbose Summary: Timing violations
============================================================
Target clock period: 10ns, clock uncertainty: 1.25ns.

 <State 1>: 1.43ns
The critical path consists of the following:
	wire read on port 'key_0' (aes.c:506) [134]  (0 ns)
	'call' operation ('call_ln210', aes.c:210->aes.c:506) to 'KeyExpansion' [150]  (1.43 ns)

 <State 2>: 0ns
The critical path consists of the following:

 <State 3>: 1.84ns
The critical path consists of the following:
	wire read on port 'in_0_0' (aes.c:507) [151]  (0 ns)
	'call' operation ('Cipher_ret_i', aes.c:501->aes.c:507) to 'Cipher' [167]  (1.84 ns)

 <State 4>: 2.08ns
The critical path consists of the following:
	'call' operation ('Cipher_ret_i', aes.c:501->aes.c:507) to 'Cipher' [167]  (2.08 ns)


============================================================
+ Verbose Summary: Binding
============================================================
N/A
* FSMD analyzer results:
  - Output states:
 - Input state : 
  - Chain level:
	State 1
	State 2
	State 3
	State 4


============================================================
+ Verbose Summary: Datapath Resource usage 
============================================================
N/A
