INFO-FLOW: Workspace /home/sujoy/Documents/VLSI_project/project21/VLSI_Project/solution1 opened at Wed May 13 20:18:28 IST 2020
Execute     config_clock -quiet -name default -period 10 -default=false 
INFO: [SYN 201-201] Setting up clock 'default' with a period of 10ns.
Execute     open_platform DefaultPlatform 
Execute     import_lib /tools/Xilinx/Vivado/2019.2/common/technology/xilinx/virtex7/virtex7 
Execute       source /tools/Xilinx/Vivado/2019.2/common/technology/xilinx/common/xilinx.lib 
Execute         source /tools/Xilinx/Vivado/2019.2/common/technology/xilinx/interface/xilinx_interface.lib 
Execute           source /tools/Xilinx/Vivado/2019.2/common/technology/xilinx/interface/plb46.lib 
Execute           source /tools/Xilinx/Vivado/2019.2/common/technology/xilinx/interface/fsl.lib 
Execute           source /tools/Xilinx/Vivado/2019.2/common/technology/xilinx/interface/axi4.lib 
Execute           source /tools/Xilinx/Vivado/2019.2/common/technology/xilinx/interface/maxi.lib 
Execute           source /tools/Xilinx/Vivado/2019.2/common/technology/xilinx/interface/saxilite.lib 
Execute         source /tools/Xilinx/Vivado/2019.2/common/technology/xilinx/common/dsp48.lib 
Execute         source /tools/Xilinx/Vivado/2019.2/common/technology/xilinx/ip/xfir.lib 
Execute         source /tools/Xilinx/Vivado/2019.2/common/technology/xilinx/ip/dds_compiler.lib 
Execute         source /tools/Xilinx/Vivado/2019.2/common/technology/xilinx/ip/xfft.lib 
Execute       source /tools/Xilinx/Vivado/2019.2/common/technology/xilinx/common/xilinx.hlp 
Execute         source /tools/Xilinx/Vivado/2019.2/common/technology/xilinx/common/target_info.tcl 
Execute         source /tools/Xilinx/Vivado/2019.2/common/technology/xilinx/interface/xilinx_interface.hlp 
Execute           source /tools/Xilinx/Vivado/2019.2/common/technology/xilinx/interface/maxi.hlp 
Execute           source /tools/Xilinx/Vivado/2019.2/common/technology/xilinx/interface/saxilite.hlp 
Execute         source /tools/Xilinx/Vivado/2019.2/common/technology/xilinx/common/dsp48.hlp 
Execute       source /tools/Xilinx/Vivado/2019.2/common/technology/xilinx/virtex7/dsp48e1.hlp 
Execute       source /tools/Xilinx/Vivado/2019.2/common/technology/xilinx/common/xilinx.hlp 
Execute         source /tools/Xilinx/Vivado/2019.2/common/technology/xilinx/common/target_info.tcl 
Execute         source /tools/Xilinx/Vivado/2019.2/common/technology/xilinx/interface/xilinx_interface.hlp 
Execute           source /tools/Xilinx/Vivado/2019.2/common/technology/xilinx/interface/maxi.hlp 
Execute           source /tools/Xilinx/Vivado/2019.2/common/technology/xilinx/interface/saxilite.hlp 
Execute         source /tools/Xilinx/Vivado/2019.2/common/technology/xilinx/common/dsp48.hlp 
Execute     source /tools/Xilinx/Vivado/2019.2/common/technology/xilinx/virtex7/virtex7.gen 
Execute       source /tools/Xilinx/Vivado/2019.2/common/technology/xilinx/common/xilinx.gen 
Execute         source /tools/Xilinx/Vivado/2019.2/common/technology/xilinx/interface/plb46.gen 
Execute         source /tools/Xilinx/Vivado/2019.2/common/technology/xilinx/interface/fsl.gen 
Execute         source /tools/Xilinx/Vivado/2019.2/common/technology/xilinx/interface/axi4.gen 
Execute         source /tools/Xilinx/Vivado/2019.2/common/technology/xilinx/interface/nativeAXI4.gen 
Execute           source /tools/Xilinx/Vivado/2019.2/common/technology/xilinx/interface/saxilite.gen 
Execute           source /tools/Xilinx/Vivado/2019.2/common/technology/xilinx/interface/maxi.gen 
Execute         source /tools/Xilinx/Vivado/2019.2/common/technology/xilinx/scripts/xilinxcoregen.gen 
Execute         source /tools/Xilinx/Vivado/2019.2/common/technology/xilinx/interface/XilEDKCoreGen.gen 
Execute         source /tools/Xilinx/Vivado/2019.2/common/technology/xilinx/ip/dds_compiler.gen 
Execute         source /tools/Xilinx/Vivado/2019.2/common/technology/xilinx/ip/util.gen 
Execute         source /tools/Xilinx/Vivado/2019.2/common/technology/xilinx/ip/xfft.gen 
Command         ap_source done; 0.2 sec.
Execute         source /tools/Xilinx/Vivado/2019.2/common/technology/xilinx/ip/xfir.gen 
Execute         source /tools/Xilinx/Vivado/2019.2/common/technology/xilinx/common/dsp48.gen 
Command       ap_source done; 0.26 sec.
Command     ap_source done; 0.26 sec.
Execute     open_platform DefaultPlatform 
Execute     import_lib /tools/Xilinx/Vivado/2019.2/common/technology/xilinx/virtex7/virtex7_fpv6 
Execute       source /tools/Xilinx/Vivado/2019.2/common/technology/xilinx/common/xilinx_fp.lib 
Execute       source /tools/Xilinx/Vivado/2019.2/common/technology/xilinx/common/xilinx_fp.hlp 
Execute         source /tools/Xilinx/Vivado/2019.2/common/technology/xilinx/common/xilinx.hlp 
Execute           source /tools/Xilinx/Vivado/2019.2/common/technology/xilinx/common/target_info.tcl 
Execute           source /tools/Xilinx/Vivado/2019.2/common/technology/xilinx/interface/xilinx_interface.hlp 
Execute             source /tools/Xilinx/Vivado/2019.2/common/technology/xilinx/interface/maxi.hlp 
Execute             source /tools/Xilinx/Vivado/2019.2/common/technology/xilinx/interface/saxilite.hlp 
Execute           source /tools/Xilinx/Vivado/2019.2/common/technology/xilinx/common/dsp48.hlp 
Execute     source /tools/Xilinx/Vivado/2019.2/common/technology/xilinx/virtex7/virtex7_fpv6.gen 
Execute       source /tools/Xilinx/Vivado/2019.2/common/technology/xilinx/common/xilinx_fp.gen 
Execute     set_part xc7vx485t-ffg1157-1 
Execute       ap_part_info -name xc7vx485t-ffg1157-1 -data single -quiet 
Command       ap_part_info done; 3.08 sec.
Execute       ap_part_info -name xc7vx485t-ffg1157-1 -data info 
Execute       add_library xilinx/virtex7/virtex7:xc7vx485t:-ffg1157:-1 
Execute         get_default_platform 
Execute         ap_part_info -data single -name xc7vx485t-ffg1157-1 
Execute         ap_part_info -name xc7vx485t-ffg1157-1 -data resources 
Execute         ap_part_info -name xc7vx485t-ffg1157-1 -data info 
Execute         ap_part_info -name xc7vx485t-ffg1157-1 -data info 
Execute         config_chip_info -quiet -resource {SLICE 75900} {LUT 303600} {FF 607200} {DSP48E 2800} {BRAM 2060} {URAM 0} 
Execute         ap_part_info -name xc7vx485t-ffg1157-1 -data info 
Execute         config_chip_info -quiet -speed slow 
Command       add_library done; 0.12 sec.
Execute       add_library xilinx/virtex7/virtex7_fpv6 
Execute         get_default_platform 
INFO: [HLS 200-10] Setting target device to 'xc7vx485t-ffg1157-1'
Execute       ap_part_info -name xc7vx485t-ffg1157-1 -data info 
Execute       get_default_platform 
Command     set_part done; 3.45 sec.
Execute     ap_part_info -data single -name xc7vx485t-ffg1157-1 
Execute     ap_part_info -name xc7vx485t-ffg1157-1 -data resources 
Execute     ap_part_info -name xc7vx485t-ffg1157-1 -data info 
Execute     ap_part_info -name xc7vx485t-ffg1157-1 -data info 
Execute     config_chip_info -quiet -resource {SLICE 75900} {LUT 303600} {FF 607200} {DSP48E 2800} {BRAM 2060} {URAM 0} 
Execute     ap_part_info -name xc7vx485t-ffg1157-1 -data info 
Execute     config_chip_info -quiet -speed slow 
Execute     config_interface -clock_enable=0 
Execute     config_interface -expose_global=1 
Execute     config_interface -m_axi_addr64=0 
Execute     config_interface -m_axi_offset=off 
Execute     config_interface -register_io=off 
Execute     config_interface -trim_dangling_port=0 
Command   open_solution done; 3.91 sec.
Execute   set_part xc7vx485t-ffg1157-1 
Execute     ap_part_info -name xc7vx485t-ffg1157-1 -data single -quiet 
Execute     ap_part_info -name xc7vx485t-ffg1157-1 -data info 
Execute     add_library xilinx/virtex7/virtex7:xc7vx485t:-ffg1157:-1 
Execute       get_default_platform 
Execute       ap_part_info -data single -name xc7vx485t-ffg1157-1 
Execute       ap_part_info -name xc7vx485t-ffg1157-1 -data resources 
Execute       ap_part_info -name xc7vx485t-ffg1157-1 -data info 
Execute       ap_part_info -name xc7vx485t-ffg1157-1 -data info 
Execute       config_chip_info -quiet -resource {SLICE 75900} {LUT 303600} {FF 607200} {DSP48E 2800} {BRAM 2060} {URAM 0} 
Execute       ap_part_info -name xc7vx485t-ffg1157-1 -data info 
Execute       config_chip_info -quiet -speed slow 
Command     add_library done; 0.12 sec.
Execute     add_library xilinx/virtex7/virtex7_fpv6 
Execute       get_default_platform 
Execute     ap_part_info -name xc7vx485t-ffg1157-1 -data info 
Execute     get_default_platform 
Command   set_part done; 0.36 sec.
Execute   create_clock -period 10 -name default 
Execute   config_interface -clock_enable=0 -expose_global -m_axi_addr64=0 -m_axi_offset off -register_io off -trim_dangling_port=0 
Execute   csynth_design 
Execute     get_config_compile -dump_cfg 
Execute     get_config_compile -effort 
Execute     get_config_compile -enable_clang39 
Execute     get_config_compile -g 
Execute     get_config_compile -ng 
Execute     get_config_compile -opt_fp 
Execute     get_config_compile -skip_cdt 
Execute     get_config_compile -skip_syncheck 
Execute     get_config_compile -skip_transform 
Execute     get_config_compile -keep_printf 
Execute     elaborate -effort=medium -skip_syncheck=0 -keep_printf=0 -skip_cdt=0 -skip_transform=0 -ng=0 -g=0 -opt_fp=0 -from_csynth_design=1 
Execute       get_config_schedule -relax_ii_for_timing 
INFO: [SCHED 204-61] Option 'relax_ii_for_timing' is enabled, will increase II to preserve clock frequency constraints.
Execute       get_config_schedule -suppress_dependence_error_break 
INFO: [HLS 200-10] Analyzing design file 'aes.c' ... 
INFO-FLOW: Compiling one TU...
Execute       is_m_axi_addr64 
INFO-FLOW: Handling aes.c as C
Execute       ap_part_info -name xc7vx485t-ffg1157-1 -data info 
Execute       is_encrypted aes.c 
INFO-FLOW: Running: GCC PP
INFO-FLOW: Source preprocessing
Execute       clang  -fno-limit-debug-info -gcc-toolchain "/tools/Xilinx/Vivado/2019.2/lnx64/tools/gcc" -hls  -fno-exceptions  -D__llvm__  -E "aes.c"     -fno-math-errno -c -emit-llvm -O0  -mllvm -disable-llvm-optzns -std=gnu89   -DAESL_SYN -D__SYNTHESIS__ -D__HLS_SYN__ -I "/tools/Xilinx/Vivado/2019.2/common/technology/autopilot" -I "/tools/Xilinx/Vivado/2019.2/common/technology/autopilot/ap_sysc" -include etc/autopilot_ssdm_op.h -D__DSP48E1__  -o "/home/sujoy/Documents/VLSI_project/project21/VLSI_Project/solution1/.autopilot/db/aes.pp.0.c" 
INFO-FLOW: exec /tools/Xilinx/Vivado/2019.2/lnx64/tools/clang/bin/clang -fno-limit-debug-info -gcc-toolchain /tools/Xilinx/Vivado/2019.2/lnx64/tools/gcc -hls -fno-exceptions -D__llvm__ -E aes.c -fno-math-errno -c -emit-llvm -O0 -mllvm -disable-llvm-optzns -std=gnu89 -DAESL_SYN -D__SYNTHESIS__ -D__HLS_SYN__ -I /tools/Xilinx/Vivado/2019.2/common/technology/autopilot -I /tools/Xilinx/Vivado/2019.2/common/technology/autopilot/ap_sysc -include etc/autopilot_ssdm_op.h -D__DSP48E1__ -o /home/sujoy/Documents/VLSI_project/project21/VLSI_Project/solution1/.autopilot/db/aes.pp.0.c
Command       clang done; 3.88 sec.
Execute       tidy_31 xilinx-xfmat-array-geometry /home/sujoy/Documents/VLSI_project/project21/VLSI_Project/solution1/.autopilot/db/aes.pp.0.c std=gnu89 
INFO-FLOW: exec /tools/Xilinx/Vivado/2019.2/lnx64/tools/clang-3.9-csynth/bin/tidy-3.1 -header-filter=.* -checks=-*,xilinx-xfmat-array-geometry -quiet -fix /home/sujoy/Documents/VLSI_project/project21/VLSI_Project/solution1/.autopilot/db/aes.pp.0.c -- -std=gnu89 -fhls -ferror-limit=0
INFO-FLOW: Syntax Checking before pre-processing...
Execute       clang -syntaxcheck -src /home/sujoy/Documents/VLSI_project/project21/VLSI_Project/solution1/.autopilot/db/aes.pp.0.c  -fno-limit-debug-info -gcc-toolchain "/tools/Xilinx/Vivado/2019.2/lnx64/tools/gcc" -hls    -fno-math-errno -c -emit-llvm -O0  -mllvm -disable-llvm-optzns -std=gnu89   -DAESL_SYN -D__SYNTHESIS__ -D__HLS_SYN__ -I "/tools/Xilinx/Vivado/2019.2/common/technology/autopilot" -I "/tools/Xilinx/Vivado/2019.2/common/technology/autopilot/ap_sysc" -include etc/autopilot_ssdm_op.h -D__DSP48E1__  "/home/sujoy/Documents/VLSI_project/project21/VLSI_Project/solution1/.autopilot/db/aes.pp.0.c"  -o "/home/sujoy/Documents/VLSI_project/project21/VLSI_Project/solution1/.autopilot/db/useless.bc"  
INFO-FLOW: exec /tools/Xilinx/Vivado/2019.2/lnx64/tools/clang/bin/clang -fno-limit-debug-info -gcc-toolchain /tools/Xilinx/Vivado/2019.2/lnx64/tools/gcc -hls -fno-math-errno -c -emit-llvm -O0 -mllvm -disable-llvm-optzns -std=gnu89 -DAESL_SYN -D__SYNTHESIS__ -D__HLS_SYN__ -I /tools/Xilinx/Vivado/2019.2/common/technology/autopilot -I /tools/Xilinx/Vivado/2019.2/common/technology/autopilot/ap_sysc -include etc/autopilot_ssdm_op.h -D__DSP48E1__ /home/sujoy/Documents/VLSI_project/project21/VLSI_Project/solution1/.autopilot/db/aes.pp.0.c -o /home/sujoy/Documents/VLSI_project/project21/VLSI_Project/solution1/.autopilot/db/useless.bc
Command       clang done; 3.9 sec.
INFO-FLOW: Done: GCC PP time: 7.8 seconds per iteration
Execute       source /tools/Xilinx/Vivado/2019.2/tps/tcl/tcllib1.11.1/yaml/huddle.tcl 
Execute       source /tools/Xilinx/Vivado/2019.2/tps/tcl/tcllib1.11.1/yaml/json2huddle.tcl 
Execute         source /tools/Xilinx/Vivado/2019.2/tps/tcl/tcllib1.11.1/try/try.tcl 
Execute       list_core -type functional_unit 
Execute       tidy_31 xilinx-systemc-detector /home/sujoy/Documents/VLSI_project/project21/VLSI_Project/solution1/.autopilot/db/aes.pp.0.c std=gnu89 -directive=/home/sujoy/Documents/VLSI_project/project21/VLSI_Project/solution1/.autopilot/db/.systemc_flag 
INFO-FLOW: exec /tools/Xilinx/Vivado/2019.2/lnx64/tools/clang-3.9-csynth/bin/tidy-3.1 -header-filter=.* -checks=-*,xilinx-systemc-detector -import-directive=/home/sujoy/Documents/VLSI_project/project21/VLSI_Project/solution1/.autopilot/db/.systemc_flag -quiet -fix-errors /home/sujoy/Documents/VLSI_project/project21/VLSI_Project/solution1/.autopilot/db/aes.pp.0.c -- -std=gnu89 -fhls -ferror-limit=0
INFO-FLOW: Running: tidy-3.1 CDT preprocess
Execute       tidy_31 xilinx-directive2pragma /home/sujoy/Documents/VLSI_project/project21/VLSI_Project/solution1/.autopilot/db/aes.pp.0.c std=gnu89 -directive=/home/sujoy/Documents/VLSI_project/project21/VLSI_Project/solution1/.autopilot/db/all.directive.json 
INFO-FLOW: exec /tools/Xilinx/Vivado/2019.2/lnx64/tools/clang-3.9-csynth/bin/tidy-3.1 -header-filter=.* -checks=-*,xilinx-directive2pragma -import-directive=/home/sujoy/Documents/VLSI_project/project21/VLSI_Project/solution1/.autopilot/db/all.directive.json -quiet -fix-errors /home/sujoy/Documents/VLSI_project/project21/VLSI_Project/solution1/.autopilot/db/aes.pp.0.c -- -std=gnu89 -fhls -ferror-limit=0
Execute       get_config_dataflow -strict_mode 
Execute       ap_eval exec -ignorestderr /tools/Xilinx/Vivado/2019.2/lnx64/tools/clang-3.9-csynth/bin/xilinx-dataflow-lawyer -export-fixes=/home/sujoy/Documents/VLSI_project/project21/VLSI_Project/solution1/.autopilot/db/xilinx-dataflow-lawyer.aes.pp.0.c.diag.yml /home/sujoy/Documents/VLSI_project/project21/VLSI_Project/solution1/.autopilot/db/aes.pp.0.c -- -std=gnu99 -fhls -ferror-limit=0 -fstrict-dataflow > /home/sujoy/Documents/VLSI_project/project21/VLSI_Project/solution1/.autopilot/db/xilinx-dataflow-lawyer.aes.pp.0.c.out.log 2> /home/sujoy/Documents/VLSI_project/project21/VLSI_Project/solution1/.autopilot/db/xilinx-dataflow-lawyer.aes.pp.0.c.err.log 
Execute       tidy_31 -errorcheck xilinx-constantarray-param,xilinx-resource-pragma-transformer,xilinx-xfmat-array-geometry /home/sujoy/Documents/VLSI_project/project21/VLSI_Project/solution1/.autopilot/db/aes.pp.0.c std=gnu89 
Execute         ap_eval exec -ignorestderr /tools/Xilinx/Vivado/2019.2/lnx64/tools/clang-3.9-csynth/bin/tidy-3.1 -export-fixes=/home/sujoy/Documents/VLSI_project/project21/VLSI_Project/solution1/.autopilot/db/tidy-3.1.aes.pp.0.c.diag.yml -header-filter=.* -checks=-*,xilinx-constantarray-param,xilinx-resource-pragma-transformer,xilinx-xfmat-array-geometry -quiet -fix-errors /home/sujoy/Documents/VLSI_project/project21/VLSI_Project/solution1/.autopilot/db/aes.pp.0.c -- -std=gnu89 -fhls -ferror-limit=0 > /home/sujoy/Documents/VLSI_project/project21/VLSI_Project/solution1/.autopilot/db/tidy-3.1.aes.pp.0.c.out.log 2> /home/sujoy/Documents/VLSI_project/project21/VLSI_Project/solution1/.autopilot/db/tidy-3.1.aes.pp.0.c.err.log 
Execute         source /tools/Xilinx/Vivado/2019.2/tps/tcl/tcllib1.11.1/yaml/yaml.tcl 
Execute           source /tools/Xilinx/Vivado/2019.2/tps/tcl/tcllib1.11.1/cmdline/cmdline.tcl 
Execute         ap_eval exec -ignorestderr /tools/Xilinx/Vivado/2019.2/lnx64/tools/clang-3.9-csynth/bin/xilinx-legacy-rewriter /home/sujoy/Documents/VLSI_project/project21/VLSI_Project/solution1/.autopilot/db/aes.pp.0.c -- -std=gnu89 -fhls -ferror-limit=0 > /home/sujoy/Documents/VLSI_project/project21/VLSI_Project/solution1/.autopilot/db/xilinx-legacy-rewriter.aes.pp.0.c.out.log 2> /home/sujoy/Documents/VLSI_project/project21/VLSI_Project/solution1/.autopilot/db/xilinx-legacy-rewriter.aes.pp.0.c.err.log 
Command       tidy_31 done; 0.18 sec.
INFO-FLOW: Done: tidy-3.1 CDT preprocess time: 0.3 seconds per iteration
INFO-FLOW: Pragma Handling...
Execute       tidy_31 xilinx-ssdm-intrinsics-arguments /home/sujoy/Documents/VLSI_project/project21/VLSI_Project/solution1/.autopilot/db/aes.pragma.1.c std=gnu89 
INFO-FLOW: exec /tools/Xilinx/Vivado/2019.2/lnx64/tools/clang-3.9-csynth/bin/tidy-3.1 -header-filter=.* -checks=-*,xilinx-ssdm-intrinsics-arguments -quiet -fix-errors /home/sujoy/Documents/VLSI_project/project21/VLSI_Project/solution1/.autopilot/db/aes.pragma.1.c -- -std=gnu89 -fhls -ferror-limit=0
Execute       ap_part_info -name xc7vx485t-ffg1157-1 -data info 
INFO-FLOW: Processing labels
Execute       clang -src /home/sujoy/Documents/VLSI_project/project21/VLSI_Project/solution1/.autopilot/db/aes.pragma.2.c  -fno-limit-debug-info -gcc-toolchain /tools/Xilinx/Vivado/2019.2/lnx64/tools/gcc -hls -hls-analyze-label -hls-analyze-pragma -fno-exceptions  -D__llvm__  -w  "/home/sujoy/Documents/VLSI_project/project21/VLSI_Project/solution1/.autopilot/db/aes.pragma.2.c"    -fno-math-errno -c -emit-llvm -O0  -mllvm -disable-llvm-optzns -std=gnu89  -DAESL_SYN -D__SYNTHESIS__ -D__HLS_SYN__ -I "/tools/Xilinx/Vivado/2019.2/common/technology/autopilot" -I "/tools/Xilinx/Vivado/2019.2/common/technology/autopilot/ap_sysc" -include etc/autopilot_ssdm_op.h -D__DSP48E1__ -g -o "/home/sujoy/Documents/VLSI_project/project21/VLSI_Project/solution1/.autopilot/db/aes.bc" 
INFO-FLOW: exec /tools/Xilinx/Vivado/2019.2/lnx64/tools/clang/bin/clang -fno-limit-debug-info -gcc-toolchain /tools/Xilinx/Vivado/2019.2/lnx64/tools/gcc -hls -hls-analyze-label -hls-analyze-pragma -fno-exceptions -D__llvm__ -w /home/sujoy/Documents/VLSI_project/project21/VLSI_Project/solution1/.autopilot/db/aes.pragma.2.c -fno-math-errno -c -emit-llvm -O0 -mllvm -disable-llvm-optzns -std=gnu89 -DAESL_SYN -D__SYNTHESIS__ -D__HLS_SYN__ -I /tools/Xilinx/Vivado/2019.2/common/technology/autopilot -I /tools/Xilinx/Vivado/2019.2/common/technology/autopilot/ap_sysc -include etc/autopilot_ssdm_op.h -D__DSP48E1__ -g -o /home/sujoy/Documents/VLSI_project/project21/VLSI_Project/solution1/.autopilot/db/aes.bc
Command       clang done; 3.88 sec.
INFO-FLOW: Linking Debug ...
Execute       llvm-ld /home/sujoy/Documents/VLSI_project/project21/VLSI_Project/solution1/.autopilot/db/aes.g.bc -hls-opt -except-internalize Cipher -L/tools/Xilinx/Vivado/2019.2/lnx64/lib -lhlsm -lhlsmc++ -o /home/sujoy/Documents/VLSI_project/project21/VLSI_Project/solution1/.autopilot/db/a.g 
Command       llvm-ld done; 1.94 sec.
INFO: [HLS 200-111] Finished Linking Time (s): cpu = 00:00:18 ; elapsed = 00:00:19 . Memory (MB): peak = 965.719 ; gain = 526.004 ; free physical = 6256 ; free virtual = 18094
INFO: [HLS 200-111] Finished Checking Pragmas Time (s): cpu = 00:00:18 ; elapsed = 00:00:19 . Memory (MB): peak = 965.719 ; gain = 526.004 ; free physical = 6256 ; free virtual = 18094
Execute       get_config_sdx -target 
Execute       opt_and_import_c a -opt_level=2 -skip_syncheck=0 -ng=0 -keep_printf=0 
Execute         cleanup_all_models 
INFO: [HLS 200-10] Starting code transformations ...
Execute         transform -promote-dbg-pointer /home/sujoy/Documents/VLSI_project/project21/VLSI_Project/solution1/.autopilot/db/a.pp.bc -o /home/sujoy/Documents/VLSI_project/project21/VLSI_Project/solution1/.autopilot/db/a.pp.0.bc -f 
Execute         llvm-ld /home/sujoy/Documents/VLSI_project/project21/VLSI_Project/solution1/.autopilot/db/a.pp.0.bc -disable-opt -L/tools/Xilinx/Vivado/2019.2/lnx64/lib -lfloatconversion -o /home/sujoy/Documents/VLSI_project/project21/VLSI_Project/solution1/.autopilot/db/a.g.0 
Command         llvm-ld done; 1.95 sec.
INFO-FLOW: Running Standard Transforms...
Execute         transform -hls -share-std-xform -demangle-name -inline-byval-memcpy -always-inline -promote-dbg-pointer -interface-preproc -mem2reg -scalarrepl -mem2reg -keep-read-access -instcombine -dce -promote-dbg-pointer -bitop-raise -loop-simplify -indvarspre -indvars -loop-simplify -xunroll -constprop -instcombine -simplifycfg -indvars -simplifycfg -dce -globaldce -basicaa -simplifycfg -mem2reg -globalopt -global-constprop -deadargelim -instcombine -simplifycfg -prune-eh -simplifycfg -scalarrepl -instcombine -reassociate -licm -simplifycfg -loop-simplify -indvars -instcombine -simplifycfg -mem2reg -loop-simplify -indvars -instcombine -gvn -gvn -instcombine -adce -break-crit-edges -simplifycfg -loop-delete -global-array-opt -dce -dse -adce -find-syn-modules -top Cipher -deadargelim -mem2reg -instcombine -dce -presyn-prepare -auto-rom-infer -interface-preproc -syn-check -check-rec-only -find-region -simplifycfg -func-extr -function-inline -globaldce -mem2reg -instcombine -dce -gvn -globaldce -adce -adse -constprop -instcombine -bit-constprop -instcombine -dce -simplifycfg -bitop-raise -simplifycfg -dce -loop-delete -reassociate -globalopt -global-privatize -mem2reg -dce -global-constprop -pointer-simplify -constprop -dce -func-inst -deadargelim -auto-shift-reg-idiom -promote-dbg-pointer -norm-name /home/sujoy/Documents/VLSI_project/project21/VLSI_Project/solution1/.autopilot/db/a.g.0.bc -o /home/sujoy/Documents/VLSI_project/project21/VLSI_Project/solution1/.autopilot/db/a.g.1.bc -f -phase std-opt 
INFO: [XFORM 203-603] Inlining function 'AddRoundKey' into 'Cipher' (aes.c:449).
INFO: [XFORM 203-603] Inlining function 'AddRoundKey' into 'Cipher' (aes.c:442).
INFO: [XFORM 203-603] Inlining function 'AddRoundKey' into 'Cipher' (aes.c:431).
INFO: [XFORM 203-603] Inlining function 'SubBytes' into 'Cipher' (aes.c:447).
INFO: [XFORM 203-603] Inlining function 'SubBytes' into 'Cipher' (aes.c:439).
INFO: [XFORM 203-603] Inlining function 'ShiftRows' into 'Cipher' (aes.c:448).
INFO: [XFORM 203-603] Inlining function 'ShiftRows' into 'Cipher' (aes.c:440).
INFO: [HLS 200-111] Finished Standard Transforms Time (s): cpu = 00:00:20 ; elapsed = 00:00:21 . Memory (MB): peak = 965.719 ; gain = 526.004 ; free physical = 6250 ; free virtual = 18091
INFO: [HLS 200-10] Checking synthesizability ...
INFO-FLOW: Checking Synthesizability 1/2..
Execute         transform -hls -syn-check -check-rec-only -disaggr -scalarrepl -norm-name -dce -mem2reg -instcombine -function-uniquify -directive-preproc -mem2reg -dse -dce -auto-rom-infer -dce -pag -array-normalize -instcombine -dce -warn-fifo-pointer -array-seg-normalize -instcombine -dce -array-flatten -instcombine -dce -array-burst -dce -deadargelim -promote-global-argument -simplifycfg -mem2reg -globaldce -dce -deadargelim -dce -instcombine -function-inline -globaldce -dce -doublePtrSimplify -doublePtrElim -dce -doublePtrSimplify -promote-dbg-pointer -dce -scalarrepl -dse -adse -instcombine -ptrLegalization -simplifycfg -dce -instcombine -pointer-simplify -ptrArgReplace -dce -instcombine -resolve-double-ptr -disaggr -scalarrepl -norm-name -dce -mem2reg -instcombine -ptrLegalization -simplifycfg -deadargelim -instcombine -dce -inst-simplify -function-uniquify -directive-preproc -mem2reg -dse -dce -globaldce -check-dspbuiltin /home/sujoy/Documents/VLSI_project/project21/VLSI_Project/solution1/.autopilot/db/a.g.1.bc -o /home/sujoy/Documents/VLSI_project/project21/VLSI_Project/solution1/.autopilot/db/a.g.2.prechk.bc -f 
INFO: [XFORM 203-602] Inlining function 'xtime' into 'MixColumns' (aes.c:329) automatically.
Command         transform done; 0.12 sec.
INFO-FLOW: Checking Synthesizability 2/2..
Execute         transform -syn-check /home/sujoy/Documents/VLSI_project/project21/VLSI_Project/solution1/.autopilot/db/a.g.2.prechk.bc -o /home/sujoy/Documents/VLSI_project/project21/VLSI_Project/solution1/.autopilot/db/a.g.2.bc -f -phase syn-check 
INFO: [HLS 200-111] Finished Checking Synthesizability Time (s): cpu = 00:00:20 ; elapsed = 00:00:21 . Memory (MB): peak = 965.719 ; gain = 526.004 ; free physical = 6250 ; free virtual = 18090
INFO-FLOW: Compiler optimizing ...
INFO-FLOW: Share syncheck's 1.bc for syn flow: copy /home/sujoy/Documents/VLSI_project/project21/VLSI_Project/solution1/.autopilot/db/a.g.1.bc to /home/sujoy/Documents/VLSI_project/project21/VLSI_Project/solution1/.autopilot/db/a.o.1.bc
INFO-FLOW: Presyn 1...
Execute         transform -hls -tmp /home/sujoy/Documents/VLSI_project/project21/VLSI_Project/solution1/.autopilot/db -interface-port-rename -type-info -function-uniquify -directive-preproc -mem2reg -dse -dce -disaggr -scalarrepl -norm-name -deadargelim -mem2reg -instcombine -dce -simplifycfg -auto-rom-infer -dce -function-uniquify -resource-proc -clib-intrinsic-prepare -dce -func-buffer -dce -pag -array-normalize -func-legal -instcombine -gvn -constprop -dce -simplifycfg -mem2reg -globaldce -resolve-double-ptr -dce -deadargelim -dce -instcombine -ptrArgReplace -mem2reg -dce -array-seg-normalize -deadargelim -instcombine -dce -pointer-simplify -dce -port-alignment -dce -interface-preproc -data-pack -instcombine -dce -basicaa -aggr-aa -aggrmodref-aa -aggr-aa -gvn -gvn -basicaa -aggr-aa -aggrmodref-aa -aggr-aa -dse -adse -adce -loop-simplify -indvars -instcombine -gvn -loop-simplify -mem2reg -dce -find-region -instcombine -auto-loop-pipeline -inst-simplify -interface-preproc -cfgopt -instcombine -indvars -auto-loop-unroll -loop-simplify -loop-bound -xunroll -constprop -instcombine -simplifycfg -indvars -simplifycfg -dce -globaldce -clean-region -attach-range -gvn -inst-simplify -constprop -simplifycfg -dce -pointer-simplify -dce -globalopt -constprop -dce -array-promote -constprop -dce -ptrArgReplace -mem2reg -simplifycfg -dce -auto-par -instcombine -dce -array-transform-check -array-reshape -instcombine -simplifycfg -dce -ptrArgReplace -deadargelim -mem2reg -instcombine -simplifycfg -dce -indvars -loop-simplify -loop-bound -xunroll -constprop -instcombine -simplifycfg -indvars -simplifycfg -dce -globaldce -basicaa -aggr-aa -aggrmodref-aa -aggr-aa -dse -duplicate-dataflow-processes -globaldce -instcombine -array-partition -instcombine -simplifycfg -dce -ptrArgReplace -global-constprop -deadargelim -mem2reg -func-legal -dce -global-constprop -deadargelim -mem2reg -simplifycfg -dce -merge-param -deadargelim -globalopt -constprop -dce -array-promote -constprop -dce -ptrArgReplace -mem2reg -simplifycfg -dce -mem-intrinsic-preproc -dce -global-internalize -global-privatize -mem2reg -globaldce -promote-global-argument -ptrArgReplace -mem2reg -dce -globalopt -mergereturn -simplify-global-access -mem2reg -dce -pointer-simplify -dce -functionattrs -basicaa -aggr-aa -aggrmodref-aa -aggr-aa -gvn -gvn -basicaa -aggr-aa -aggrmodref-aa -aggr-aa -dse -adse -adce -dce -norm-name -function-inline -complex-op-raise -inst-simplify -globaldce -func-inst -constprop -instcombine -simplifycfg -dce -func-legal -dce -loop-bound -arraycheck -bitwidthmin -on-by-dataflow -loop-delete -instcombine -simplifycfg -globaldce -dce -gvn -deadargelim -dce -loop-simplify -clean-region -simplifycfg -propagate-stable-arguments -loop-stream -instcombine -simplifycfg -dce -globaldce -duplicate-dataflow-processes -stream-intrinsic-preproc -dce -check-ap-stream -loop-simplify -eliminate-keepreads -extract-dataflow-in-loop -loop-simplify -dce -gvn -deadargelim -dse -check-dataflow-syntax -legalize-stream-variable -legalize-global -extract-subproc -dce -dead-channel-elimination -canonicalize-gep -globaldce -dce -gvn -deadargelim -annotate-dataflow-channels -scalar-propagation -deadargelim -globaldce -mem2reg -check-dataflow-channels -function-stream -dce -globaldce -prop-fifo-spec -internal-stream-gen -canonicalize-gep -globaldce -dce -gvn -deadargelim -mergereturn -indvars -loop-simplify -instcombine -array-stream -array-seg-normalize -array-partition -func-legal -instcombine -simplifycfg -dce -bundle-memfifo-ops -deadargelim -function-uniquify -directive-preproc -mem2reg -dse -dce -group-axi-access -licm -simplifycfg -dce -loop-delete -norm-name /home/sujoy/Documents/VLSI_project/project21/VLSI_Project/solution1/.autopilot/db/a.o.1.bc -o /home/sujoy/Documents/VLSI_project/project21/VLSI_Project/solution1/.autopilot/db/a.o.1.tmp.bc -f 
INFO: [XFORM 203-502] Unrolling all loops for pipelining in function 'MixColumns' (aes.c:313).
INFO: [XFORM 203-502] Unrolling all sub-loops inside loop 'Cipher_label33' (aes.c:437) in function 'Cipher' for pipelining.
INFO: [HLS 200-489] Unrolling loop 'MixColumns_label36' (aes.c:321) in function 'MixColumns' completely with a factor of 4.
INFO: [HLS 200-489] Unrolling loop 'AddRoundKey_label38' (aes.c:247) in function 'Cipher' completely with a factor of 4.
INFO: [HLS 200-489] Unrolling loop 'AddRoundKey_label37' (aes.c:250) in function 'Cipher' completely with a factor of 4.
INFO: [HLS 200-489] Unrolling loop 'SubBytes_label35' (aes.c:265) in function 'Cipher' completely with a factor of 4.
INFO: [HLS 200-489] Unrolling loop 'SubBytes_label34' (aes.c:268) in function 'Cipher' completely with a factor of 4.
INFO: [XFORM 203-101] Partitioning array 'Tm' (aes.c:317) in dimension 1 completely.
INFO: [XFORM 203-101] Partitioning array 'state' (aes.c:426) in dimension 1 completely.
INFO: [XFORM 203-101] Partitioning array 'RoundKey' (aes.c:426) in dimension 1 with a cyclic factor 16.
INFO: [XFORM 203-101] Partitioning array 'state' (aes.c:426) in dimension 2 completely.
INFO: [XFORM 203-602] Inlining function 'xtime' into 'MixColumns' (aes.c:329) automatically.
Command         transform done; 0.7 sec.
INFO-FLOW: Presyn 2...
Execute         transform -hls -keep-callgraph -scalarrepl -mem2reg -port-alignment -attach-range -dce -pipe-mux-gen -indvars -loop-bound -inst-simplify -instcombine -dce -merge-array-access -mem2reg -dce -clean-region -mergereturn -if-conv -instcombine -dce -constprop -basicaa -aggr-aa -aggrmodref-aa -aggr-aa -gvn -gvn -basicaa -aggr-aa -aggrmodref-aa -aggr-aa -dse -adse -adce -scalarrepl -mem2reg -global-constprop -deadargelim -deadargelim -instcombine -dce -simplifycfg -ptrArgReplace -mem2reg -function-inline -globaldce -mem2reg -instcombine -dce -expr-balance -instcombine -dce -bitwidthmin -interface-preproc -directive-preproc -inst-rectify -instcombine -dce -functionattrs -constprop -instcombine -bit-constprop -simplify-global-access -globalopt -globaldce -inst-simplify -instcombine -elimdeaddata -dce -loop-delete -simplifycfg -loop-simplify -auto-burst -norm-name /home/sujoy/Documents/VLSI_project/project21/VLSI_Project/solution1/.autopilot/db/a.o.1.tmp.bc -o /home/sujoy/Documents/VLSI_project/project21/VLSI_Project/solution1/.autopilot/db/a.o.2.bc -f -phase presyn 
INFO: [XFORM 203-11] Balancing expressions in function 'MixColumns' (aes.c:313)...48 expression(s) balanced.
Command         transform done; 0.22 sec.
INFO: [HLS 200-111] Finished Pre-synthesis Time (s): cpu = 00:00:21 ; elapsed = 00:00:22 . Memory (MB): peak = 965.719 ; gain = 526.004 ; free physical = 6219 ; free virtual = 18063
INFO-FLOW: Building ssdm...
Execute         transform -hls -function-uniquify -auto-function-inline -globaldce -ptrArgReplace -mem2reg -dce -reset-lda -loop-simplify -indvars -licm -loop-dep -loop-bound -licm -loop-simplify -flattenloopnest -array-flatten -gvn -instcombine -dce -array-map -dce -func-legal -gvn -adce -instcombine -cfgopt -simplifycfg -loop-simplify -array-burst -promote-global-argument -dce -ptrLegalization -axi4-lower -array-seg-normalize -basicaa -aggrmodref-aa -globalsmodref-aa -aggr-aa -gvn -gvn -basicaa -aggrmodref-aa -globalsmodref-aa -aggr-aa -dse -adse -adce -licm -inst-simplify -dce -globaldce -instcombine -array-stream -eliminate-keepreads -instcombine -dce -deadargelim -doublePtrSimplify -doublePtrElim -dce -doublePtrSimplify -promote-dbg-pointer -dce -scalarrepl -mem2reg -disaggr -norm-name -mem2reg -instcombine -dse -adse -adce -ptrLegalization -dce -auto-rom-infer -array-flatten -dce -instcombine -check-doubleptr -loop-rot -constprop -cfgopt -simplifycfg -loop-simplify -indvars -pointer-simplify -dce -loop-bound -loop-simplify -loop-preproc -constprop -global-constprop -gvn -mem2reg -instcombine -dce -loop-bound -loop-merge -dce -bitwidthmin -deadargelim -dce -canonicalize-dataflow -dce -scalar-propagation -deadargelim -globaldce -mem2reg -read-loop-dep -interface-preproc -directive-preproc -interface-gen -bram-byte-enable -deadargelim -inst-simplify -dce -gvn -mem2reg -instcombine -dce -adse -loop-bound -instcombine -cfgopt -simplifycfg -loop-simplify -clean-region -io-protocol -find-region -mem2reg -bitop-raise -complex-op-raise -inst-simplify -inst-rectify -instcombine -adce -deadargelim -loop-simplify -phi-opt -bitop-raise -cfgopt -simplifycfg -strip-dead-prototypes -interface-lower -bitop-lower -intrinsic-lower -auto-function-inline -basicaa -aggrmodref-aa -globalsmodref-aa -aggr-aa -inst-simplify -simplifycfg -loop-simplify -mergereturn -inst-simplify -inst-rectify -dce -load-elim -bitop-lower -loop-rewind -pointer-simplify -dce -cfgopt -dce -loop-bound -loop-dep -read-loop-dep -dce -check-stream -norm-name -legalize -validate-dataflow -inst-clarity -bitwidth -dump-loop-dep-to-ir -check-all-ssdm -cdfg-build /home/sujoy/Documents/VLSI_project/project21/VLSI_Project/solution1/.autopilot/db/a.o.2.bc -o /home/sujoy/Documents/VLSI_project/project21/VLSI_Project/solution1/.autopilot/db/a.o.3.bc -f -phase build-ssdm 
Command         transform done; 0.71 sec.
INFO: [HLS 200-111] Finished Architecture Synthesis Time (s): cpu = 00:00:21 ; elapsed = 00:00:23 . Memory (MB): peak = 965.719 ; gain = 526.004 ; free physical = 6219 ; free virtual = 18063
INFO-FLOW: Finish building internal data model.
Command       opt_and_import_c done; 3.84 sec.
Command     elaborate done; 18.05 sec.
Execute     autosyn -from_csynth_design=1 
INFO: [HLS 200-10] Starting hardware synthesis ...
INFO-FLOW: Synthesizing C/C++ design ...
INFO: [HLS 200-10] Synthesizing 'Cipher' ...
Execute       ap_set_top_model Cipher 
Execute       get_model_list Cipher -filter all-wo-channel -topdown 
Execute       preproc_iomode -model Cipher 
Execute       preproc_iomode -model MixColumns 
Execute       get_model_list Cipher -filter all-wo-channel 
INFO-FLOW: Model list for configure: MixColumns Cipher
INFO-FLOW: Configuring Module : MixColumns ...
Execute       set_default_model MixColumns 
Execute       apply_spec_resource_limit MixColumns 
INFO-FLOW: Configuring Module : Cipher ...
Execute       set_default_model Cipher 
Execute       apply_spec_resource_limit Cipher 
INFO-FLOW: Model list for preprocess: MixColumns Cipher
INFO-FLOW: Preprocessing Module: MixColumns ...
Execute       set_default_model MixColumns 
Execute       cdfg_preprocess -model MixColumns 
Execute       rtl_gen_preprocess MixColumns 
INFO-FLOW: Preprocessing Module: Cipher ...
Execute       set_default_model Cipher 
Execute       cdfg_preprocess -model Cipher 
Execute       rtl_gen_preprocess Cipher 
INFO-FLOW: Model list for synthesis: MixColumns Cipher
INFO: [HLS 200-10] ----------------------------------------------------------------
INFO: [HLS 200-42] -- Implementing module 'MixColumns' 
INFO: [HLS 200-10] ----------------------------------------------------------------
Execute       set_default_model MixColumns 
Execute       schedule -model MixColumns 
INFO: [SCHED 204-11] Starting scheduling ...
INFO: [SCHED 204-61] Pipelining function 'MixColumns'.
INFO: [SCHED 204-61] Pipelining result : Target II = 1, Final II = 1, Depth = 1.
INFO: [SCHED 204-11] Finished scheduling.
Command       schedule done; 0.11 sec.
INFO: [HLS 200-111]  Elapsed time: 22.94 seconds; current allocated memory: 118.260 MB.
Execute       syn_report -verbosereport -o /home/sujoy/Documents/VLSI_project/project21/VLSI_Project/solution1/.autopilot/db/MixColumns.verbose.sched.rpt 
Execute       db_write -o /home/sujoy/Documents/VLSI_project/project21/VLSI_Project/solution1/.autopilot/db/MixColumns.sched.adb -f 
INFO-FLOW: Finish scheduling MixColumns.
Execute       set_default_model MixColumns 
Execute       bind -model MixColumns 
BIND OPTION: model=MixColumns
INFO: [BIND 205-100] Starting micro-architecture generation ...
INFO: [BIND 205-101] Performing variable lifetime analysis.
INFO: [BIND 205-101] Exploring resource sharing.
INFO: [BIND 205-101] Binding ...
INFO: [BIND 205-100] Finished micro-architecture generation.
INFO: [HLS 200-111]  Elapsed time: 0.17 seconds; current allocated memory: 118.779 MB.
Execute       syn_report -verbosereport -o /home/sujoy/Documents/VLSI_project/project21/VLSI_Project/solution1/.autopilot/db/MixColumns.verbose.bind.rpt 
Command       syn_report done; 0.25 sec.
Execute       db_write -o /home/sujoy/Documents/VLSI_project/project21/VLSI_Project/solution1/.autopilot/db/MixColumns.bind.adb -f 
INFO-FLOW: Finish binding MixColumns.
INFO: [HLS 200-10] ----------------------------------------------------------------
INFO: [HLS 200-42] -- Implementing module 'Cipher' 
INFO: [HLS 200-10] ----------------------------------------------------------------
Execute       set_default_model Cipher 
Execute       schedule -model Cipher 
INFO: [SCHED 204-11] Starting scheduling ...
INFO: [SCHED 204-61] Pipelining loop 'Cipher_label33'.
INFO: [SCHED 204-61] Pipelining result : Target II = 1, Final II = 1, Depth = 2.
INFO: [SCHED 204-11] Finished scheduling.
Command       schedule done; 0.39 sec.
INFO: [HLS 200-111]  Elapsed time: 0.68 seconds; current allocated memory: 119.871 MB.
Execute       syn_report -verbosereport -o /home/sujoy/Documents/VLSI_project/project21/VLSI_Project/solution1/.autopilot/db/Cipher.verbose.sched.rpt 
Command       syn_report done; 0.36 sec.
Execute       db_write -o /home/sujoy/Documents/VLSI_project/project21/VLSI_Project/solution1/.autopilot/db/Cipher.sched.adb -f 
INFO-FLOW: Finish scheduling Cipher.
Execute       set_default_model Cipher 
Execute       bind -model Cipher 
BIND OPTION: model=Cipher
INFO: [BIND 205-100] Starting micro-architecture generation ...
INFO: [BIND 205-101] Performing variable lifetime analysis.
INFO: [BIND 205-101] Exploring resource sharing.
INFO: [BIND 205-101] Binding ...
INFO: [BIND 205-100] Finished micro-architecture generation.
Command       bind done; 0.25 sec.
INFO: [HLS 200-111]  Elapsed time: 0.69 seconds; current allocated memory: 121.192 MB.
Execute       syn_report -verbosereport -o /home/sujoy/Documents/VLSI_project/project21/VLSI_Project/solution1/.autopilot/db/Cipher.verbose.bind.rpt 
Command       syn_report done; 0.73 sec.
Execute       db_write -o /home/sujoy/Documents/VLSI_project/project21/VLSI_Project/solution1/.autopilot/db/Cipher.bind.adb -f 
INFO-FLOW: Finish binding Cipher.
Execute       get_model_list Cipher -filter all-wo-channel 
INFO-FLOW: Preprocessing for RTLGen ...
Execute       rtl_gen_preprocess MixColumns 
Execute       rtl_gen_preprocess Cipher 
INFO-FLOW: Model list for RTL generation: MixColumns Cipher
INFO: [HLS 200-10] ----------------------------------------------------------------
INFO: [HLS 200-10] -- Generating RTL for module 'MixColumns' 
INFO: [HLS 200-10] ----------------------------------------------------------------
Execute       get_config_rtl -module_prefix 
Execute       get_config_rtl -module_auto_prefix 
Execute       create_rtl_model MixColumns -vendor xilinx -mg_file /home/sujoy/Documents/VLSI_project/project21/VLSI_Project/solution1/.autopilot/db/MixColumns.compgen.tcl 
INFO: [RTGEN 206-100] Finished creating RTL model for 'MixColumns'.
INFO: [HLS 200-111]  Elapsed time: 0.89 seconds; current allocated memory: 122.841 MB.
Execute       source /home/sujoy/Documents/VLSI_project/project21/VLSI_Project/solution1/.autopilot/db/Cipher.rtl_wrap.cfg.tcl 
Execute       gen_rtl MixColumns -style xilinx -tracefl mytrace -tracefmt vcd -traceopt all -f -lang sc -o /home/sujoy/Documents/VLSI_project/project21/VLSI_Project/solution1/syn/systemc/MixColumns -synmodules MixColumns Cipher 
Execute       gen_rtl MixColumns -style xilinx -f -lang vhdl -o /home/sujoy/Documents/VLSI_project/project21/VLSI_Project/solution1/syn/vhdl/MixColumns 
Execute       gen_rtl MixColumns -style xilinx -f -lang vlog -o /home/sujoy/Documents/VLSI_project/project21/VLSI_Project/solution1/syn/verilog/MixColumns 
Execute       syn_report -csynth -model MixColumns -o /home/sujoy/Documents/VLSI_project/project21/VLSI_Project/solution1/syn/report/MixColumns_csynth.rpt 
Command       syn_report done; 0.14 sec.
Execute       syn_report -rtlxml -model MixColumns -o /home/sujoy/Documents/VLSI_project/project21/VLSI_Project/solution1/syn/report/MixColumns_csynth.xml 
Execute       syn_report -verbosereport -model MixColumns -o /home/sujoy/Documents/VLSI_project/project21/VLSI_Project/solution1/.autopilot/db/MixColumns.verbose.rpt 
Command       syn_report done; 0.3 sec.
Execute       db_write -model MixColumns -f -o /home/sujoy/Documents/VLSI_project/project21/VLSI_Project/solution1/.autopilot/db/MixColumns.adb 
Command       db_write done; 0.16 sec.
Execute       gen_tb_info MixColumns -p /home/sujoy/Documents/VLSI_project/project21/VLSI_Project/solution1/.autopilot/db -o /home/sujoy/Documents/VLSI_project/project21/VLSI_Project/solution1/.autopilot/db/MixColumns 
INFO: [HLS 200-10] ----------------------------------------------------------------
INFO: [HLS 200-10] -- Generating RTL for module 'Cipher' 
INFO: [HLS 200-10] ----------------------------------------------------------------
Execute       get_config_rtl -module_prefix 
Execute       get_config_rtl -module_auto_prefix 
Execute       create_rtl_model Cipher -vendor xilinx -mg_file /home/sujoy/Documents/VLSI_project/project21/VLSI_Project/solution1/.autopilot/db/Cipher.compgen.tcl 
INFO: [RTGEN 206-500] Setting interface mode on port 'Cipher/state_0_0' to 'ap_ovld'.
INFO: [RTGEN 206-500] Setting interface mode on port 'Cipher/state_0_1' to 'ap_ovld'.
INFO: [RTGEN 206-500] Setting interface mode on port 'Cipher/state_0_2' to 'ap_ovld'.
INFO: [RTGEN 206-500] Setting interface mode on port 'Cipher/state_0_3' to 'ap_ovld'.
INFO: [RTGEN 206-500] Setting interface mode on port 'Cipher/state_1_0' to 'ap_ovld'.
INFO: [RTGEN 206-500] Setting interface mode on port 'Cipher/state_1_1' to 'ap_ovld'.
INFO: [RTGEN 206-500] Setting interface mode on port 'Cipher/state_1_2' to 'ap_ovld'.
INFO: [RTGEN 206-500] Setting interface mode on port 'Cipher/state_1_3' to 'ap_ovld'.
INFO: [RTGEN 206-500] Setting interface mode on port 'Cipher/state_2_0' to 'ap_ovld'.
INFO: [RTGEN 206-500] Setting interface mode on port 'Cipher/state_2_1' to 'ap_ovld'.
INFO: [RTGEN 206-500] Setting interface mode on port 'Cipher/state_2_2' to 'ap_ovld'.
INFO: [RTGEN 206-500] Setting interface mode on port 'Cipher/state_2_3' to 'ap_ovld'.
INFO: [RTGEN 206-500] Setting interface mode on port 'Cipher/state_3_0' to 'ap_ovld'.
INFO: [RTGEN 206-500] Setting interface mode on port 'Cipher/state_3_1' to 'ap_ovld'.
INFO: [RTGEN 206-500] Setting interface mode on port 'Cipher/state_3_2' to 'ap_ovld'.
INFO: [RTGEN 206-500] Setting interface mode on port 'Cipher/state_3_3' to 'ap_ovld'.
INFO: [RTGEN 206-500] Setting interface mode on port 'Cipher/RoundKey_0' to 'ap_memory'.
INFO: [RTGEN 206-500] Setting interface mode on port 'Cipher/RoundKey_1' to 'ap_memory'.
INFO: [RTGEN 206-500] Setting interface mode on port 'Cipher/RoundKey_2' to 'ap_memory'.
INFO: [RTGEN 206-500] Setting interface mode on port 'Cipher/RoundKey_3' to 'ap_memory'.
INFO: [RTGEN 206-500] Setting interface mode on port 'Cipher/RoundKey_4' to 'ap_memory'.
INFO: [RTGEN 206-500] Setting interface mode on port 'Cipher/RoundKey_5' to 'ap_memory'.
INFO: [RTGEN 206-500] Setting interface mode on port 'Cipher/RoundKey_6' to 'ap_memory'.
INFO: [RTGEN 206-500] Setting interface mode on port 'Cipher/RoundKey_7' to 'ap_memory'.
INFO: [RTGEN 206-500] Setting interface mode on port 'Cipher/RoundKey_8' to 'ap_memory'.
INFO: [RTGEN 206-500] Setting interface mode on port 'Cipher/RoundKey_9' to 'ap_memory'.
INFO: [RTGEN 206-500] Setting interface mode on port 'Cipher/RoundKey_10' to 'ap_memory'.
INFO: [RTGEN 206-500] Setting interface mode on port 'Cipher/RoundKey_11' to 'ap_memory'.
INFO: [RTGEN 206-500] Setting interface mode on port 'Cipher/RoundKey_12' to 'ap_memory'.
INFO: [RTGEN 206-500] Setting interface mode on port 'Cipher/RoundKey_13' to 'ap_memory'.
INFO: [RTGEN 206-500] Setting interface mode on port 'Cipher/RoundKey_14' to 'ap_memory'.
INFO: [RTGEN 206-500] Setting interface mode on port 'Cipher/RoundKey_15' to 'ap_memory'.
INFO: [RTGEN 206-500] Setting interface mode on function 'Cipher' to 'ap_ctrl_hs'.
INFO: [RTGEN 206-100] Finished creating RTL model for 'Cipher'.
Command       create_rtl_model done; 0.18 sec.
INFO: [HLS 200-111]  Elapsed time: 0.94 seconds; current allocated memory: 127.199 MB.
Execute       source /home/sujoy/Documents/VLSI_project/project21/VLSI_Project/solution1/.autopilot/db/Cipher.rtl_wrap.cfg.tcl 
Execute       gen_rtl Cipher -istop -style xilinx -tracefl mytrace -tracefmt vcd -traceopt all -f -lang sc -o /home/sujoy/Documents/VLSI_project/project21/VLSI_Project/solution1/syn/systemc/Cipher -synmodules MixColumns Cipher 
Execute       gen_rtl Cipher -istop -style xilinx -f -lang vhdl -o /home/sujoy/Documents/VLSI_project/project21/VLSI_Project/solution1/syn/vhdl/Cipher 
Command       gen_rtl done; 0.17 sec.
Execute       gen_rtl Cipher -istop -style xilinx -f -lang vlog -o /home/sujoy/Documents/VLSI_project/project21/VLSI_Project/solution1/syn/verilog/Cipher 
Execute       syn_report -csynth -model Cipher -o /home/sujoy/Documents/VLSI_project/project21/VLSI_Project/solution1/syn/report/Cipher_csynth.rpt 
Execute       syn_report -rtlxml -model Cipher -o /home/sujoy/Documents/VLSI_project/project21/VLSI_Project/solution1/syn/report/Cipher_csynth.xml 
Execute       syn_report -verbosereport -model Cipher -o /home/sujoy/Documents/VLSI_project/project21/VLSI_Project/solution1/.autopilot/db/Cipher.verbose.rpt 
Command       syn_report done; 0.83 sec.
Execute       db_write -model Cipher -f -o /home/sujoy/Documents/VLSI_project/project21/VLSI_Project/solution1/.autopilot/db/Cipher.adb 
Command       db_write done; 0.26 sec.
Execute       gen_tb_info Cipher -p /home/sujoy/Documents/VLSI_project/project21/VLSI_Project/solution1/.autopilot/db -o /home/sujoy/Documents/VLSI_project/project21/VLSI_Project/solution1/.autopilot/db/Cipher 
Execute       export_constraint_db -f -tool general -o /home/sujoy/Documents/VLSI_project/project21/VLSI_Project/solution1/.autopilot/db/Cipher.constraint.tcl 
Execute       syn_report -designview -model Cipher -o /home/sujoy/Documents/VLSI_project/project21/VLSI_Project/solution1/.autopilot/db/Cipher.design.xml 
Command       syn_report done; 0.27 sec.
Execute       get_config_rtl -disable_wave_debug 
Execute       syn_report -wcfg -model Cipher -o /home/sujoy/Documents/VLSI_project/project21/VLSI_Project/solution1/.autopilot/db/Cipher_dataflow_ana.wcfg 
Execute       syn_report -protoinst -model Cipher -o /home/sujoy/Documents/VLSI_project/project21/VLSI_Project/solution1/.autopilot/db/Cipher.protoinst 
Execute       get_config_debug -directory 
Execute       sc_get_clocks Cipher 
Execute       get_config_export -vivado_clock 
Execute       sc_get_portdomain Cipher 
INFO-FLOW: Model list for RTL component generation: MixColumns Cipher
INFO-FLOW: Handling components in module [MixColumns] ... 
Execute       source /home/sujoy/Documents/VLSI_project/project21/VLSI_Project/solution1/.autopilot/db/MixColumns.compgen.tcl 
INFO-FLOW: Handling components in module [Cipher] ... 
Execute       source /home/sujoy/Documents/VLSI_project/project21/VLSI_Project/solution1/.autopilot/db/Cipher.compgen.tcl 
INFO-FLOW: Found component Cipher_sbox.
INFO-FLOW: Append model Cipher_sbox
INFO-FLOW: Append model MixColumns
INFO-FLOW: Append model Cipher
INFO-FLOW: Generating RTL model list ...
INFO-FLOW: All models in this session: Cipher_sbox MixColumns Cipher
INFO-FLOW: To file: write model Cipher_sbox
INFO-FLOW: To file: write model MixColumns
INFO-FLOW: To file: write model Cipher
INFO-FLOW: Finished generating RTL model list.


INFO-FLOW: RTL Generation done.
INFO-FLOW: CAS Generation done.
INFO-FLOW: CBC Generation done.
Execute       syn_report -model Cipher -printsummary 
INFO: [HLS 200-790] **** Loop Constraint Status: All loop constraints were satisfied.
INFO: [HLS 200-789] **** Estimated Fmax: 135.04 MHz
INFO-FLOW: DBG:CMD: auto_generate_csynth_design
INFO-FLOW: DBG:CMD:     auto_generate --sim-model -phase csynth_design -d /home/sujoy/Documents/VLSI_project/project21/VLSI_Project/solution1
Execute       source /home/sujoy/Documents/VLSI_project/project21/VLSI_Project/solution1/.autopilot/db/global.setting.tcl 
INFO-FLOW: DBG:CMD: read_platform_lib /home/sujoy/Documents/VLSI_project/project21/VLSI_Project/solution1/.autopilot/db/global.setting.tcl
Execute       source /tools/Xilinx/Vivado/2019.2/common/technology/generic/autopilot/common.gen 
Execute         source /tools/Xilinx/Vivado/2019.2/common/technology/generic/autopilot/APCoreGen.gen 
Execute       source /tools/Xilinx/Vivado/2019.2/common/technology/generic/autopilot/op.gen 
Execute       source /tools/Xilinx/Vivado/2019.2/common/technology/generic/autopilot/op_simcore.gen 
Execute       source /tools/Xilinx/Vivado/2019.2/common/technology/generic/autopilot/interface.gen 
Execute       source /home/sujoy/Documents/VLSI_project/project21/VLSI_Project/solution1/.autopilot/db/global.setting.tcl 
Execute       source /tools/Xilinx/Vivado/2019.2/common/technology/xilinx/virtex7/virtex7.gen 
Execute         source /tools/Xilinx/Vivado/2019.2/common/technology/xilinx/common/xilinx.gen 
Execute           source /tools/Xilinx/Vivado/2019.2/common/technology/xilinx/interface/plb46.gen 
Execute           source /tools/Xilinx/Vivado/2019.2/common/technology/xilinx/interface/fsl.gen 
Execute           source /tools/Xilinx/Vivado/2019.2/common/technology/xilinx/interface/axi4.gen 
Execute           source /tools/Xilinx/Vivado/2019.2/common/technology/xilinx/interface/nativeAXI4.gen 
Execute             source /tools/Xilinx/Vivado/2019.2/common/technology/xilinx/interface/saxilite.gen 
Execute             source /tools/Xilinx/Vivado/2019.2/common/technology/xilinx/interface/maxi.gen 
Execute           source /tools/Xilinx/Vivado/2019.2/common/technology/xilinx/scripts/xilinxcoregen.gen 
Execute           source /tools/Xilinx/Vivado/2019.2/common/technology/xilinx/interface/XilEDKCoreGen.gen 
Execute           source /tools/Xilinx/Vivado/2019.2/common/technology/xilinx/ip/dds_compiler.gen 
Execute           source /tools/Xilinx/Vivado/2019.2/common/technology/xilinx/ip/util.gen 
Execute           source /tools/Xilinx/Vivado/2019.2/common/technology/xilinx/ip/xfft.gen 
Command           ap_source done; 0.17 sec.
Execute           source /tools/Xilinx/Vivado/2019.2/common/technology/xilinx/ip/xfir.gen 
Execute           source /tools/Xilinx/Vivado/2019.2/common/technology/xilinx/common/dsp48.gen 
Command         ap_source done; 0.25 sec.
Command       ap_source done; 0.26 sec.
Execute       source /tools/Xilinx/Vivado/2019.2/common/technology/xilinx/virtex7/virtex7_fpv6.gen 
Execute         source /tools/Xilinx/Vivado/2019.2/common/technology/xilinx/common/xilinx_fp.gen 
INFO-FLOW: DBG:CMD:   using AESL_AUTOCG::g_clock_period=10.000 (was NA)
INFO-FLOW: DBG:CMD:       generate_ip_cores sim=1 export=0 expOnly=0 dstVlogDir=syn/verilog
Execute       source /home/sujoy/Documents/VLSI_project/project21/VLSI_Project/solution1/.autopilot/db/global.setting.tcl 
Execute       ap_part_info -name xc7vx485t-ffg1157-1 -data names -quiet 
Execute       ap_part_info -name xc7vx485t-ffg1157-1 -data info -quiet 
Execute       source /home/sujoy/Documents/VLSI_project/project21/VLSI_Project/solution1/.autopilot/db/global.setting.tcl 
Execute       source /home/sujoy/Documents/VLSI_project/project21/VLSI_Project/solution1/.autopilot/db/global.setting.tcl 
Execute       source /home/sujoy/Documents/VLSI_project/project21/VLSI_Project/solution1/.autopilot/db/MixColumns.compgen.tcl 
Execute       source /home/sujoy/Documents/VLSI_project/project21/VLSI_Project/solution1/.autopilot/db/Cipher.compgen.tcl 
Execute         ap_part_info -name xc7vx485t-ffg1157-1 -data names -quiet 
Execute         ap_part_info -name xc7vx485t-ffg1157-1 -data info -quiet 
INFO: [RTMG 210-279] Implementing memory 'Cipher_sbox_rom' using block ROMs.
Execute         ap_part_info -name xc7vx485t-ffg1157-1 -data names -quiet 
Execute         ap_part_info -name xc7vx485t-ffg1157-1 -data info -quiet 
Execute         ap_part_info -name xc7vx485t-ffg1157-1 -data names -quiet 
Execute         ap_part_info -name xc7vx485t-ffg1157-1 -data info -quiet 
Execute         ap_part_info -name xc7vx485t-ffg1157-1 -data names -quiet 
Execute         ap_part_info -name xc7vx485t-ffg1157-1 -data info -quiet 
Execute         ap_part_info -name xc7vx485t-ffg1157-1 -data names -quiet 
Execute         ap_part_info -name xc7vx485t-ffg1157-1 -data info -quiet 
Execute         ap_part_info -name xc7vx485t-ffg1157-1 -data names -quiet 
Execute         ap_part_info -name xc7vx485t-ffg1157-1 -data info -quiet 
Execute         ap_part_info -name xc7vx485t-ffg1157-1 -data names -quiet 
Execute         ap_part_info -name xc7vx485t-ffg1157-1 -data info -quiet 
Execute         ap_part_info -name xc7vx485t-ffg1157-1 -data names -quiet 
Execute         ap_part_info -name xc7vx485t-ffg1157-1 -data info -quiet 
Execute         ap_part_info -name xc7vx485t-ffg1157-1 -data names -quiet 
Execute         ap_part_info -name xc7vx485t-ffg1157-1 -data info -quiet 
Execute         ap_part_info -name xc7vx485t-ffg1157-1 -data names -quiet 
Execute         ap_part_info -name xc7vx485t-ffg1157-1 -data info -quiet 
Execute         ap_part_info -name xc7vx485t-ffg1157-1 -data names -quiet 
Execute         ap_part_info -name xc7vx485t-ffg1157-1 -data info -quiet 
Execute         ap_part_info -name xc7vx485t-ffg1157-1 -data names -quiet 
Execute         ap_part_info -name xc7vx485t-ffg1157-1 -data info -quiet 
Execute         ap_part_info -name xc7vx485t-ffg1157-1 -data names -quiet 
Execute         ap_part_info -name xc7vx485t-ffg1157-1 -data info -quiet 
Execute         ap_part_info -name xc7vx485t-ffg1157-1 -data names -quiet 
Execute         ap_part_info -name xc7vx485t-ffg1157-1 -data info -quiet 
Execute         ap_part_info -name xc7vx485t-ffg1157-1 -data names -quiet 
Execute         ap_part_info -name xc7vx485t-ffg1157-1 -data info -quiet 
Execute         ap_part_info -name xc7vx485t-ffg1157-1 -data names -quiet 
Execute         ap_part_info -name xc7vx485t-ffg1157-1 -data info -quiet 
Execute         ap_part_info -name xc7vx485t-ffg1157-1 -data names -quiet 
Execute         ap_part_info -name xc7vx485t-ffg1157-1 -data info -quiet 
Execute         ap_part_info -name xc7vx485t-ffg1157-1 -data names -quiet 
Execute         ap_part_info -name xc7vx485t-ffg1157-1 -data info -quiet 
Command       ap_source done; 0.88 sec.
INFO-FLOW: DBG:CMD:     auto_generate -export -impltomg_flag -rtl both -tool Vivado -pcore_version 1.00.a -phase csynth_design -d /home/sujoy/Documents/VLSI_project/project21/VLSI_Project/solution1
Execute       source /home/sujoy/Documents/VLSI_project/project21/VLSI_Project/solution1/.autopilot/db/global.setting.tcl 
INFO-FLOW: DBG:CMD: read_platform_lib /home/sujoy/Documents/VLSI_project/project21/VLSI_Project/solution1/.autopilot/db/global.setting.tcl
Execute       source /tools/Xilinx/Vivado/2019.2/common/technology/generic/autopilot/common.gen 
Execute         source /tools/Xilinx/Vivado/2019.2/common/technology/generic/autopilot/APCoreGen.gen 
Execute       source /tools/Xilinx/Vivado/2019.2/common/technology/generic/autopilot/op.gen 
Execute       source /tools/Xilinx/Vivado/2019.2/common/technology/generic/autopilot/op_simcore.gen 
Execute       source /tools/Xilinx/Vivado/2019.2/common/technology/generic/autopilot/interface.gen 
Execute       source /home/sujoy/Documents/VLSI_project/project21/VLSI_Project/solution1/.autopilot/db/global.setting.tcl 
Execute       source /tools/Xilinx/Vivado/2019.2/common/technology/xilinx/virtex7/virtex7.gen 
Execute         source /tools/Xilinx/Vivado/2019.2/common/technology/xilinx/common/xilinx.gen 
Execute           source /tools/Xilinx/Vivado/2019.2/common/technology/xilinx/interface/plb46.gen 
Execute           source /tools/Xilinx/Vivado/2019.2/common/technology/xilinx/interface/fsl.gen 
Execute           source /tools/Xilinx/Vivado/2019.2/common/technology/xilinx/interface/axi4.gen 
Execute           source /tools/Xilinx/Vivado/2019.2/common/technology/xilinx/interface/nativeAXI4.gen 
Execute             source /tools/Xilinx/Vivado/2019.2/common/technology/xilinx/interface/saxilite.gen 
Execute             source /tools/Xilinx/Vivado/2019.2/common/technology/xilinx/interface/maxi.gen 
Execute           source /tools/Xilinx/Vivado/2019.2/common/technology/xilinx/scripts/xilinxcoregen.gen 
Execute           source /tools/Xilinx/Vivado/2019.2/common/technology/xilinx/interface/XilEDKCoreGen.gen 
Execute           source /tools/Xilinx/Vivado/2019.2/common/technology/xilinx/ip/dds_compiler.gen 
Execute           source /tools/Xilinx/Vivado/2019.2/common/technology/xilinx/ip/util.gen 
Execute           source /tools/Xilinx/Vivado/2019.2/common/technology/xilinx/ip/xfft.gen 
Command           ap_source done; 0.16 sec.
Execute           source /tools/Xilinx/Vivado/2019.2/common/technology/xilinx/ip/xfir.gen 
Execute           source /tools/Xilinx/Vivado/2019.2/common/technology/xilinx/common/dsp48.gen 
Command         ap_source done; 0.24 sec.
Command       ap_source done; 0.24 sec.
Execute       source /tools/Xilinx/Vivado/2019.2/common/technology/xilinx/virtex7/virtex7_fpv6.gen 
Execute         source /tools/Xilinx/Vivado/2019.2/common/technology/xilinx/common/xilinx_fp.gen 
INFO-FLOW: DBG:CMD:       initCTypeInfo top_module=Cipher xml_exists=0
Execute       source /home/sujoy/Documents/VLSI_project/project21/VLSI_Project/solution1/.autopilot/db/Cipher.rtl_wrap.cfg.tcl 
Execute       source /home/sujoy/Documents/VLSI_project/project21/VLSI_Project/solution1/.autopilot/db/Cipher.rtl_wrap.cfg.tcl 
Execute       source /home/sujoy/Documents/VLSI_project/project21/VLSI_Project/solution1/.autopilot/db/Cipher.rtl_wrap.cfg.tcl 
Execute       source /home/sujoy/Documents/VLSI_project/project21/VLSI_Project/solution1/.autopilot/db/Cipher.tbgen.tcl 
Execute       source /home/sujoy/Documents/VLSI_project/project21/VLSI_Project/solution1/.autopilot/db/Cipher.tbgen.tcl 
INFO-FLOW: DBG:CMD:       export_impl_rtl
INFO-FLOW: DBG:CMD:       generate_ip_cores sim=0 export=0 expOnly=0 dstVlogDir=impl/.verilog
Execute       source /home/sujoy/Documents/VLSI_project/project21/VLSI_Project/solution1/.autopilot/db/global.setting.tcl 
Execute       source /home/sujoy/Documents/VLSI_project/project21/VLSI_Project/solution1/.autopilot/db/MixColumns.compgen.tcl 
Execute       source /home/sujoy/Documents/VLSI_project/project21/VLSI_Project/solution1/.autopilot/db/Cipher.compgen.tcl 
INFO-FLOW: DBG:CMD:       generate_ip_cores sim=0 export=1 expOnly=1 dstVlogDir=impl/.pcores/verilog
Execute       source /home/sujoy/Documents/VLSI_project/project21/VLSI_Project/solution1/.autopilot/db/global.setting.tcl 
Execute       source /home/sujoy/Documents/VLSI_project/project21/VLSI_Project/solution1/.autopilot/db/MixColumns.compgen.tcl 
Execute       source /home/sujoy/Documents/VLSI_project/project21/VLSI_Project/solution1/.autopilot/db/Cipher.compgen.tcl 
Execute         ap_part_info -name xc7vx485t-ffg1157-1 -data names -quiet 
Execute         ap_part_info -name xc7vx485t-ffg1157-1 -data info -quiet 
Execute         ap_part_info -name xc7vx485t-ffg1157-1 -data names -quiet 
Execute         ap_part_info -name xc7vx485t-ffg1157-1 -data info -quiet 
Execute         source /home/sujoy/Documents/VLSI_project/project21/VLSI_Project/solution1/.autopilot/db/Cipher.tbgen.tcl 
Execute         source /home/sujoy/Documents/VLSI_project/project21/VLSI_Project/solution1/.autopilot/db/Cipher.tbgen.tcl 
Execute         source /home/sujoy/Documents/VLSI_project/project21/VLSI_Project/solution1/.autopilot/db/Cipher.tbgen.tcl 
Execute         source /home/sujoy/Documents/VLSI_project/project21/VLSI_Project/solution1/.autopilot/db/Cipher.tbgen.tcl 
Execute         source /home/sujoy/Documents/VLSI_project/project21/VLSI_Project/solution1/.autopilot/db/Cipher.tbgen.tcl 
Execute         source /home/sujoy/Documents/VLSI_project/project21/VLSI_Project/solution1/.autopilot/db/Cipher.tbgen.tcl 
Execute         source /home/sujoy/Documents/VLSI_project/project21/VLSI_Project/solution1/.autopilot/db/Cipher.tbgen.tcl 
Execute         source /home/sujoy/Documents/VLSI_project/project21/VLSI_Project/solution1/.autopilot/db/Cipher.tbgen.tcl 
Execute         source /home/sujoy/Documents/VLSI_project/project21/VLSI_Project/solution1/.autopilot/db/Cipher.tbgen.tcl 
Execute         source /home/sujoy/Documents/VLSI_project/project21/VLSI_Project/solution1/.autopilot/db/Cipher.tbgen.tcl 
Execute         source /home/sujoy/Documents/VLSI_project/project21/VLSI_Project/solution1/.autopilot/db/Cipher.tbgen.tcl 
Execute         source /home/sujoy/Documents/VLSI_project/project21/VLSI_Project/solution1/.autopilot/db/Cipher.tbgen.tcl 
Execute         source /home/sujoy/Documents/VLSI_project/project21/VLSI_Project/solution1/.autopilot/db/Cipher.tbgen.tcl 
Execute         source /home/sujoy/Documents/VLSI_project/project21/VLSI_Project/solution1/.autopilot/db/Cipher.tbgen.tcl 
Execute         source /home/sujoy/Documents/VLSI_project/project21/VLSI_Project/solution1/.autopilot/db/Cipher.tbgen.tcl 
Execute         source /home/sujoy/Documents/VLSI_project/project21/VLSI_Project/solution1/.autopilot/db/Cipher.tbgen.tcl 
Execute         ap_part_info -name xc7vx485t-ffg1157-1 -data names -quiet 
Execute         ap_part_info -name xc7vx485t-ffg1157-1 -data info -quiet 
Execute         ap_part_info -name xc7vx485t-ffg1157-1 -data names -quiet 
Execute         ap_part_info -name xc7vx485t-ffg1157-1 -data info -quiet 
Execute         ap_part_info -name xc7vx485t-ffg1157-1 -data names -quiet 
Execute         ap_part_info -name xc7vx485t-ffg1157-1 -data info -quiet 
Execute         ap_part_info -name xc7vx485t-ffg1157-1 -data names -quiet 
Execute         ap_part_info -name xc7vx485t-ffg1157-1 -data info -quiet 
Execute         ap_part_info -name xc7vx485t-ffg1157-1 -data names -quiet 
Execute         ap_part_info -name xc7vx485t-ffg1157-1 -data info -quiet 
Execute         ap_part_info -name xc7vx485t-ffg1157-1 -data names -quiet 
Execute         ap_part_info -name xc7vx485t-ffg1157-1 -data info -quiet 
Execute         ap_part_info -name xc7vx485t-ffg1157-1 -data names -quiet 
Execute         ap_part_info -name xc7vx485t-ffg1157-1 -data info -quiet 
Execute         ap_part_info -name xc7vx485t-ffg1157-1 -data names -quiet 
Execute         ap_part_info -name xc7vx485t-ffg1157-1 -data info -quiet 
Execute         ap_part_info -name xc7vx485t-ffg1157-1 -data names -quiet 
Execute         ap_part_info -name xc7vx485t-ffg1157-1 -data info -quiet 
Execute         ap_part_info -name xc7vx485t-ffg1157-1 -data names -quiet 
Execute         ap_part_info -name xc7vx485t-ffg1157-1 -data info -quiet 
Execute         ap_part_info -name xc7vx485t-ffg1157-1 -data names -quiet 
Execute         ap_part_info -name xc7vx485t-ffg1157-1 -data info -quiet 
Execute         ap_part_info -name xc7vx485t-ffg1157-1 -data names -quiet 
Execute         ap_part_info -name xc7vx485t-ffg1157-1 -data info -quiet 
Execute         ap_part_info -name xc7vx485t-ffg1157-1 -data names -quiet 
Execute         ap_part_info -name xc7vx485t-ffg1157-1 -data info -quiet 
Execute         ap_part_info -name xc7vx485t-ffg1157-1 -data names -quiet 
Execute         ap_part_info -name xc7vx485t-ffg1157-1 -data info -quiet 
Execute         ap_part_info -name xc7vx485t-ffg1157-1 -data names -quiet 
Execute         ap_part_info -name xc7vx485t-ffg1157-1 -data info -quiet 
Execute         ap_part_info -name xc7vx485t-ffg1157-1 -data names -quiet 
Execute         ap_part_info -name xc7vx485t-ffg1157-1 -data info -quiet 
Execute         ap_part_info -name xc7vx485t-ffg1157-1 -data names -quiet 
Execute         ap_part_info -name xc7vx485t-ffg1157-1 -data info -quiet 
Execute         ap_part_info -name xc7vx485t-ffg1157-1 -data names -quiet 
Execute         ap_part_info -name xc7vx485t-ffg1157-1 -data info -quiet 
Execute         ap_part_info -name xc7vx485t-ffg1157-1 -data names -quiet 
Execute         ap_part_info -name xc7vx485t-ffg1157-1 -data info -quiet 
Execute         ap_part_info -name xc7vx485t-ffg1157-1 -data names -quiet 
Execute         ap_part_info -name xc7vx485t-ffg1157-1 -data info -quiet 
Execute         ap_part_info -name xc7vx485t-ffg1157-1 -data names -quiet 
Execute         ap_part_info -name xc7vx485t-ffg1157-1 -data info -quiet 
Command       ap_source done; 1.06 sec.
Execute       ap_part_info -name xc7vx485t-ffg1157-1 -data names -quiet 
Execute       ap_part_info -name xc7vx485t-ffg1157-1 -data info -quiet 
INFO-FLOW: DBG:CMD:       generate_ip_cores sim=0 export=0 expOnly=0 dstVlogDir=impl/.pcores/verilog_sim
Execute       source /home/sujoy/Documents/VLSI_project/project21/VLSI_Project/solution1/.autopilot/db/global.setting.tcl 
Execute       source /home/sujoy/Documents/VLSI_project/project21/VLSI_Project/solution1/.autopilot/db/MixColumns.compgen.tcl 
Execute       source /home/sujoy/Documents/VLSI_project/project21/VLSI_Project/solution1/.autopilot/db/Cipher.compgen.tcl 
Execute       ap_part_info -name xc7vx485t-ffg1157-1 -data names -quiet 
Execute       ap_part_info -name xc7vx485t-ffg1157-1 -data info -quiet 
Execute       ap_part_info -name xc7vx485t-ffg1157-1 -data names -quiet 
Execute       ap_part_info -name xc7vx485t-ffg1157-1 -data info -quiet 
Execute       source /home/sujoy/Documents/VLSI_project/project21/VLSI_Project/solution1/.autopilot/db/global.setting.tcl 
Execute       ap_part_info -name xc7vx485t-ffg1157-1 -data names -quiet 
Execute       ap_part_info -name xc7vx485t-ffg1157-1 -data info -quiet 
Execute       source /home/sujoy/Documents/VLSI_project/project21/VLSI_Project/solution1/.autopilot/db/Cipher.constraint.tcl 
Execute       source /home/sujoy/Documents/VLSI_project/project21/VLSI_Project/solution1/.autopilot/db/Cipher.tbgen.tcl 
INFO-FLOW: DBG:CMD:       hasPcoreIpAdapter=false #gSsdmPorts=66
INFO-FLOW: DBG:CMD: Skipping loadAnalyze_DB, #g_database=32
INFO-FLOW: DBG:CMD:       generate_json is_phase_csynth=1 g_has_adaptors=false generate_bd_files=0 #modelList=3 #gSsdmPorts=66
Execute       source /tools/Xilinx/Vivado/2019.2/tps/tcl/tcllib1.11.1/fileutil/fileutil.tcl 
Execute       source /home/sujoy/Documents/VLSI_project/project21/VLSI_Project/solution1/.autopilot/db/global.setting.tcl 
Execute       source /home/sujoy/Documents/VLSI_project/project21/VLSI_Project/solution1/.autopilot/db/global.setting.tcl 
Execute       get_config_export -xo 
Execute       source /home/sujoy/Documents/VLSI_project/project21/VLSI_Project/solution1/.autopilot/db/Cipher.tbgen.tcl 
Execute       source /home/sujoy/Documents/VLSI_project/project21/VLSI_Project/solution1/.autopilot/db/Cipher.tbgen.tcl 
Execute       source /home/sujoy/Documents/VLSI_project/project21/VLSI_Project/solution1/.autopilot/db/Cipher.tbgen.tcl 
Execute       source /home/sujoy/Documents/VLSI_project/project21/VLSI_Project/solution1/.autopilot/db/Cipher.tbgen.tcl 
Execute       source /home/sujoy/Documents/VLSI_project/project21/VLSI_Project/solution1/.autopilot/db/Cipher.tbgen.tcl 
Execute       source /home/sujoy/Documents/VLSI_project/project21/VLSI_Project/solution1/.autopilot/db/Cipher.tbgen.tcl 
Execute       source /home/sujoy/Documents/VLSI_project/project21/VLSI_Project/solution1/.autopilot/db/Cipher.tbgen.tcl 
Execute       source /home/sujoy/Documents/VLSI_project/project21/VLSI_Project/solution1/.autopilot/db/Cipher.tbgen.tcl 
Execute       source /home/sujoy/Documents/VLSI_project/project21/VLSI_Project/solution1/.autopilot/db/Cipher.tbgen.tcl 
Execute       source /home/sujoy/Documents/VLSI_project/project21/VLSI_Project/solution1/.autopilot/db/Cipher.tbgen.tcl 
Execute       source /home/sujoy/Documents/VLSI_project/project21/VLSI_Project/solution1/.autopilot/db/Cipher.tbgen.tcl 
Execute       source /home/sujoy/Documents/VLSI_project/project21/VLSI_Project/solution1/.autopilot/db/Cipher.tbgen.tcl 
Execute       source /home/sujoy/Documents/VLSI_project/project21/VLSI_Project/solution1/.autopilot/db/Cipher.tbgen.tcl 
Execute       source /home/sujoy/Documents/VLSI_project/project21/VLSI_Project/solution1/.autopilot/db/Cipher.tbgen.tcl 
Execute       source /home/sujoy/Documents/VLSI_project/project21/VLSI_Project/solution1/.autopilot/db/Cipher.tbgen.tcl 
Execute       source /home/sujoy/Documents/VLSI_project/project21/VLSI_Project/solution1/.autopilot/db/Cipher.tbgen.tcl 
Execute       source /home/sujoy/Documents/VLSI_project/project21/VLSI_Project/solution1/.autopilot/db/Cipher.tbgen.tcl 
Execute       source /home/sujoy/Documents/VLSI_project/project21/VLSI_Project/solution1/.autopilot/db/Cipher.tbgen.tcl 
Execute       source /home/sujoy/Documents/VLSI_project/project21/VLSI_Project/solution1/.autopilot/db/global.setting.tcl 
Execute       get_config_sdx -target 
Execute       source /home/sujoy/Documents/VLSI_project/project21/VLSI_Project/solution1/.autopilot/db/Cipher.rtl_wrap.cfg.tcl 
Execute       source /home/sujoy/Documents/VLSI_project/project21/VLSI_Project/solution1/.autopilot/db/Cipher.compgen.dataonly.tcl 
Execute       source /home/sujoy/Documents/VLSI_project/project21/VLSI_Project/solution1/.autopilot/db/global.setting.tcl 
Execute       ap_part_info -name xc7vx485t-ffg1157-1 -data names -quiet 
Execute       ap_part_info -name xc7vx485t-ffg1157-1 -data info -quiet 
Execute       source /home/sujoy/Documents/VLSI_project/project21/VLSI_Project/solution1/.autopilot/db/Cipher.constraint.tcl 
Execute       sc_get_clocks Cipher 
Execute       ap_part_info -name xc7vx485t-ffg1157-1 -data names -quiet 
Execute       ap_part_info -name xc7vx485t-ffg1157-1 -data info -quiet 
Execute       source /home/sujoy/Documents/VLSI_project/project21/VLSI_Project/solution1/.autopilot/db/global.setting.tcl 
Execute       get_config_debug -directory 
Execute       source /home/sujoy/Documents/VLSI_project/project21/VLSI_Project/solution1/.autopilot/db/MixColumns.tbgen.tcl 
Execute       source /home/sujoy/Documents/VLSI_project/project21/VLSI_Project/solution1/.autopilot/db/Cipher.tbgen.tcl 
Execute       get_config_sdx -target 
Execute       get_config_sdx -profile 
Execute       get_config_rtl -kernel_profile 
Execute       get_config_rtl -stall_sig_gen 
Execute       get_config_rtl -profile 
INFO-FLOW: DBG:CMD: add_json_sdx_info kernel file does not exist, skipping opencl info: /home/sujoy/Documents/VLSI_project/project21/VLSI_Project/solution1/.autopilot/db/kernel.internal.xml
INFO-FLOW: DBG:CMD:       delete-temp-dirs (skipped for debug)
INFO: [HLS 200-111] Finished generating all RTL models Time (s): cpu = 00:00:29 ; elapsed = 00:00:32 . Memory (MB): peak = 965.719 ; gain = 526.004 ; free physical = 6218 ; free virtual = 18063
INFO: [VHDL 208-304] Generating VHDL RTL for Cipher.
INFO: [VLOG 209-307] Generating Verilog RTL for Cipher.
Command     autosyn done; 9.45 sec.
Command   csynth_design done; 27.51 sec.
Command ap_source done; 31.8 sec.
Execute cleanup_all 
INFO-FLOW: Workspace /home/sujoy/Documents/VLSI_project/project21/VLSI_Project/solution1 opened at Wed May 13 20:19:12 IST 2020
Execute     config_clock -quiet -name default -period 10 -default=false 
INFO: [SYN 201-201] Setting up clock 'default' with a period of 10ns.
Execute     open_platform DefaultPlatform 
Execute     import_lib /tools/Xilinx/Vivado/2019.2/common/technology/xilinx/virtex7/virtex7 
Execute       source /tools/Xilinx/Vivado/2019.2/common/technology/xilinx/common/xilinx.lib 
Execute         source /tools/Xilinx/Vivado/2019.2/common/technology/xilinx/interface/xilinx_interface.lib 
Execute           source /tools/Xilinx/Vivado/2019.2/common/technology/xilinx/interface/plb46.lib 
Execute           source /tools/Xilinx/Vivado/2019.2/common/technology/xilinx/interface/fsl.lib 
Execute           source /tools/Xilinx/Vivado/2019.2/common/technology/xilinx/interface/axi4.lib 
Execute           source /tools/Xilinx/Vivado/2019.2/common/technology/xilinx/interface/maxi.lib 
Execute           source /tools/Xilinx/Vivado/2019.2/common/technology/xilinx/interface/saxilite.lib 
Execute         source /tools/Xilinx/Vivado/2019.2/common/technology/xilinx/common/dsp48.lib 
Execute         source /tools/Xilinx/Vivado/2019.2/common/technology/xilinx/ip/xfir.lib 
Execute         source /tools/Xilinx/Vivado/2019.2/common/technology/xilinx/ip/dds_compiler.lib 
Execute         source /tools/Xilinx/Vivado/2019.2/common/technology/xilinx/ip/xfft.lib 
Execute       source /tools/Xilinx/Vivado/2019.2/common/technology/xilinx/common/xilinx.hlp 
Execute         source /tools/Xilinx/Vivado/2019.2/common/technology/xilinx/common/target_info.tcl 
Execute         source /tools/Xilinx/Vivado/2019.2/common/technology/xilinx/interface/xilinx_interface.hlp 
Execute           source /tools/Xilinx/Vivado/2019.2/common/technology/xilinx/interface/maxi.hlp 
Execute           source /tools/Xilinx/Vivado/2019.2/common/technology/xilinx/interface/saxilite.hlp 
Execute         source /tools/Xilinx/Vivado/2019.2/common/technology/xilinx/common/dsp48.hlp 
Execute       source /tools/Xilinx/Vivado/2019.2/common/technology/xilinx/virtex7/dsp48e1.hlp 
Execute       source /tools/Xilinx/Vivado/2019.2/common/technology/xilinx/common/xilinx.hlp 
Execute         source /tools/Xilinx/Vivado/2019.2/common/technology/xilinx/common/target_info.tcl 
Execute         source /tools/Xilinx/Vivado/2019.2/common/technology/xilinx/interface/xilinx_interface.hlp 
Execute           source /tools/Xilinx/Vivado/2019.2/common/technology/xilinx/interface/maxi.hlp 
Execute           source /tools/Xilinx/Vivado/2019.2/common/technology/xilinx/interface/saxilite.hlp 
Execute         source /tools/Xilinx/Vivado/2019.2/common/technology/xilinx/common/dsp48.hlp 
Execute     source /tools/Xilinx/Vivado/2019.2/common/technology/xilinx/virtex7/virtex7.gen 
Execute       source /tools/Xilinx/Vivado/2019.2/common/technology/xilinx/common/xilinx.gen 
Execute         source /tools/Xilinx/Vivado/2019.2/common/technology/xilinx/interface/plb46.gen 
Execute         source /tools/Xilinx/Vivado/2019.2/common/technology/xilinx/interface/fsl.gen 
Execute         source /tools/Xilinx/Vivado/2019.2/common/technology/xilinx/interface/axi4.gen 
Execute         source /tools/Xilinx/Vivado/2019.2/common/technology/xilinx/interface/nativeAXI4.gen 
Execute           source /tools/Xilinx/Vivado/2019.2/common/technology/xilinx/interface/saxilite.gen 
Execute           source /tools/Xilinx/Vivado/2019.2/common/technology/xilinx/interface/maxi.gen 
Execute         source /tools/Xilinx/Vivado/2019.2/common/technology/xilinx/scripts/xilinxcoregen.gen 
Execute         source /tools/Xilinx/Vivado/2019.2/common/technology/xilinx/interface/XilEDKCoreGen.gen 
Execute         source /tools/Xilinx/Vivado/2019.2/common/technology/xilinx/ip/dds_compiler.gen 
Execute         source /tools/Xilinx/Vivado/2019.2/common/technology/xilinx/ip/util.gen 
Execute         source /tools/Xilinx/Vivado/2019.2/common/technology/xilinx/ip/xfft.gen 
Command         ap_source done; 0.24 sec.
Execute         source /tools/Xilinx/Vivado/2019.2/common/technology/xilinx/ip/xfir.gen 
Execute         source /tools/Xilinx/Vivado/2019.2/common/technology/xilinx/common/dsp48.gen 
Command       ap_source done; 0.31 sec.
Command     ap_source done; 0.31 sec.
Execute     open_platform DefaultPlatform 
Execute     import_lib /tools/Xilinx/Vivado/2019.2/common/technology/xilinx/virtex7/virtex7_fpv6 
Execute       source /tools/Xilinx/Vivado/2019.2/common/technology/xilinx/common/xilinx_fp.lib 
Execute       source /tools/Xilinx/Vivado/2019.2/common/technology/xilinx/common/xilinx_fp.hlp 
Execute         source /tools/Xilinx/Vivado/2019.2/common/technology/xilinx/common/xilinx.hlp 
Execute           source /tools/Xilinx/Vivado/2019.2/common/technology/xilinx/common/target_info.tcl 
Execute           source /tools/Xilinx/Vivado/2019.2/common/technology/xilinx/interface/xilinx_interface.hlp 
Execute             source /tools/Xilinx/Vivado/2019.2/common/technology/xilinx/interface/maxi.hlp 
Execute             source /tools/Xilinx/Vivado/2019.2/common/technology/xilinx/interface/saxilite.hlp 
Execute           source /tools/Xilinx/Vivado/2019.2/common/technology/xilinx/common/dsp48.hlp 
Execute     source /tools/Xilinx/Vivado/2019.2/common/technology/xilinx/virtex7/virtex7_fpv6.gen 
Execute       source /tools/Xilinx/Vivado/2019.2/common/technology/xilinx/common/xilinx_fp.gen 
Execute     set_part xc7vx485t-ffg1157-1 
Execute       ap_part_info -name xc7vx485t-ffg1157-1 -data single -quiet 
Command       ap_part_info done; 3.22 sec.
Execute       ap_part_info -name xc7vx485t-ffg1157-1 -data info 
Execute       add_library xilinx/virtex7/virtex7:xc7vx485t:-ffg1157:-1 
Execute         get_default_platform 
Execute         ap_part_info -data single -name xc7vx485t-ffg1157-1 
Execute         ap_part_info -name xc7vx485t-ffg1157-1 -data resources 
Execute         ap_part_info -name xc7vx485t-ffg1157-1 -data info 
Execute         ap_part_info -name xc7vx485t-ffg1157-1 -data info 
Execute         config_chip_info -quiet -resource {SLICE 75900} {LUT 303600} {FF 607200} {DSP48E 2800} {BRAM 2060} {URAM 0} 
Execute         ap_part_info -name xc7vx485t-ffg1157-1 -data info 
Execute         config_chip_info -quiet -speed slow 
Command       add_library done; 0.13 sec.
Execute       add_library xilinx/virtex7/virtex7_fpv6 
Execute         get_default_platform 
INFO: [HLS 200-10] Setting target device to 'xc7vx485t-ffg1157-1'
Execute       ap_part_info -name xc7vx485t-ffg1157-1 -data info 
Execute       get_default_platform 
Command     set_part done; 3.61 sec.
Execute     ap_part_info -data single -name xc7vx485t-ffg1157-1 
Execute     ap_part_info -name xc7vx485t-ffg1157-1 -data resources 
Execute     ap_part_info -name xc7vx485t-ffg1157-1 -data info 
Execute     ap_part_info -name xc7vx485t-ffg1157-1 -data info 
Execute     config_chip_info -quiet -resource {SLICE 75900} {LUT 303600} {FF 607200} {DSP48E 2800} {BRAM 2060} {URAM 0} 
Execute     ap_part_info -name xc7vx485t-ffg1157-1 -data info 
Execute     config_chip_info -quiet -speed slow 
Execute     config_interface -clock_enable=0 
Execute     config_interface -expose_global=1 
Execute     config_interface -m_axi_addr64=0 
Execute     config_interface -m_axi_offset=off 
Execute     config_interface -register_io=off 
Execute     config_interface -trim_dangling_port=0 
Command   open_solution done; 4.15 sec.
Execute   cosim_design 
Execute     source /home/sujoy/Documents/VLSI_project/project21/VLSI_Project/solution1/.autopilot/db/global.setting.tcl 
Execute     source /home/sujoy/Documents/VLSI_project/project21/VLSI_Project/solution1/.autopilot/db/global.setting.tcl 
Execute     source /home/sujoy/Documents/VLSI_project/project21/VLSI_Project/solution1/.autopilot/db/global.setting.tcl 
INFO-FLOW: DBG:CMD: read_platform_lib /home/sujoy/Documents/VLSI_project/project21/VLSI_Project/solution1/.autopilot/db/global.setting.tcl
Execute     source /tools/Xilinx/Vivado/2019.2/common/technology/generic/autopilot/common.gen 
Execute       source /tools/Xilinx/Vivado/2019.2/common/technology/generic/autopilot/APCoreGen.gen 
Execute     source /tools/Xilinx/Vivado/2019.2/common/technology/generic/autopilot/op.gen 
Execute     source /tools/Xilinx/Vivado/2019.2/common/technology/generic/autopilot/op_simcore.gen 
Execute     source /tools/Xilinx/Vivado/2019.2/common/technology/generic/autopilot/interface.gen 
Execute     source /home/sujoy/Documents/VLSI_project/project21/VLSI_Project/solution1/.autopilot/db/global.setting.tcl 
Execute     source /tools/Xilinx/Vivado/2019.2/common/technology/xilinx/virtex7/virtex7.gen 
Execute       source /tools/Xilinx/Vivado/2019.2/common/technology/xilinx/common/xilinx.gen 
Execute         source /tools/Xilinx/Vivado/2019.2/common/technology/xilinx/interface/plb46.gen 
Execute         source /tools/Xilinx/Vivado/2019.2/common/technology/xilinx/interface/fsl.gen 
Execute         source /tools/Xilinx/Vivado/2019.2/common/technology/xilinx/interface/axi4.gen 
Execute         source /tools/Xilinx/Vivado/2019.2/common/technology/xilinx/interface/nativeAXI4.gen 
Execute           source /tools/Xilinx/Vivado/2019.2/common/technology/xilinx/interface/saxilite.gen 
Execute           source /tools/Xilinx/Vivado/2019.2/common/technology/xilinx/interface/maxi.gen 
Execute         source /tools/Xilinx/Vivado/2019.2/common/technology/xilinx/scripts/xilinxcoregen.gen 
Execute         source /tools/Xilinx/Vivado/2019.2/common/technology/xilinx/interface/XilEDKCoreGen.gen 
Execute         source /tools/Xilinx/Vivado/2019.2/common/technology/xilinx/ip/dds_compiler.gen 
Execute         source /tools/Xilinx/Vivado/2019.2/common/technology/xilinx/ip/util.gen 
Execute         source /tools/Xilinx/Vivado/2019.2/common/technology/xilinx/ip/xfft.gen 
Command         ap_source done; 0.19 sec.
Execute         source /tools/Xilinx/Vivado/2019.2/common/technology/xilinx/ip/xfir.gen 
Execute         source /tools/Xilinx/Vivado/2019.2/common/technology/xilinx/common/dsp48.gen 
Command       ap_source done; 0.27 sec.
Command     ap_source done; 0.27 sec.
Execute     source /tools/Xilinx/Vivado/2019.2/common/technology/xilinx/virtex7/virtex7_fpv6.gen 
Execute       source /tools/Xilinx/Vivado/2019.2/common/technology/xilinx/common/xilinx_fp.gen 
INFO-FLOW: DBG:CMD:   using AESL_AUTOCG::g_clock_period=10.000 (was NA)
Execute     ap_part_info -name xc7vx485t-ffg1157-1 -data names -quiet 
Execute     ap_part_info -name xc7vx485t-ffg1157-1 -data info -quiet 
Execute     source /home/sujoy/Documents/VLSI_project/project21/VLSI_Project/solution1/.autopilot/db/global.setting.tcl 
Execute     source /home/sujoy/Documents/VLSI_project/project21/VLSI_Project/solution1/.autopilot/db/Cipher.rtl_wrap.cfg.tcl 
Execute     source /home/sujoy/Documents/VLSI_project/project21/VLSI_Project/solution1/.autopilot/db/Cipher.tbgen.tcl 
Execute     is_encrypted /home/sujoy/Documents/VLSI_project/project21/test.c 
Execute     is_encrypted /home/sujoy/Documents/VLSI_project/project21/aes.c 
Execute     source /home/sujoy/Documents/VLSI_project/project21/VLSI_Project/solution1/.autopilot/db/Cipher.tbgen.tcl 
Execute     source /home/sujoy/Documents/VLSI_project/project21/VLSI_Project/solution1/.autopilot/db/Cipher.tbgen.tcl 
INFO: [COSIM 212-47] Using XSIM for RTL simulation.
INFO: [COSIM 212-14] Instrumenting C test bench ...
Execute     ap_part_info -name xc7vx485t-ffg1157-1 -data info 
INFO-FLOW: TB processing: /home/sujoy/Documents/VLSI_project/project21/test.c /home/sujoy/Documents/VLSI_project/project21/VLSI_Project/solution1/./sim/autowrap/testbench/test.c_pre.c
Execute     tidy_31 xilinx-tb-xfmat /home/sujoy/Documents/VLSI_project/project21/VLSI_Project/solution1/./sim/autowrap/testbench/test.c_pre.c std=gnu89 
INFO-FLOW: exec /tools/Xilinx/Vivado/2019.2/lnx64/tools/clang-3.9-csynth/bin/tidy-3.1 -header-filter=.* -checks=-*,xilinx-tb-xfmat -quiet -fix-errors /home/sujoy/Documents/VLSI_project/project21/VLSI_Project/solution1/./sim/autowrap/testbench/test.c_pre.c -- -std=gnu89 -fhls -ferror-limit=0
Execute     tidy_31 xilinx-tb31-process /home/sujoy/Documents/VLSI_project/project21/VLSI_Project/solution1/./sim/autowrap/testbench/test.c_pre.c.tb.c std=gnu89 
INFO-FLOW: exec /tools/Xilinx/Vivado/2019.2/lnx64/tools/clang-3.9-csynth/bin/tidy-3.1 -header-filter=.* -checks=-*,xilinx-tb31-process -quiet -fix-errors /home/sujoy/Documents/VLSI_project/project21/VLSI_Project/solution1/./sim/autowrap/testbench/test.c_pre.c.tb.c -- -std=gnu89 -fhls -ferror-limit=0
Execute     ap_part_info -name xc7vx485t-ffg1157-1 -data info 
INFO-FLOW: TB processing: /home/sujoy/Documents/VLSI_project/project21/aes.c /home/sujoy/Documents/VLSI_project/project21/VLSI_Project/solution1/./sim/autowrap/testbench/aes.c_pre.c
Execute     tidy_31 xilinx-tb-xfmat /home/sujoy/Documents/VLSI_project/project21/VLSI_Project/solution1/./sim/autowrap/testbench/aes.c_pre.c std=gnu89 
INFO-FLOW: exec /tools/Xilinx/Vivado/2019.2/lnx64/tools/clang-3.9-csynth/bin/tidy-3.1 -header-filter=.* -checks=-*,xilinx-tb-xfmat -quiet -fix-errors /home/sujoy/Documents/VLSI_project/project21/VLSI_Project/solution1/./sim/autowrap/testbench/aes.c_pre.c -- -std=gnu89 -fhls -ferror-limit=0
Execute     tidy_31 xilinx-tb31-process /home/sujoy/Documents/VLSI_project/project21/VLSI_Project/solution1/./sim/autowrap/testbench/aes.c_pre.c.tb.c std=gnu89 
INFO-FLOW: exec /tools/Xilinx/Vivado/2019.2/lnx64/tools/clang-3.9-csynth/bin/tidy-3.1 -header-filter=.* -checks=-*,xilinx-tb31-process -quiet -fix-errors /home/sujoy/Documents/VLSI_project/project21/VLSI_Project/solution1/./sim/autowrap/testbench/aes.c_pre.c.tb.c -- -std=gnu89 -fhls -ferror-limit=0
Execute     source /home/sujoy/Documents/VLSI_project/project21/VLSI_Project/solution1/./sim/autowrap/testbench/tb.status.tcl 
Execute     source /home/sujoy/Documents/VLSI_project/project21/VLSI_Project/solution1/.autopilot/db/global.setting.tcl 
Execute     source /home/sujoy/Documents/VLSI_project/project21/VLSI_Project/solution1/.autopilot/db/Cipher.rtl_wrap.cfg.tcl 
Execute     source /home/sujoy/Documents/VLSI_project/project21/VLSI_Project/solution1/.autopilot/db/Cipher.rtl_wrap.cfg.tcl 
Execute     source /home/sujoy/Documents/VLSI_project/project21/VLSI_Project/solution1/.autopilot/db/Cipher.rtl_wrap.cfg.tcl 
Execute     source /home/sujoy/Documents/VLSI_project/project21/VLSI_Project/solution1/.autopilot/db/Cipher.tbgen.tcl 
Execute     source /home/sujoy/Documents/VLSI_project/project21/VLSI_Project/solution1/.autopilot/db/Cipher.tbgen.tcl 
Execute     ap_part_info -name xc7vx485t-ffg1157-1 -data info 
Execute     source /home/sujoy/Documents/VLSI_project/project21/VLSI_Project/solution1/.autopilot/db/Cipher.rtl_wrap.cfg.tcl 
Execute     source .run_sim.tcl 
INFO: [COSIM 212-302] Starting C TB testing ... 
Command     ap_source done; 0.57 sec.
INFO: [COSIM 212-333] Generating C post check test bench ...
Execute     ap_part_info -name xc7vx485t-ffg1157-1 -data info 
Execute     source /home/sujoy/Documents/VLSI_project/project21/VLSI_Project/solution1/.autopilot/db/Cipher.rtl_wrap.cfg.tcl 
INFO: [COSIM 212-12] Generating RTL test bench ...
Execute     source /home/sujoy/Documents/VLSI_project/project21/VLSI_Project/solution1/.autopilot/db/Cipher.tbgen.tcl 
Execute     source /home/sujoy/Documents/VLSI_project/project21/VLSI_Project/solution1/.autopilot/db/Cipher.tbgen.tcl 
Execute     source /home/sujoy/Documents/VLSI_project/project21/VLSI_Project/solution1/.autopilot/db/Cipher.tbgen.tcl 
Execute     source /home/sujoy/Documents/VLSI_project/project21/VLSI_Project/solution1/.autopilot/db/Cipher.tbgen.tcl 
Execute     source ../tv/cdatafile/ref.tcl 
Execute     source /home/sujoy/Documents/VLSI_project/project21/VLSI_Project/solution1/.autopilot/db/Cipher.tbgen.tcl 
Execute     source /home/sujoy/Documents/VLSI_project/project21/VLSI_Project/solution1/.autopilot/db/Cipher.tbgen.tcl 
Execute     source /home/sujoy/Documents/VLSI_project/project21/VLSI_Project/solution1/.autopilot/db/Cipher.tbgen.tcl 
Execute     source /home/sujoy/Documents/VLSI_project/project21/VLSI_Project/solution1/.autopilot/db/Cipher.tbgen.tcl 
Execute     source /home/sujoy/Documents/VLSI_project/project21/VLSI_Project/solution1/.autopilot/db/Cipher.tbgen.tcl 
Execute     source /home/sujoy/Documents/VLSI_project/project21/VLSI_Project/solution1/.autopilot/db/Cipher.tbgen.tcl 
Execute     source /home/sujoy/Documents/VLSI_project/project21/VLSI_Project/solution1/.autopilot/db/Cipher.tbgen.tcl 
Execute     source /home/sujoy/Documents/VLSI_project/project21/VLSI_Project/solution1/.autopilot/db/Cipher.tbgen.tcl 
Execute     source /home/sujoy/Documents/VLSI_project/project21/VLSI_Project/solution1/.autopilot/db/Cipher.tbgen.tcl 
Execute     source /home/sujoy/Documents/VLSI_project/project21/VLSI_Project/solution1/.autopilot/db/Cipher.tbgen.tcl 
Execute     source /home/sujoy/Documents/VLSI_project/project21/VLSI_Project/solution1/.autopilot/db/Cipher.tbgen.tcl 
Execute     source /home/sujoy/Documents/VLSI_project/project21/VLSI_Project/solution1/.autopilot/db/Cipher.tbgen.tcl 
Execute     source /home/sujoy/Documents/VLSI_project/project21/VLSI_Project/solution1/.autopilot/db/Cipher.tbgen.tcl 
Execute     source /home/sujoy/Documents/VLSI_project/project21/VLSI_Project/solution1/.autopilot/db/Cipher.tbgen.tcl 
Execute     source /home/sujoy/Documents/VLSI_project/project21/VLSI_Project/solution1/.autopilot/db/Cipher.tbgen.tcl 
Execute     source /home/sujoy/Documents/VLSI_project/project21/VLSI_Project/solution1/.autopilot/db/Cipher.tbgen.tcl 
Execute     source ../tv/cdatafile/ref.tcl 
Execute     source /home/sujoy/Documents/VLSI_project/project21/VLSI_Project/solution1/.autopilot/db/Cipher.tbgen.tcl 
Execute     source /home/sujoy/Documents/VLSI_project/project21/VLSI_Project/solution1/.autopilot/db/Cipher.tbgen.tcl 
Execute     source /home/sujoy/Documents/VLSI_project/project21/VLSI_Project/solution1/.autopilot/db/Cipher.tbgen.tcl 
Execute     source /home/sujoy/Documents/VLSI_project/project21/VLSI_Project/solution1/.autopilot/db/Cipher.tbgen.tcl 
Execute     source /home/sujoy/Documents/VLSI_project/project21/VLSI_Project/solution1/.autopilot/db/Cipher.tbgen.tcl 
Execute     source /home/sujoy/Documents/VLSI_project/project21/VLSI_Project/solution1/.autopilot/db/Cipher.tbgen.tcl 
Execute     source /home/sujoy/Documents/VLSI_project/project21/VLSI_Project/solution1/.autopilot/db/Cipher.tbgen.tcl 
Execute     source /home/sujoy/Documents/VLSI_project/project21/VLSI_Project/solution1/.autopilot/db/Cipher.tbgen.tcl 
Execute     source /home/sujoy/Documents/VLSI_project/project21/VLSI_Project/solution1/.autopilot/db/Cipher.tbgen.tcl 
Execute     source /home/sujoy/Documents/VLSI_project/project21/VLSI_Project/solution1/.autopilot/db/Cipher.tbgen.tcl 
Execute     source /home/sujoy/Documents/VLSI_project/project21/VLSI_Project/solution1/.autopilot/db/Cipher.tbgen.tcl 
INFO: [COSIM 212-1] *** C/RTL co-simulation file generation completed. ***
Execute     source .run_sim.tcl 
Execute       source check_sim.tcl 
Execute       source .sim.status.tcl 
INFO: [COSIM 212-323] Starting verilog simulation. 
INFO: [COSIM 212-15] Starting XSIM ...
INFO: [COSIM 212-316] Starting C post checking ...
Command     ap_source done; 39.84 sec.
INFO: [COSIM 212-1000] *** C/RTL co-simulation finished: PASS ***
Command   cosim_design done; 89.42 sec.
Command ap_source done; 93.58 sec.
Execute cleanup_all 
