

================================================================
== Vivado HLS Report for 'Cipher'
================================================================
* Date:           Wed May 13 18:57:19 2020

* Version:        2019.2 (Build 2704478 on Wed Nov 06 22:10:23 MST 2019)
* Project:        VLSI_Project
* Solution:       solution1
* Product family: virtex7
* Target device:  xc7vx485t-ffg1157-1


================================================================
== Performance Estimates
================================================================
+ Timing: 
    * Summary: 
    +--------+----------+----------+------------+
    |  Clock |  Target  | Estimated| Uncertainty|
    +--------+----------+----------+------------+
    |ap_clk  | 10.00 ns | 5.329 ns |   1.25 ns  |
    +--------+----------+----------+------------+

+ Latency: 
    * Summary: 
    +---------+---------+----------+----------+-----+-----+---------+
    |  Latency (cycles) |  Latency (absolute) |  Interval | Pipeline|
    |   min   |   max   |    min   |    max   | min | max |   Type  |
    +---------+---------+----------+----------+-----+-----+---------+
    |      106|      106| 1.060 us | 1.060 us |  106|  106|   none  |
    +---------+---------+----------+----------+-----+-----+---------+

    + Detail: 
        * Instance: 
        N/A

        * Loop: 
        +------------------+---------+---------+----------+-----------+-----------+------+----------+
        |                  |  Latency (cycles) | Iteration|  Initiation Interval  | Trip |          |
        |     Loop Name    |   min   |   max   |  Latency |  achieved |   target  | Count| Pipelined|
        +------------------+---------+---------+----------+-----------+-----------+------+----------+
        |- Cipher_label33  |       99|       99|        11|          -|          -|     9|    no    |
        +------------------+---------+---------+----------+-----------+-----------+------+----------+

============================================================
+ Verbose Summary: Synthesis Manager
============================================================
InlineROM: 1
ExposeGlobal: 1
============================================================
+ Verbose Summary: CDFG Model
============================================================
IsTopModel: 1
ResetActiveHigh: 1
IsCombinational: 0
IsDatapathOnly: 0
HasWiredReturn: 1
HasMFsm: 0
HasVarLatency: 1
IsPipeline: 0
IsRtlPipelined: 0
IsInstanceOverlapped: 0
IsDontTouch: 0
HasImplIP: 0
IsGatedGlobalClock: 0


============================================================
+ Verbose Summary: Schedule
============================================================
* Number of FSM states : 8
* Pipeline : 0
* Dataflow Pipeline: 0

* FSM state transitions: 
1 --> 2 
2 --> 3 
3 --> 4 7 
4 --> 5 
5 --> 6 
6 --> 3 
7 --> 8 
8 --> 

* FSM state operations: 

State 1 <SV = 0> <Delay = 2.66>
ST_1 : Operation 9 [1/1] (0.00ns)   --->   "%state_0_0_read = call i8 @_ssdm_op_Read.ap_auto.i8P(i8* %state_0_0)" [aes.c:421]   --->   Operation 9 'read' 'state_0_0_read' <Predicate = true> <Delay = 0.00>
ST_1 : Operation 10 [1/1] (0.00ns)   --->   "%state_0_1_read = call i8 @_ssdm_op_Read.ap_auto.i8P(i8* %state_0_1)" [aes.c:421]   --->   Operation 10 'read' 'state_0_1_read' <Predicate = true> <Delay = 0.00>
ST_1 : Operation 11 [1/1] (0.00ns)   --->   "%state_0_2_read = call i8 @_ssdm_op_Read.ap_auto.i8P(i8* %state_0_2)" [aes.c:421]   --->   Operation 11 'read' 'state_0_2_read' <Predicate = true> <Delay = 0.00>
ST_1 : Operation 12 [1/1] (0.00ns)   --->   "%state_0_3_read = call i8 @_ssdm_op_Read.ap_auto.i8P(i8* %state_0_3)" [aes.c:421]   --->   Operation 12 'read' 'state_0_3_read' <Predicate = true> <Delay = 0.00>
ST_1 : Operation 13 [1/1] (0.00ns)   --->   "%state_1_0_read = call i8 @_ssdm_op_Read.ap_auto.i8P(i8* %state_1_0)" [aes.c:421]   --->   Operation 13 'read' 'state_1_0_read' <Predicate = true> <Delay = 0.00>
ST_1 : Operation 14 [1/1] (0.00ns)   --->   "%state_1_1_read = call i8 @_ssdm_op_Read.ap_auto.i8P(i8* %state_1_1)" [aes.c:421]   --->   Operation 14 'read' 'state_1_1_read' <Predicate = true> <Delay = 0.00>
ST_1 : Operation 15 [1/1] (0.00ns)   --->   "%state_1_2_read = call i8 @_ssdm_op_Read.ap_auto.i8P(i8* %state_1_2)" [aes.c:421]   --->   Operation 15 'read' 'state_1_2_read' <Predicate = true> <Delay = 0.00>
ST_1 : Operation 16 [1/1] (0.00ns)   --->   "%state_1_3_read = call i8 @_ssdm_op_Read.ap_auto.i8P(i8* %state_1_3)" [aes.c:421]   --->   Operation 16 'read' 'state_1_3_read' <Predicate = true> <Delay = 0.00>
ST_1 : Operation 17 [1/1] (0.00ns)   --->   "%state_2_0_read = call i8 @_ssdm_op_Read.ap_auto.i8P(i8* %state_2_0)" [aes.c:421]   --->   Operation 17 'read' 'state_2_0_read' <Predicate = true> <Delay = 0.00>
ST_1 : Operation 18 [1/1] (0.00ns)   --->   "%state_2_1_read = call i8 @_ssdm_op_Read.ap_auto.i8P(i8* %state_2_1)" [aes.c:421]   --->   Operation 18 'read' 'state_2_1_read' <Predicate = true> <Delay = 0.00>
ST_1 : Operation 19 [1/1] (0.00ns)   --->   "%state_2_2_read = call i8 @_ssdm_op_Read.ap_auto.i8P(i8* %state_2_2)" [aes.c:421]   --->   Operation 19 'read' 'state_2_2_read' <Predicate = true> <Delay = 0.00>
ST_1 : Operation 20 [1/1] (0.00ns)   --->   "%state_2_3_read = call i8 @_ssdm_op_Read.ap_auto.i8P(i8* %state_2_3)" [aes.c:421]   --->   Operation 20 'read' 'state_2_3_read' <Predicate = true> <Delay = 0.00>
ST_1 : Operation 21 [1/1] (0.00ns)   --->   "%state_3_0_read = call i8 @_ssdm_op_Read.ap_auto.i8P(i8* %state_3_0)" [aes.c:421]   --->   Operation 21 'read' 'state_3_0_read' <Predicate = true> <Delay = 0.00>
ST_1 : Operation 22 [1/1] (0.00ns)   --->   "%state_3_1_read = call i8 @_ssdm_op_Read.ap_auto.i8P(i8* %state_3_1)" [aes.c:421]   --->   Operation 22 'read' 'state_3_1_read' <Predicate = true> <Delay = 0.00>
ST_1 : Operation 23 [1/1] (0.00ns)   --->   "%state_3_2_read = call i8 @_ssdm_op_Read.ap_auto.i8P(i8* %state_3_2)" [aes.c:421]   --->   Operation 23 'read' 'state_3_2_read' <Predicate = true> <Delay = 0.00>
ST_1 : Operation 24 [1/1] (0.00ns)   --->   "%state_3_3_read = call i8 @_ssdm_op_Read.ap_auto.i8P(i8* %state_3_3)" [aes.c:421]   --->   Operation 24 'read' 'state_3_3_read' <Predicate = true> <Delay = 0.00>
ST_1 : Operation 25 [2/2] (2.66ns)   --->   "%call_ret1 = call fastcc { i8, i8, i8, i8, i8, i8, i8, i8, i8, i8, i8, i8, i8, i8, i8, i8 } @AddRoundKey(i6 0, i8 %state_0_0_read, i8 %state_0_1_read, i8 %state_0_2_read, i8 %state_0_3_read, i8 %state_1_0_read, i8 %state_1_1_read, i8 %state_1_2_read, i8 %state_1_3_read, i8 %state_2_0_read, i8 %state_2_1_read, i8 %state_2_2_read, i8 %state_2_3_read, i8 %state_3_0_read, i8 %state_3_1_read, i8 %state_3_2_read, i8 %state_3_3_read, [15 x i8]* %RoundKey_0, [15 x i8]* %RoundKey_1, [15 x i8]* %RoundKey_2, [15 x i8]* %RoundKey_3, [15 x i8]* %RoundKey_4, [15 x i8]* %RoundKey_5, [15 x i8]* %RoundKey_6, [15 x i8]* %RoundKey_7, [15 x i8]* %RoundKey_8, [15 x i8]* %RoundKey_9, [15 x i8]* %RoundKey_10, [15 x i8]* %RoundKey_11, [15 x i8]* %RoundKey_12, [15 x i8]* %RoundKey_13, [15 x i8]* %RoundKey_14, [15 x i8]* %RoundKey_15)" [aes.c:421]   --->   Operation 25 'call' 'call_ret1' <Predicate = true> <Delay = 2.66> <CoreType = "Generic">   --->   Core 0 '' <Latency = 0> <II = 1> <Delay = 1.00> <Generic> <Opcode : >

State 2 <SV = 1> <Delay = 2.08>
ST_2 : Operation 26 [1/1] (0.00ns)   --->   "call void (...)* @_ssdm_op_SpecBitsMap(i8* %state_3_3), !map !50"   --->   Operation 26 'specbitsmap' <Predicate = true> <Delay = 0.00>
ST_2 : Operation 27 [1/1] (0.00ns)   --->   "call void (...)* @_ssdm_op_SpecBitsMap(i8* %state_3_2), !map !56"   --->   Operation 27 'specbitsmap' <Predicate = true> <Delay = 0.00>
ST_2 : Operation 28 [1/1] (0.00ns)   --->   "call void (...)* @_ssdm_op_SpecBitsMap(i8* %state_3_1), !map !62"   --->   Operation 28 'specbitsmap' <Predicate = true> <Delay = 0.00>
ST_2 : Operation 29 [1/1] (0.00ns)   --->   "call void (...)* @_ssdm_op_SpecBitsMap(i8* %state_3_0), !map !68"   --->   Operation 29 'specbitsmap' <Predicate = true> <Delay = 0.00>
ST_2 : Operation 30 [1/1] (0.00ns)   --->   "call void (...)* @_ssdm_op_SpecBitsMap(i8* %state_2_3), !map !74"   --->   Operation 30 'specbitsmap' <Predicate = true> <Delay = 0.00>
ST_2 : Operation 31 [1/1] (0.00ns)   --->   "call void (...)* @_ssdm_op_SpecBitsMap(i8* %state_2_2), !map !79"   --->   Operation 31 'specbitsmap' <Predicate = true> <Delay = 0.00>
ST_2 : Operation 32 [1/1] (0.00ns)   --->   "call void (...)* @_ssdm_op_SpecBitsMap(i8* %state_2_1), !map !84"   --->   Operation 32 'specbitsmap' <Predicate = true> <Delay = 0.00>
ST_2 : Operation 33 [1/1] (0.00ns)   --->   "call void (...)* @_ssdm_op_SpecBitsMap(i8* %state_2_0), !map !89"   --->   Operation 33 'specbitsmap' <Predicate = true> <Delay = 0.00>
ST_2 : Operation 34 [1/1] (0.00ns)   --->   "call void (...)* @_ssdm_op_SpecBitsMap(i8* %state_1_3), !map !94"   --->   Operation 34 'specbitsmap' <Predicate = true> <Delay = 0.00>
ST_2 : Operation 35 [1/1] (0.00ns)   --->   "call void (...)* @_ssdm_op_SpecBitsMap(i8* %state_1_2), !map !99"   --->   Operation 35 'specbitsmap' <Predicate = true> <Delay = 0.00>
ST_2 : Operation 36 [1/1] (0.00ns)   --->   "call void (...)* @_ssdm_op_SpecBitsMap(i8* %state_1_1), !map !104"   --->   Operation 36 'specbitsmap' <Predicate = true> <Delay = 0.00>
ST_2 : Operation 37 [1/1] (0.00ns)   --->   "call void (...)* @_ssdm_op_SpecBitsMap(i8* %state_1_0), !map !109"   --->   Operation 37 'specbitsmap' <Predicate = true> <Delay = 0.00>
ST_2 : Operation 38 [1/1] (0.00ns)   --->   "call void (...)* @_ssdm_op_SpecBitsMap(i8* %state_0_3), !map !114"   --->   Operation 38 'specbitsmap' <Predicate = true> <Delay = 0.00>
ST_2 : Operation 39 [1/1] (0.00ns)   --->   "call void (...)* @_ssdm_op_SpecBitsMap(i8* %state_0_2), !map !119"   --->   Operation 39 'specbitsmap' <Predicate = true> <Delay = 0.00>
ST_2 : Operation 40 [1/1] (0.00ns)   --->   "call void (...)* @_ssdm_op_SpecBitsMap(i8* %state_0_1), !map !124"   --->   Operation 40 'specbitsmap' <Predicate = true> <Delay = 0.00>
ST_2 : Operation 41 [1/1] (0.00ns)   --->   "call void (...)* @_ssdm_op_SpecBitsMap(i8* %state_0_0), !map !129"   --->   Operation 41 'specbitsmap' <Predicate = true> <Delay = 0.00>
ST_2 : Operation 42 [1/1] (0.00ns)   --->   "call void (...)* @_ssdm_op_SpecBitsMap([15 x i8]* %RoundKey_15), !map !134"   --->   Operation 42 'specbitsmap' <Predicate = true> <Delay = 0.00>
ST_2 : Operation 43 [1/1] (0.00ns)   --->   "call void (...)* @_ssdm_op_SpecBitsMap([15 x i8]* %RoundKey_14), !map !140"   --->   Operation 43 'specbitsmap' <Predicate = true> <Delay = 0.00>
ST_2 : Operation 44 [1/1] (0.00ns)   --->   "call void (...)* @_ssdm_op_SpecBitsMap([15 x i8]* %RoundKey_13), !map !146"   --->   Operation 44 'specbitsmap' <Predicate = true> <Delay = 0.00>
ST_2 : Operation 45 [1/1] (0.00ns)   --->   "call void (...)* @_ssdm_op_SpecBitsMap([15 x i8]* %RoundKey_12), !map !152"   --->   Operation 45 'specbitsmap' <Predicate = true> <Delay = 0.00>
ST_2 : Operation 46 [1/1] (0.00ns)   --->   "call void (...)* @_ssdm_op_SpecBitsMap([15 x i8]* %RoundKey_11), !map !158"   --->   Operation 46 'specbitsmap' <Predicate = true> <Delay = 0.00>
ST_2 : Operation 47 [1/1] (0.00ns)   --->   "call void (...)* @_ssdm_op_SpecBitsMap([15 x i8]* %RoundKey_10), !map !164"   --->   Operation 47 'specbitsmap' <Predicate = true> <Delay = 0.00>
ST_2 : Operation 48 [1/1] (0.00ns)   --->   "call void (...)* @_ssdm_op_SpecBitsMap([15 x i8]* %RoundKey_9), !map !170"   --->   Operation 48 'specbitsmap' <Predicate = true> <Delay = 0.00>
ST_2 : Operation 49 [1/1] (0.00ns)   --->   "call void (...)* @_ssdm_op_SpecBitsMap([15 x i8]* %RoundKey_8), !map !176"   --->   Operation 49 'specbitsmap' <Predicate = true> <Delay = 0.00>
ST_2 : Operation 50 [1/1] (0.00ns)   --->   "call void (...)* @_ssdm_op_SpecBitsMap([15 x i8]* %RoundKey_7), !map !182"   --->   Operation 50 'specbitsmap' <Predicate = true> <Delay = 0.00>
ST_2 : Operation 51 [1/1] (0.00ns)   --->   "call void (...)* @_ssdm_op_SpecBitsMap([15 x i8]* %RoundKey_6), !map !188"   --->   Operation 51 'specbitsmap' <Predicate = true> <Delay = 0.00>
ST_2 : Operation 52 [1/1] (0.00ns)   --->   "call void (...)* @_ssdm_op_SpecBitsMap([15 x i8]* %RoundKey_5), !map !194"   --->   Operation 52 'specbitsmap' <Predicate = true> <Delay = 0.00>
ST_2 : Operation 53 [1/1] (0.00ns)   --->   "call void (...)* @_ssdm_op_SpecBitsMap([15 x i8]* %RoundKey_4), !map !200"   --->   Operation 53 'specbitsmap' <Predicate = true> <Delay = 0.00>
ST_2 : Operation 54 [1/1] (0.00ns)   --->   "call void (...)* @_ssdm_op_SpecBitsMap([15 x i8]* %RoundKey_3), !map !206"   --->   Operation 54 'specbitsmap' <Predicate = true> <Delay = 0.00>
ST_2 : Operation 55 [1/1] (0.00ns)   --->   "call void (...)* @_ssdm_op_SpecBitsMap([15 x i8]* %RoundKey_2), !map !212"   --->   Operation 55 'specbitsmap' <Predicate = true> <Delay = 0.00>
ST_2 : Operation 56 [1/1] (0.00ns)   --->   "call void (...)* @_ssdm_op_SpecBitsMap([15 x i8]* %RoundKey_1), !map !218"   --->   Operation 56 'specbitsmap' <Predicate = true> <Delay = 0.00>
ST_2 : Operation 57 [1/1] (0.00ns)   --->   "call void (...)* @_ssdm_op_SpecBitsMap([15 x i8]* %RoundKey_0), !map !224"   --->   Operation 57 'specbitsmap' <Predicate = true> <Delay = 0.00>
ST_2 : Operation 58 [1/1] (0.00ns)   --->   "call void (...)* @_ssdm_op_SpecTopModule([7 x i8]* @Cipher_str) nounwind"   --->   Operation 58 'spectopmodule' <Predicate = true> <Delay = 0.00>
ST_2 : Operation 59 [1/2] (2.08ns)   --->   "%call_ret1 = call fastcc { i8, i8, i8, i8, i8, i8, i8, i8, i8, i8, i8, i8, i8, i8, i8, i8 } @AddRoundKey(i6 0, i8 %state_0_0_read, i8 %state_0_1_read, i8 %state_0_2_read, i8 %state_0_3_read, i8 %state_1_0_read, i8 %state_1_1_read, i8 %state_1_2_read, i8 %state_1_3_read, i8 %state_2_0_read, i8 %state_2_1_read, i8 %state_2_2_read, i8 %state_2_3_read, i8 %state_3_0_read, i8 %state_3_1_read, i8 %state_3_2_read, i8 %state_3_3_read, [15 x i8]* %RoundKey_0, [15 x i8]* %RoundKey_1, [15 x i8]* %RoundKey_2, [15 x i8]* %RoundKey_3, [15 x i8]* %RoundKey_4, [15 x i8]* %RoundKey_5, [15 x i8]* %RoundKey_6, [15 x i8]* %RoundKey_7, [15 x i8]* %RoundKey_8, [15 x i8]* %RoundKey_9, [15 x i8]* %RoundKey_10, [15 x i8]* %RoundKey_11, [15 x i8]* %RoundKey_12, [15 x i8]* %RoundKey_13, [15 x i8]* %RoundKey_14, [15 x i8]* %RoundKey_15)" [aes.c:421]   --->   Operation 59 'call' 'call_ret1' <Predicate = true> <Delay = 2.08> <CoreType = "Generic">   --->   Core 0 '' <Latency = 0> <II = 1> <Delay = 1.00> <Generic> <Opcode : >
ST_2 : Operation 60 [1/1] (0.00ns)   --->   "%state_0_0_ret1 = extractvalue { i8, i8, i8, i8, i8, i8, i8, i8, i8, i8, i8, i8, i8, i8, i8, i8 } %call_ret1, 0" [aes.c:421]   --->   Operation 60 'extractvalue' 'state_0_0_ret1' <Predicate = true> <Delay = 0.00>
ST_2 : Operation 61 [1/1] (0.00ns)   --->   "%state_0_1_ret1 = extractvalue { i8, i8, i8, i8, i8, i8, i8, i8, i8, i8, i8, i8, i8, i8, i8, i8 } %call_ret1, 1" [aes.c:421]   --->   Operation 61 'extractvalue' 'state_0_1_ret1' <Predicate = true> <Delay = 0.00>
ST_2 : Operation 62 [1/1] (0.00ns)   --->   "%state_0_2_ret1 = extractvalue { i8, i8, i8, i8, i8, i8, i8, i8, i8, i8, i8, i8, i8, i8, i8, i8 } %call_ret1, 2" [aes.c:421]   --->   Operation 62 'extractvalue' 'state_0_2_ret1' <Predicate = true> <Delay = 0.00>
ST_2 : Operation 63 [1/1] (0.00ns)   --->   "%state_0_3_ret1 = extractvalue { i8, i8, i8, i8, i8, i8, i8, i8, i8, i8, i8, i8, i8, i8, i8, i8 } %call_ret1, 3" [aes.c:421]   --->   Operation 63 'extractvalue' 'state_0_3_ret1' <Predicate = true> <Delay = 0.00>
ST_2 : Operation 64 [1/1] (0.00ns)   --->   "%state_1_0_ret1 = extractvalue { i8, i8, i8, i8, i8, i8, i8, i8, i8, i8, i8, i8, i8, i8, i8, i8 } %call_ret1, 4" [aes.c:421]   --->   Operation 64 'extractvalue' 'state_1_0_ret1' <Predicate = true> <Delay = 0.00>
ST_2 : Operation 65 [1/1] (0.00ns)   --->   "%state_1_1_ret1 = extractvalue { i8, i8, i8, i8, i8, i8, i8, i8, i8, i8, i8, i8, i8, i8, i8, i8 } %call_ret1, 5" [aes.c:421]   --->   Operation 65 'extractvalue' 'state_1_1_ret1' <Predicate = true> <Delay = 0.00>
ST_2 : Operation 66 [1/1] (0.00ns)   --->   "%state_1_2_ret1 = extractvalue { i8, i8, i8, i8, i8, i8, i8, i8, i8, i8, i8, i8, i8, i8, i8, i8 } %call_ret1, 6" [aes.c:421]   --->   Operation 66 'extractvalue' 'state_1_2_ret1' <Predicate = true> <Delay = 0.00>
ST_2 : Operation 67 [1/1] (0.00ns)   --->   "%state_1_3_ret1 = extractvalue { i8, i8, i8, i8, i8, i8, i8, i8, i8, i8, i8, i8, i8, i8, i8, i8 } %call_ret1, 7" [aes.c:421]   --->   Operation 67 'extractvalue' 'state_1_3_ret1' <Predicate = true> <Delay = 0.00>
ST_2 : Operation 68 [1/1] (0.00ns)   --->   "%state_2_0_ret1 = extractvalue { i8, i8, i8, i8, i8, i8, i8, i8, i8, i8, i8, i8, i8, i8, i8, i8 } %call_ret1, 8" [aes.c:421]   --->   Operation 68 'extractvalue' 'state_2_0_ret1' <Predicate = true> <Delay = 0.00>
ST_2 : Operation 69 [1/1] (0.00ns)   --->   "%state_2_1_ret1 = extractvalue { i8, i8, i8, i8, i8, i8, i8, i8, i8, i8, i8, i8, i8, i8, i8, i8 } %call_ret1, 9" [aes.c:421]   --->   Operation 69 'extractvalue' 'state_2_1_ret1' <Predicate = true> <Delay = 0.00>
ST_2 : Operation 70 [1/1] (0.00ns)   --->   "%state_2_2_ret1 = extractvalue { i8, i8, i8, i8, i8, i8, i8, i8, i8, i8, i8, i8, i8, i8, i8, i8 } %call_ret1, 10" [aes.c:421]   --->   Operation 70 'extractvalue' 'state_2_2_ret1' <Predicate = true> <Delay = 0.00>
ST_2 : Operation 71 [1/1] (0.00ns)   --->   "%state_2_3_ret1 = extractvalue { i8, i8, i8, i8, i8, i8, i8, i8, i8, i8, i8, i8, i8, i8, i8, i8 } %call_ret1, 11" [aes.c:421]   --->   Operation 71 'extractvalue' 'state_2_3_ret1' <Predicate = true> <Delay = 0.00>
ST_2 : Operation 72 [1/1] (0.00ns)   --->   "%state_3_0_ret1 = extractvalue { i8, i8, i8, i8, i8, i8, i8, i8, i8, i8, i8, i8, i8, i8, i8, i8 } %call_ret1, 12" [aes.c:421]   --->   Operation 72 'extractvalue' 'state_3_0_ret1' <Predicate = true> <Delay = 0.00>
ST_2 : Operation 73 [1/1] (0.00ns)   --->   "%state_3_1_ret1 = extractvalue { i8, i8, i8, i8, i8, i8, i8, i8, i8, i8, i8, i8, i8, i8, i8, i8 } %call_ret1, 13" [aes.c:421]   --->   Operation 73 'extractvalue' 'state_3_1_ret1' <Predicate = true> <Delay = 0.00>
ST_2 : Operation 74 [1/1] (0.00ns)   --->   "%state_3_2_ret1 = extractvalue { i8, i8, i8, i8, i8, i8, i8, i8, i8, i8, i8, i8, i8, i8, i8, i8 } %call_ret1, 14" [aes.c:421]   --->   Operation 74 'extractvalue' 'state_3_2_ret1' <Predicate = true> <Delay = 0.00>
ST_2 : Operation 75 [1/1] (0.00ns)   --->   "%state_3_3_ret1 = extractvalue { i8, i8, i8, i8, i8, i8, i8, i8, i8, i8, i8, i8, i8, i8, i8, i8 } %call_ret1, 15" [aes.c:421]   --->   Operation 75 'extractvalue' 'state_3_3_ret1' <Predicate = true> <Delay = 0.00>
ST_2 : Operation 76 [1/1] (1.18ns)   --->   "br label %1" [aes.c:426]   --->   Operation 76 'br' <Predicate = true> <Delay = 1.18>

State 3 <SV = 2> <Delay = 3.84>
ST_3 : Operation 77 [1/1] (0.00ns)   --->   "%state_3_330 = phi i8 [ %state_3_3_ret1, %0 ], [ %state_3_3_ret6, %2 ]" [aes.c:421]   --->   Operation 77 'phi' 'state_3_330' <Predicate = true> <Delay = 0.00>
ST_3 : Operation 78 [1/1] (0.00ns)   --->   "%state_3_229 = phi i8 [ %state_3_2_ret1, %0 ], [ %state_3_2_ret6, %2 ]" [aes.c:421]   --->   Operation 78 'phi' 'state_3_229' <Predicate = true> <Delay = 0.00>
ST_3 : Operation 79 [1/1] (0.00ns)   --->   "%state_3_128 = phi i8 [ %state_3_1_ret1, %0 ], [ %state_3_1_ret6, %2 ]" [aes.c:421]   --->   Operation 79 'phi' 'state_3_128' <Predicate = true> <Delay = 0.00>
ST_3 : Operation 80 [1/1] (0.00ns)   --->   "%state_3_027 = phi i8 [ %state_3_0_ret1, %0 ], [ %state_3_0_ret4, %2 ]" [aes.c:421]   --->   Operation 80 'phi' 'state_3_027' <Predicate = true> <Delay = 0.00>
ST_3 : Operation 81 [1/1] (0.00ns)   --->   "%state_2_326 = phi i8 [ %state_2_3_ret1, %0 ], [ %state_2_3_ret6, %2 ]" [aes.c:421]   --->   Operation 81 'phi' 'state_2_326' <Predicate = true> <Delay = 0.00>
ST_3 : Operation 82 [1/1] (0.00ns)   --->   "%state_2_225 = phi i8 [ %state_2_2_ret1, %0 ], [ %state_2_2_ret6, %2 ]" [aes.c:421]   --->   Operation 82 'phi' 'state_2_225' <Predicate = true> <Delay = 0.00>
ST_3 : Operation 83 [1/1] (0.00ns)   --->   "%state_2_124 = phi i8 [ %state_2_1_ret1, %0 ], [ %state_2_1_ret6, %2 ]" [aes.c:421]   --->   Operation 83 'phi' 'state_2_124' <Predicate = true> <Delay = 0.00>
ST_3 : Operation 84 [1/1] (0.00ns)   --->   "%state_2_023 = phi i8 [ %state_2_0_ret1, %0 ], [ %state_2_0_ret4, %2 ]" [aes.c:421]   --->   Operation 84 'phi' 'state_2_023' <Predicate = true> <Delay = 0.00>
ST_3 : Operation 85 [1/1] (0.00ns)   --->   "%state_1_322 = phi i8 [ %state_1_3_ret1, %0 ], [ %state_1_3_ret6, %2 ]" [aes.c:421]   --->   Operation 85 'phi' 'state_1_322' <Predicate = true> <Delay = 0.00>
ST_3 : Operation 86 [1/1] (0.00ns)   --->   "%state_1_221 = phi i8 [ %state_1_2_ret1, %0 ], [ %state_1_2_ret6, %2 ]" [aes.c:421]   --->   Operation 86 'phi' 'state_1_221' <Predicate = true> <Delay = 0.00>
ST_3 : Operation 87 [1/1] (0.00ns)   --->   "%state_1_120 = phi i8 [ %state_1_1_ret1, %0 ], [ %state_1_1_ret6, %2 ]" [aes.c:421]   --->   Operation 87 'phi' 'state_1_120' <Predicate = true> <Delay = 0.00>
ST_3 : Operation 88 [1/1] (0.00ns)   --->   "%state_1_019 = phi i8 [ %state_1_0_ret1, %0 ], [ %state_1_0_ret4, %2 ]" [aes.c:421]   --->   Operation 88 'phi' 'state_1_019' <Predicate = true> <Delay = 0.00>
ST_3 : Operation 89 [1/1] (0.00ns)   --->   "%state_0_318 = phi i8 [ %state_0_3_ret1, %0 ], [ %state_0_3_ret6, %2 ]" [aes.c:421]   --->   Operation 89 'phi' 'state_0_318' <Predicate = true> <Delay = 0.00>
ST_3 : Operation 90 [1/1] (0.00ns)   --->   "%state_0_217 = phi i8 [ %state_0_2_ret1, %0 ], [ %state_0_2_ret6, %2 ]" [aes.c:421]   --->   Operation 90 'phi' 'state_0_217' <Predicate = true> <Delay = 0.00>
ST_3 : Operation 91 [1/1] (0.00ns)   --->   "%state_0_116 = phi i8 [ %state_0_1_ret1, %0 ], [ %state_0_1_ret6, %2 ]" [aes.c:421]   --->   Operation 91 'phi' 'state_0_116' <Predicate = true> <Delay = 0.00>
ST_3 : Operation 92 [1/1] (0.00ns)   --->   "%state_0_015 = phi i8 [ %state_0_0_ret1, %0 ], [ %state_0_0_ret4, %2 ]" [aes.c:421]   --->   Operation 92 'phi' 'state_0_015' <Predicate = true> <Delay = 0.00>
ST_3 : Operation 93 [1/1] (0.00ns)   --->   "%round_0 = phi i4 [ 1, %0 ], [ %round, %2 ]"   --->   Operation 93 'phi' 'round_0' <Predicate = true> <Delay = 0.00>
ST_3 : Operation 94 [1/1] (1.12ns)   --->   "%icmp_ln426 = icmp eq i4 %round_0, -6" [aes.c:426]   --->   Operation 94 'icmp' 'icmp_ln426' <Predicate = true> <Delay = 1.12> <Core = "Cmp">   --->   Core 25 'Cmp' <Latency = 0> <II = 1> <Delay = 1.12> <FuncUnit> <Opcode : 'icmp'> <InPorts = 2> <OutPorts = 1>
ST_3 : Operation 95 [1/1] (0.00ns)   --->   "%empty = call i32 (...)* @_ssdm_op_SpecLoopTripCount(i64 9, i64 9, i64 9) nounwind"   --->   Operation 95 'speclooptripcount' 'empty' <Predicate = true> <Delay = 0.00>
ST_3 : Operation 96 [1/1] (0.00ns)   --->   "br i1 %icmp_ln426, label %3, label %2" [aes.c:426]   --->   Operation 96 'br' <Predicate = true> <Delay = 0.00>
ST_3 : Operation 97 [2/2] (3.84ns)   --->   "%call_ret4 = call fastcc { i8, i8, i8, i8, i8, i8, i8, i8, i8, i8, i8, i8, i8, i8, i8, i8 } @SubBytes(i8 %state_0_015, i8 %state_0_116, i8 %state_0_217, i8 %state_0_318, i8 %state_1_019, i8 %state_1_120, i8 %state_1_221, i8 %state_1_322, i8 %state_2_023, i8 %state_2_124, i8 %state_2_225, i8 %state_2_326, i8 %state_3_027, i8 %state_3_128, i8 %state_3_229, i8 %state_3_330)" [aes.c:428]   --->   Operation 97 'call' 'call_ret4' <Predicate = (!icmp_ln426)> <Delay = 3.84> <CoreType = "Generic">   --->   Core 0 '' <Latency = 0> <II = 1> <Delay = 1.00> <Generic> <Opcode : >
ST_3 : Operation 98 [2/2] (3.84ns)   --->   "%call_ret = call fastcc { i8, i8, i8, i8, i8, i8, i8, i8, i8, i8, i8, i8, i8, i8, i8, i8 } @SubBytes(i8 %state_0_015, i8 %state_0_116, i8 %state_0_217, i8 %state_0_318, i8 %state_1_019, i8 %state_1_120, i8 %state_1_221, i8 %state_1_322, i8 %state_2_023, i8 %state_2_124, i8 %state_2_225, i8 %state_2_326, i8 %state_3_027, i8 %state_3_128, i8 %state_3_229, i8 %state_3_330)" [aes.c:436]   --->   Operation 98 'call' 'call_ret' <Predicate = (icmp_ln426)> <Delay = 3.84> <CoreType = "Generic">   --->   Core 0 '' <Latency = 0> <II = 1> <Delay = 1.00> <Generic> <Opcode : >

State 4 <SV = 3> <Delay = 3.84>
ST_4 : Operation 99 [1/2] (2.66ns)   --->   "%call_ret4 = call fastcc { i8, i8, i8, i8, i8, i8, i8, i8, i8, i8, i8, i8, i8, i8, i8, i8 } @SubBytes(i8 %state_0_015, i8 %state_0_116, i8 %state_0_217, i8 %state_0_318, i8 %state_1_019, i8 %state_1_120, i8 %state_1_221, i8 %state_1_322, i8 %state_2_023, i8 %state_2_124, i8 %state_2_225, i8 %state_2_326, i8 %state_3_027, i8 %state_3_128, i8 %state_3_229, i8 %state_3_330)" [aes.c:428]   --->   Operation 99 'call' 'call_ret4' <Predicate = true> <Delay = 2.66> <CoreType = "Generic">   --->   Core 0 '' <Latency = 0> <II = 1> <Delay = 1.00> <Generic> <Opcode : >
ST_4 : Operation 100 [1/1] (0.00ns)   --->   "%state_0_0_ret3 = extractvalue { i8, i8, i8, i8, i8, i8, i8, i8, i8, i8, i8, i8, i8, i8, i8, i8 } %call_ret4, 0" [aes.c:428]   --->   Operation 100 'extractvalue' 'state_0_0_ret3' <Predicate = true> <Delay = 0.00>
ST_4 : Operation 101 [1/1] (0.00ns)   --->   "call void @_ssdm_op_Write.ap_auto.i8P(i8* %state_0_0, i8 %state_0_0_ret3)" [aes.c:428]   --->   Operation 101 'write' <Predicate = true> <Delay = 0.00>
ST_4 : Operation 102 [1/1] (0.00ns)   --->   "%temp_4 = extractvalue { i8, i8, i8, i8, i8, i8, i8, i8, i8, i8, i8, i8, i8, i8, i8, i8 } %call_ret4, 1" [aes.c:428]   --->   Operation 102 'extractvalue' 'temp_4' <Predicate = true> <Delay = 0.00>
ST_4 : Operation 103 [1/1] (0.00ns)   --->   "%temp_5 = extractvalue { i8, i8, i8, i8, i8, i8, i8, i8, i8, i8, i8, i8, i8, i8, i8, i8 } %call_ret4, 2" [aes.c:428]   --->   Operation 103 'extractvalue' 'temp_5' <Predicate = true> <Delay = 0.00>
ST_4 : Operation 104 [1/1] (0.00ns)   --->   "%temp_7 = extractvalue { i8, i8, i8, i8, i8, i8, i8, i8, i8, i8, i8, i8, i8, i8, i8, i8 } %call_ret4, 3" [aes.c:428]   --->   Operation 104 'extractvalue' 'temp_7' <Predicate = true> <Delay = 0.00>
ST_4 : Operation 105 [1/1] (0.00ns)   --->   "%state_1_0_ret3 = extractvalue { i8, i8, i8, i8, i8, i8, i8, i8, i8, i8, i8, i8, i8, i8, i8, i8 } %call_ret4, 4" [aes.c:428]   --->   Operation 105 'extractvalue' 'state_1_0_ret3' <Predicate = true> <Delay = 0.00>
ST_4 : Operation 106 [1/1] (0.00ns)   --->   "call void @_ssdm_op_Write.ap_auto.i8P(i8* %state_1_0, i8 %state_1_0_ret3)" [aes.c:428]   --->   Operation 106 'write' <Predicate = true> <Delay = 0.00>
ST_4 : Operation 107 [1/1] (0.00ns)   --->   "%state_1_1_read_ass = extractvalue { i8, i8, i8, i8, i8, i8, i8, i8, i8, i8, i8, i8, i8, i8, i8, i8 } %call_ret4, 5" [aes.c:428]   --->   Operation 107 'extractvalue' 'state_1_1_read_ass' <Predicate = true> <Delay = 0.00>
ST_4 : Operation 108 [1/1] (0.00ns)   --->   "%temp_6 = extractvalue { i8, i8, i8, i8, i8, i8, i8, i8, i8, i8, i8, i8, i8, i8, i8, i8 } %call_ret4, 6" [aes.c:428]   --->   Operation 108 'extractvalue' 'temp_6' <Predicate = true> <Delay = 0.00>
ST_4 : Operation 109 [1/1] (0.00ns)   --->   "%state_1_3_read_ass = extractvalue { i8, i8, i8, i8, i8, i8, i8, i8, i8, i8, i8, i8, i8, i8, i8, i8 } %call_ret4, 7" [aes.c:428]   --->   Operation 109 'extractvalue' 'state_1_3_read_ass' <Predicate = true> <Delay = 0.00>
ST_4 : Operation 110 [1/1] (0.00ns)   --->   "%state_2_0_ret3 = extractvalue { i8, i8, i8, i8, i8, i8, i8, i8, i8, i8, i8, i8, i8, i8, i8, i8 } %call_ret4, 8" [aes.c:428]   --->   Operation 110 'extractvalue' 'state_2_0_ret3' <Predicate = true> <Delay = 0.00>
ST_4 : Operation 111 [1/1] (0.00ns)   --->   "call void @_ssdm_op_Write.ap_auto.i8P(i8* %state_2_0, i8 %state_2_0_ret3)" [aes.c:428]   --->   Operation 111 'write' <Predicate = true> <Delay = 0.00>
ST_4 : Operation 112 [1/1] (0.00ns)   --->   "%state_2_1_read_ass = extractvalue { i8, i8, i8, i8, i8, i8, i8, i8, i8, i8, i8, i8, i8, i8, i8, i8 } %call_ret4, 9" [aes.c:428]   --->   Operation 112 'extractvalue' 'state_2_1_read_ass' <Predicate = true> <Delay = 0.00>
ST_4 : Operation 113 [1/1] (0.00ns)   --->   "%state_2_2_read_ass = extractvalue { i8, i8, i8, i8, i8, i8, i8, i8, i8, i8, i8, i8, i8, i8, i8, i8 } %call_ret4, 10" [aes.c:428]   --->   Operation 113 'extractvalue' 'state_2_2_read_ass' <Predicate = true> <Delay = 0.00>
ST_4 : Operation 114 [1/1] (0.00ns)   --->   "%state_2_3_read_ass = extractvalue { i8, i8, i8, i8, i8, i8, i8, i8, i8, i8, i8, i8, i8, i8, i8, i8 } %call_ret4, 11" [aes.c:428]   --->   Operation 114 'extractvalue' 'state_2_3_read_ass' <Predicate = true> <Delay = 0.00>
ST_4 : Operation 115 [1/1] (0.00ns)   --->   "%state_3_0_ret3 = extractvalue { i8, i8, i8, i8, i8, i8, i8, i8, i8, i8, i8, i8, i8, i8, i8, i8 } %call_ret4, 12" [aes.c:428]   --->   Operation 115 'extractvalue' 'state_3_0_ret3' <Predicate = true> <Delay = 0.00>
ST_4 : Operation 116 [1/1] (0.00ns)   --->   "call void @_ssdm_op_Write.ap_auto.i8P(i8* %state_3_0, i8 %state_3_0_ret3)" [aes.c:428]   --->   Operation 116 'write' <Predicate = true> <Delay = 0.00>
ST_4 : Operation 117 [1/1] (0.00ns)   --->   "%state_3_1_read_ass = extractvalue { i8, i8, i8, i8, i8, i8, i8, i8, i8, i8, i8, i8, i8, i8, i8, i8 } %call_ret4, 13" [aes.c:428]   --->   Operation 117 'extractvalue' 'state_3_1_read_ass' <Predicate = true> <Delay = 0.00>
ST_4 : Operation 118 [1/1] (0.00ns)   --->   "%state_3_2_read_ass = extractvalue { i8, i8, i8, i8, i8, i8, i8, i8, i8, i8, i8, i8, i8, i8, i8, i8 } %call_ret4, 14" [aes.c:428]   --->   Operation 118 'extractvalue' 'state_3_2_read_ass' <Predicate = true> <Delay = 0.00>
ST_4 : Operation 119 [1/1] (0.00ns)   --->   "%state_3_3_read_ass = extractvalue { i8, i8, i8, i8, i8, i8, i8, i8, i8, i8, i8, i8, i8, i8, i8, i8 } %call_ret4, 15" [aes.c:428]   --->   Operation 119 'extractvalue' 'state_3_3_read_ass' <Predicate = true> <Delay = 0.00>
ST_4 : Operation 120 [1/1] (0.00ns)   --->   "call void @_ssdm_op_Write.ap_auto.i8P(i8* %state_0_1, i8 %state_1_1_read_ass)" [aes.c:429]   --->   Operation 120 'write' <Predicate = true> <Delay = 0.00>
ST_4 : Operation 121 [1/1] (0.00ns)   --->   "call void @_ssdm_op_Write.ap_auto.i8P(i8* %state_0_2, i8 %state_2_2_read_ass)" [aes.c:429]   --->   Operation 121 'write' <Predicate = true> <Delay = 0.00>
ST_4 : Operation 122 [1/1] (0.00ns)   --->   "call void @_ssdm_op_Write.ap_auto.i8P(i8* %state_0_3, i8 %state_3_3_read_ass)" [aes.c:429]   --->   Operation 122 'write' <Predicate = true> <Delay = 0.00>
ST_4 : Operation 123 [1/1] (0.00ns)   --->   "call void @_ssdm_op_Write.ap_auto.i8P(i8* %state_1_1, i8 %state_2_1_read_ass)" [aes.c:429]   --->   Operation 123 'write' <Predicate = true> <Delay = 0.00>
ST_4 : Operation 124 [1/1] (0.00ns)   --->   "call void @_ssdm_op_Write.ap_auto.i8P(i8* %state_1_2, i8 %state_3_2_read_ass)" [aes.c:429]   --->   Operation 124 'write' <Predicate = true> <Delay = 0.00>
ST_4 : Operation 125 [1/1] (0.00ns)   --->   "call void @_ssdm_op_Write.ap_auto.i8P(i8* %state_1_3, i8 %temp_7)" [aes.c:429]   --->   Operation 125 'write' <Predicate = true> <Delay = 0.00>
ST_4 : Operation 126 [1/1] (0.00ns)   --->   "call void @_ssdm_op_Write.ap_auto.i8P(i8* %state_2_1, i8 %state_3_1_read_ass)" [aes.c:429]   --->   Operation 126 'write' <Predicate = true> <Delay = 0.00>
ST_4 : Operation 127 [1/1] (0.00ns)   --->   "call void @_ssdm_op_Write.ap_auto.i8P(i8* %state_2_2, i8 %temp_5)" [aes.c:429]   --->   Operation 127 'write' <Predicate = true> <Delay = 0.00>
ST_4 : Operation 128 [1/1] (0.00ns)   --->   "call void @_ssdm_op_Write.ap_auto.i8P(i8* %state_2_3, i8 %state_1_3_read_ass)" [aes.c:429]   --->   Operation 128 'write' <Predicate = true> <Delay = 0.00>
ST_4 : Operation 129 [1/1] (0.00ns)   --->   "call void @_ssdm_op_Write.ap_auto.i8P(i8* %state_3_1, i8 %temp_4)" [aes.c:429]   --->   Operation 129 'write' <Predicate = true> <Delay = 0.00>
ST_4 : Operation 130 [1/1] (0.00ns)   --->   "call void @_ssdm_op_Write.ap_auto.i8P(i8* %state_3_2, i8 %temp_6)" [aes.c:429]   --->   Operation 130 'write' <Predicate = true> <Delay = 0.00>
ST_4 : Operation 131 [1/1] (0.00ns)   --->   "call void @_ssdm_op_Write.ap_auto.i8P(i8* %state_3_3, i8 %state_2_3_read_ass)" [aes.c:429]   --->   Operation 131 'write' <Predicate = true> <Delay = 0.00>
ST_4 : Operation 132 [2/2] (1.18ns)   --->   "%call_ret2 = call fastcc { i8, i8, i8, i8, i8, i8, i8, i8, i8, i8, i8, i8, i8, i8, i8, i8 } @MixColumns(i8 %state_0_0_ret3, i8 %state_1_1_read_ass, i8 %state_2_2_read_ass, i8 %state_3_3_read_ass, i8 %state_1_0_ret3, i8 %state_2_1_read_ass, i8 %state_3_2_read_ass, i8 %temp_7, i8 %state_2_0_ret3, i8 %state_3_1_read_ass, i8 %temp_5, i8 %state_1_3_read_ass, i8 %state_3_0_ret3, i8 %temp_4, i8 %temp_6, i8 %state_2_3_read_ass)" [aes.c:430]   --->   Operation 132 'call' 'call_ret2' <Predicate = true> <Delay = 1.18> <CoreType = "Generic">   --->   Core 0 '' <Latency = 0> <II = 1> <Delay = 1.00> <Generic> <Opcode : >

State 5 <SV = 4> <Delay = 2.66>
ST_5 : Operation 133 [1/2] (0.00ns)   --->   "%call_ret2 = call fastcc { i8, i8, i8, i8, i8, i8, i8, i8, i8, i8, i8, i8, i8, i8, i8, i8 } @MixColumns(i8 %state_0_0_ret3, i8 %state_1_1_read_ass, i8 %state_2_2_read_ass, i8 %state_3_3_read_ass, i8 %state_1_0_ret3, i8 %state_2_1_read_ass, i8 %state_3_2_read_ass, i8 %temp_7, i8 %state_2_0_ret3, i8 %state_3_1_read_ass, i8 %temp_5, i8 %state_1_3_read_ass, i8 %state_3_0_ret3, i8 %temp_4, i8 %temp_6, i8 %state_2_3_read_ass)" [aes.c:430]   --->   Operation 133 'call' 'call_ret2' <Predicate = true> <Delay = 0.00> <CoreType = "Generic">   --->   Core 0 '' <Latency = 0> <II = 1> <Delay = 1.00> <Generic> <Opcode : >
ST_5 : Operation 134 [1/1] (0.00ns)   --->   "%state_0_0_ret = extractvalue { i8, i8, i8, i8, i8, i8, i8, i8, i8, i8, i8, i8, i8, i8, i8, i8 } %call_ret2, 0" [aes.c:430]   --->   Operation 134 'extractvalue' 'state_0_0_ret' <Predicate = true> <Delay = 0.00>
ST_5 : Operation 135 [1/1] (0.00ns)   --->   "call void @_ssdm_op_Write.ap_auto.i8P(i8* %state_0_0, i8 %state_0_0_ret)" [aes.c:430]   --->   Operation 135 'write' <Predicate = true> <Delay = 0.00>
ST_5 : Operation 136 [1/1] (0.00ns)   --->   "%state_0_1_ret = extractvalue { i8, i8, i8, i8, i8, i8, i8, i8, i8, i8, i8, i8, i8, i8, i8, i8 } %call_ret2, 1" [aes.c:430]   --->   Operation 136 'extractvalue' 'state_0_1_ret' <Predicate = true> <Delay = 0.00>
ST_5 : Operation 137 [1/1] (0.00ns)   --->   "call void @_ssdm_op_Write.ap_auto.i8P(i8* %state_0_1, i8 %state_0_1_ret)" [aes.c:430]   --->   Operation 137 'write' <Predicate = true> <Delay = 0.00>
ST_5 : Operation 138 [1/1] (0.00ns)   --->   "%state_0_2_ret = extractvalue { i8, i8, i8, i8, i8, i8, i8, i8, i8, i8, i8, i8, i8, i8, i8, i8 } %call_ret2, 2" [aes.c:430]   --->   Operation 138 'extractvalue' 'state_0_2_ret' <Predicate = true> <Delay = 0.00>
ST_5 : Operation 139 [1/1] (0.00ns)   --->   "call void @_ssdm_op_Write.ap_auto.i8P(i8* %state_0_2, i8 %state_0_2_ret)" [aes.c:430]   --->   Operation 139 'write' <Predicate = true> <Delay = 0.00>
ST_5 : Operation 140 [1/1] (0.00ns)   --->   "%state_0_3_ret = extractvalue { i8, i8, i8, i8, i8, i8, i8, i8, i8, i8, i8, i8, i8, i8, i8, i8 } %call_ret2, 3" [aes.c:430]   --->   Operation 140 'extractvalue' 'state_0_3_ret' <Predicate = true> <Delay = 0.00>
ST_5 : Operation 141 [1/1] (0.00ns)   --->   "call void @_ssdm_op_Write.ap_auto.i8P(i8* %state_0_3, i8 %state_0_3_ret)" [aes.c:430]   --->   Operation 141 'write' <Predicate = true> <Delay = 0.00>
ST_5 : Operation 142 [1/1] (0.00ns)   --->   "%state_1_0_ret = extractvalue { i8, i8, i8, i8, i8, i8, i8, i8, i8, i8, i8, i8, i8, i8, i8, i8 } %call_ret2, 4" [aes.c:430]   --->   Operation 142 'extractvalue' 'state_1_0_ret' <Predicate = true> <Delay = 0.00>
ST_5 : Operation 143 [1/1] (0.00ns)   --->   "call void @_ssdm_op_Write.ap_auto.i8P(i8* %state_1_0, i8 %state_1_0_ret)" [aes.c:430]   --->   Operation 143 'write' <Predicate = true> <Delay = 0.00>
ST_5 : Operation 144 [1/1] (0.00ns)   --->   "%state_1_1_ret = extractvalue { i8, i8, i8, i8, i8, i8, i8, i8, i8, i8, i8, i8, i8, i8, i8, i8 } %call_ret2, 5" [aes.c:430]   --->   Operation 144 'extractvalue' 'state_1_1_ret' <Predicate = true> <Delay = 0.00>
ST_5 : Operation 145 [1/1] (0.00ns)   --->   "call void @_ssdm_op_Write.ap_auto.i8P(i8* %state_1_1, i8 %state_1_1_ret)" [aes.c:430]   --->   Operation 145 'write' <Predicate = true> <Delay = 0.00>
ST_5 : Operation 146 [1/1] (0.00ns)   --->   "%state_1_2_ret = extractvalue { i8, i8, i8, i8, i8, i8, i8, i8, i8, i8, i8, i8, i8, i8, i8, i8 } %call_ret2, 6" [aes.c:430]   --->   Operation 146 'extractvalue' 'state_1_2_ret' <Predicate = true> <Delay = 0.00>
ST_5 : Operation 147 [1/1] (0.00ns)   --->   "call void @_ssdm_op_Write.ap_auto.i8P(i8* %state_1_2, i8 %state_1_2_ret)" [aes.c:430]   --->   Operation 147 'write' <Predicate = true> <Delay = 0.00>
ST_5 : Operation 148 [1/1] (0.00ns)   --->   "%state_1_3_ret = extractvalue { i8, i8, i8, i8, i8, i8, i8, i8, i8, i8, i8, i8, i8, i8, i8, i8 } %call_ret2, 7" [aes.c:430]   --->   Operation 148 'extractvalue' 'state_1_3_ret' <Predicate = true> <Delay = 0.00>
ST_5 : Operation 149 [1/1] (0.00ns)   --->   "call void @_ssdm_op_Write.ap_auto.i8P(i8* %state_1_3, i8 %state_1_3_ret)" [aes.c:430]   --->   Operation 149 'write' <Predicate = true> <Delay = 0.00>
ST_5 : Operation 150 [1/1] (0.00ns)   --->   "%state_2_0_ret = extractvalue { i8, i8, i8, i8, i8, i8, i8, i8, i8, i8, i8, i8, i8, i8, i8, i8 } %call_ret2, 8" [aes.c:430]   --->   Operation 150 'extractvalue' 'state_2_0_ret' <Predicate = true> <Delay = 0.00>
ST_5 : Operation 151 [1/1] (0.00ns)   --->   "call void @_ssdm_op_Write.ap_auto.i8P(i8* %state_2_0, i8 %state_2_0_ret)" [aes.c:430]   --->   Operation 151 'write' <Predicate = true> <Delay = 0.00>
ST_5 : Operation 152 [1/1] (0.00ns)   --->   "%state_2_1_ret = extractvalue { i8, i8, i8, i8, i8, i8, i8, i8, i8, i8, i8, i8, i8, i8, i8, i8 } %call_ret2, 9" [aes.c:430]   --->   Operation 152 'extractvalue' 'state_2_1_ret' <Predicate = true> <Delay = 0.00>
ST_5 : Operation 153 [1/1] (0.00ns)   --->   "call void @_ssdm_op_Write.ap_auto.i8P(i8* %state_2_1, i8 %state_2_1_ret)" [aes.c:430]   --->   Operation 153 'write' <Predicate = true> <Delay = 0.00>
ST_5 : Operation 154 [1/1] (0.00ns)   --->   "%state_2_2_ret = extractvalue { i8, i8, i8, i8, i8, i8, i8, i8, i8, i8, i8, i8, i8, i8, i8, i8 } %call_ret2, 10" [aes.c:430]   --->   Operation 154 'extractvalue' 'state_2_2_ret' <Predicate = true> <Delay = 0.00>
ST_5 : Operation 155 [1/1] (0.00ns)   --->   "call void @_ssdm_op_Write.ap_auto.i8P(i8* %state_2_2, i8 %state_2_2_ret)" [aes.c:430]   --->   Operation 155 'write' <Predicate = true> <Delay = 0.00>
ST_5 : Operation 156 [1/1] (0.00ns)   --->   "%state_2_3_ret = extractvalue { i8, i8, i8, i8, i8, i8, i8, i8, i8, i8, i8, i8, i8, i8, i8, i8 } %call_ret2, 11" [aes.c:430]   --->   Operation 156 'extractvalue' 'state_2_3_ret' <Predicate = true> <Delay = 0.00>
ST_5 : Operation 157 [1/1] (0.00ns)   --->   "call void @_ssdm_op_Write.ap_auto.i8P(i8* %state_2_3, i8 %state_2_3_ret)" [aes.c:430]   --->   Operation 157 'write' <Predicate = true> <Delay = 0.00>
ST_5 : Operation 158 [1/1] (0.00ns)   --->   "%state_3_0_ret = extractvalue { i8, i8, i8, i8, i8, i8, i8, i8, i8, i8, i8, i8, i8, i8, i8, i8 } %call_ret2, 12" [aes.c:430]   --->   Operation 158 'extractvalue' 'state_3_0_ret' <Predicate = true> <Delay = 0.00>
ST_5 : Operation 159 [1/1] (0.00ns)   --->   "call void @_ssdm_op_Write.ap_auto.i8P(i8* %state_3_0, i8 %state_3_0_ret)" [aes.c:430]   --->   Operation 159 'write' <Predicate = true> <Delay = 0.00>
ST_5 : Operation 160 [1/1] (0.00ns)   --->   "%state_3_1_ret = extractvalue { i8, i8, i8, i8, i8, i8, i8, i8, i8, i8, i8, i8, i8, i8, i8, i8 } %call_ret2, 13" [aes.c:430]   --->   Operation 160 'extractvalue' 'state_3_1_ret' <Predicate = true> <Delay = 0.00>
ST_5 : Operation 161 [1/1] (0.00ns)   --->   "call void @_ssdm_op_Write.ap_auto.i8P(i8* %state_3_1, i8 %state_3_1_ret)" [aes.c:430]   --->   Operation 161 'write' <Predicate = true> <Delay = 0.00>
ST_5 : Operation 162 [1/1] (0.00ns)   --->   "%state_3_2_ret = extractvalue { i8, i8, i8, i8, i8, i8, i8, i8, i8, i8, i8, i8, i8, i8, i8, i8 } %call_ret2, 14" [aes.c:430]   --->   Operation 162 'extractvalue' 'state_3_2_ret' <Predicate = true> <Delay = 0.00>
ST_5 : Operation 163 [1/1] (0.00ns)   --->   "call void @_ssdm_op_Write.ap_auto.i8P(i8* %state_3_2, i8 %state_3_2_ret)" [aes.c:430]   --->   Operation 163 'write' <Predicate = true> <Delay = 0.00>
ST_5 : Operation 164 [1/1] (0.00ns)   --->   "%state_3_3_ret = extractvalue { i8, i8, i8, i8, i8, i8, i8, i8, i8, i8, i8, i8, i8, i8, i8, i8 } %call_ret2, 15" [aes.c:430]   --->   Operation 164 'extractvalue' 'state_3_3_ret' <Predicate = true> <Delay = 0.00>
ST_5 : Operation 165 [1/1] (0.00ns)   --->   "call void @_ssdm_op_Write.ap_auto.i8P(i8* %state_3_3, i8 %state_3_3_ret)" [aes.c:430]   --->   Operation 165 'write' <Predicate = true> <Delay = 0.00>
ST_5 : Operation 166 [1/1] (0.00ns)   --->   "%zext_ln431 = zext i4 %round_0 to i6" [aes.c:431]   --->   Operation 166 'zext' 'zext_ln431' <Predicate = true> <Delay = 0.00>
ST_5 : Operation 167 [2/2] (2.66ns)   --->   "%call_ret6 = call fastcc { i8, i8, i8, i8, i8, i8, i8, i8, i8, i8, i8, i8, i8, i8, i8, i8 } @AddRoundKey(i6 %zext_ln431, i8 %state_0_0_ret, i8 %state_0_1_ret, i8 %state_0_2_ret, i8 %state_0_3_ret, i8 %state_1_0_ret, i8 %state_1_1_ret, i8 %state_1_2_ret, i8 %state_1_3_ret, i8 %state_2_0_ret, i8 %state_2_1_ret, i8 %state_2_2_ret, i8 %state_2_3_ret, i8 %state_3_0_ret, i8 %state_3_1_ret, i8 %state_3_2_ret, i8 %state_3_3_ret, [15 x i8]* %RoundKey_0, [15 x i8]* %RoundKey_1, [15 x i8]* %RoundKey_2, [15 x i8]* %RoundKey_3, [15 x i8]* %RoundKey_4, [15 x i8]* %RoundKey_5, [15 x i8]* %RoundKey_6, [15 x i8]* %RoundKey_7, [15 x i8]* %RoundKey_8, [15 x i8]* %RoundKey_9, [15 x i8]* %RoundKey_10, [15 x i8]* %RoundKey_11, [15 x i8]* %RoundKey_12, [15 x i8]* %RoundKey_13, [15 x i8]* %RoundKey_14, [15 x i8]* %RoundKey_15)" [aes.c:431]   --->   Operation 167 'call' 'call_ret6' <Predicate = true> <Delay = 2.66> <CoreType = "Generic">   --->   Core 0 '' <Latency = 0> <II = 1> <Delay = 1.00> <Generic> <Opcode : >
ST_5 : Operation 168 [1/1] (1.36ns)   --->   "%round = add i4 %round_0, 1" [aes.c:426]   --->   Operation 168 'add' 'round' <Predicate = true> <Delay = 1.36> <Core = "AddSub">   --->   Core 14 'AddSub' <Latency = 0> <II = 1> <Delay = 1.36> <FuncUnit> <Opcode : 'add' 'sub'> <InPorts = 2> <OutPorts = 1>

State 6 <SV = 5> <Delay = 2.08>
ST_6 : Operation 169 [1/1] (0.00ns)   --->   "call void (...)* @_ssdm_op_SpecLoopName([15 x i8]* @p_str5) nounwind" [aes.c:427]   --->   Operation 169 'specloopname' <Predicate = true> <Delay = 0.00>
ST_6 : Operation 170 [1/2] (2.08ns)   --->   "%call_ret6 = call fastcc { i8, i8, i8, i8, i8, i8, i8, i8, i8, i8, i8, i8, i8, i8, i8, i8 } @AddRoundKey(i6 %zext_ln431, i8 %state_0_0_ret, i8 %state_0_1_ret, i8 %state_0_2_ret, i8 %state_0_3_ret, i8 %state_1_0_ret, i8 %state_1_1_ret, i8 %state_1_2_ret, i8 %state_1_3_ret, i8 %state_2_0_ret, i8 %state_2_1_ret, i8 %state_2_2_ret, i8 %state_2_3_ret, i8 %state_3_0_ret, i8 %state_3_1_ret, i8 %state_3_2_ret, i8 %state_3_3_ret, [15 x i8]* %RoundKey_0, [15 x i8]* %RoundKey_1, [15 x i8]* %RoundKey_2, [15 x i8]* %RoundKey_3, [15 x i8]* %RoundKey_4, [15 x i8]* %RoundKey_5, [15 x i8]* %RoundKey_6, [15 x i8]* %RoundKey_7, [15 x i8]* %RoundKey_8, [15 x i8]* %RoundKey_9, [15 x i8]* %RoundKey_10, [15 x i8]* %RoundKey_11, [15 x i8]* %RoundKey_12, [15 x i8]* %RoundKey_13, [15 x i8]* %RoundKey_14, [15 x i8]* %RoundKey_15)" [aes.c:431]   --->   Operation 170 'call' 'call_ret6' <Predicate = true> <Delay = 2.08> <CoreType = "Generic">   --->   Core 0 '' <Latency = 0> <II = 1> <Delay = 1.00> <Generic> <Opcode : >
ST_6 : Operation 171 [1/1] (0.00ns)   --->   "%state_0_0_ret4 = extractvalue { i8, i8, i8, i8, i8, i8, i8, i8, i8, i8, i8, i8, i8, i8, i8, i8 } %call_ret6, 0" [aes.c:431]   --->   Operation 171 'extractvalue' 'state_0_0_ret4' <Predicate = true> <Delay = 0.00>
ST_6 : Operation 172 [1/1] (0.00ns)   --->   "%state_0_1_ret6 = extractvalue { i8, i8, i8, i8, i8, i8, i8, i8, i8, i8, i8, i8, i8, i8, i8, i8 } %call_ret6, 1" [aes.c:431]   --->   Operation 172 'extractvalue' 'state_0_1_ret6' <Predicate = true> <Delay = 0.00>
ST_6 : Operation 173 [1/1] (0.00ns)   --->   "%state_0_2_ret6 = extractvalue { i8, i8, i8, i8, i8, i8, i8, i8, i8, i8, i8, i8, i8, i8, i8, i8 } %call_ret6, 2" [aes.c:431]   --->   Operation 173 'extractvalue' 'state_0_2_ret6' <Predicate = true> <Delay = 0.00>
ST_6 : Operation 174 [1/1] (0.00ns)   --->   "%state_0_3_ret6 = extractvalue { i8, i8, i8, i8, i8, i8, i8, i8, i8, i8, i8, i8, i8, i8, i8, i8 } %call_ret6, 3" [aes.c:431]   --->   Operation 174 'extractvalue' 'state_0_3_ret6' <Predicate = true> <Delay = 0.00>
ST_6 : Operation 175 [1/1] (0.00ns)   --->   "%state_1_0_ret4 = extractvalue { i8, i8, i8, i8, i8, i8, i8, i8, i8, i8, i8, i8, i8, i8, i8, i8 } %call_ret6, 4" [aes.c:431]   --->   Operation 175 'extractvalue' 'state_1_0_ret4' <Predicate = true> <Delay = 0.00>
ST_6 : Operation 176 [1/1] (0.00ns)   --->   "%state_1_1_ret6 = extractvalue { i8, i8, i8, i8, i8, i8, i8, i8, i8, i8, i8, i8, i8, i8, i8, i8 } %call_ret6, 5" [aes.c:431]   --->   Operation 176 'extractvalue' 'state_1_1_ret6' <Predicate = true> <Delay = 0.00>
ST_6 : Operation 177 [1/1] (0.00ns)   --->   "%state_1_2_ret6 = extractvalue { i8, i8, i8, i8, i8, i8, i8, i8, i8, i8, i8, i8, i8, i8, i8, i8 } %call_ret6, 6" [aes.c:431]   --->   Operation 177 'extractvalue' 'state_1_2_ret6' <Predicate = true> <Delay = 0.00>
ST_6 : Operation 178 [1/1] (0.00ns)   --->   "%state_1_3_ret6 = extractvalue { i8, i8, i8, i8, i8, i8, i8, i8, i8, i8, i8, i8, i8, i8, i8, i8 } %call_ret6, 7" [aes.c:431]   --->   Operation 178 'extractvalue' 'state_1_3_ret6' <Predicate = true> <Delay = 0.00>
ST_6 : Operation 179 [1/1] (0.00ns)   --->   "%state_2_0_ret4 = extractvalue { i8, i8, i8, i8, i8, i8, i8, i8, i8, i8, i8, i8, i8, i8, i8, i8 } %call_ret6, 8" [aes.c:431]   --->   Operation 179 'extractvalue' 'state_2_0_ret4' <Predicate = true> <Delay = 0.00>
ST_6 : Operation 180 [1/1] (0.00ns)   --->   "%state_2_1_ret6 = extractvalue { i8, i8, i8, i8, i8, i8, i8, i8, i8, i8, i8, i8, i8, i8, i8, i8 } %call_ret6, 9" [aes.c:431]   --->   Operation 180 'extractvalue' 'state_2_1_ret6' <Predicate = true> <Delay = 0.00>
ST_6 : Operation 181 [1/1] (0.00ns)   --->   "%state_2_2_ret6 = extractvalue { i8, i8, i8, i8, i8, i8, i8, i8, i8, i8, i8, i8, i8, i8, i8, i8 } %call_ret6, 10" [aes.c:431]   --->   Operation 181 'extractvalue' 'state_2_2_ret6' <Predicate = true> <Delay = 0.00>
ST_6 : Operation 182 [1/1] (0.00ns)   --->   "%state_2_3_ret6 = extractvalue { i8, i8, i8, i8, i8, i8, i8, i8, i8, i8, i8, i8, i8, i8, i8, i8 } %call_ret6, 11" [aes.c:431]   --->   Operation 182 'extractvalue' 'state_2_3_ret6' <Predicate = true> <Delay = 0.00>
ST_6 : Operation 183 [1/1] (0.00ns)   --->   "%state_3_0_ret4 = extractvalue { i8, i8, i8, i8, i8, i8, i8, i8, i8, i8, i8, i8, i8, i8, i8, i8 } %call_ret6, 12" [aes.c:431]   --->   Operation 183 'extractvalue' 'state_3_0_ret4' <Predicate = true> <Delay = 0.00>
ST_6 : Operation 184 [1/1] (0.00ns)   --->   "%state_3_1_ret6 = extractvalue { i8, i8, i8, i8, i8, i8, i8, i8, i8, i8, i8, i8, i8, i8, i8, i8 } %call_ret6, 13" [aes.c:431]   --->   Operation 184 'extractvalue' 'state_3_1_ret6' <Predicate = true> <Delay = 0.00>
ST_6 : Operation 185 [1/1] (0.00ns)   --->   "%state_3_2_ret6 = extractvalue { i8, i8, i8, i8, i8, i8, i8, i8, i8, i8, i8, i8, i8, i8, i8, i8 } %call_ret6, 14" [aes.c:431]   --->   Operation 185 'extractvalue' 'state_3_2_ret6' <Predicate = true> <Delay = 0.00>
ST_6 : Operation 186 [1/1] (0.00ns)   --->   "%state_3_3_ret6 = extractvalue { i8, i8, i8, i8, i8, i8, i8, i8, i8, i8, i8, i8, i8, i8, i8, i8 } %call_ret6, 15" [aes.c:431]   --->   Operation 186 'extractvalue' 'state_3_3_ret6' <Predicate = true> <Delay = 0.00>
ST_6 : Operation 187 [1/1] (0.00ns)   --->   "br label %1" [aes.c:426]   --->   Operation 187 'br' <Predicate = true> <Delay = 0.00>

State 7 <SV = 3> <Delay = 5.32>
ST_7 : Operation 188 [1/2] (2.66ns)   --->   "%call_ret = call fastcc { i8, i8, i8, i8, i8, i8, i8, i8, i8, i8, i8, i8, i8, i8, i8, i8 } @SubBytes(i8 %state_0_015, i8 %state_0_116, i8 %state_0_217, i8 %state_0_318, i8 %state_1_019, i8 %state_1_120, i8 %state_1_221, i8 %state_1_322, i8 %state_2_023, i8 %state_2_124, i8 %state_2_225, i8 %state_2_326, i8 %state_3_027, i8 %state_3_128, i8 %state_3_229, i8 %state_3_330)" [aes.c:436]   --->   Operation 188 'call' 'call_ret' <Predicate = true> <Delay = 2.66> <CoreType = "Generic">   --->   Core 0 '' <Latency = 0> <II = 1> <Delay = 1.00> <Generic> <Opcode : >
ST_7 : Operation 189 [1/1] (0.00ns)   --->   "%state_0_0_ret_8 = extractvalue { i8, i8, i8, i8, i8, i8, i8, i8, i8, i8, i8, i8, i8, i8, i8, i8 } %call_ret, 0" [aes.c:436]   --->   Operation 189 'extractvalue' 'state_0_0_ret_8' <Predicate = true> <Delay = 0.00>
ST_7 : Operation 190 [1/1] (0.00ns)   --->   "call void @_ssdm_op_Write.ap_auto.i8P(i8* %state_0_0, i8 %state_0_0_ret_8)" [aes.c:436]   --->   Operation 190 'write' <Predicate = true> <Delay = 0.00>
ST_7 : Operation 191 [1/1] (0.00ns)   --->   "%temp = extractvalue { i8, i8, i8, i8, i8, i8, i8, i8, i8, i8, i8, i8, i8, i8, i8, i8 } %call_ret, 1" [aes.c:436]   --->   Operation 191 'extractvalue' 'temp' <Predicate = true> <Delay = 0.00>
ST_7 : Operation 192 [1/1] (0.00ns)   --->   "%temp_1 = extractvalue { i8, i8, i8, i8, i8, i8, i8, i8, i8, i8, i8, i8, i8, i8, i8, i8 } %call_ret, 2" [aes.c:436]   --->   Operation 192 'extractvalue' 'temp_1' <Predicate = true> <Delay = 0.00>
ST_7 : Operation 193 [1/1] (0.00ns)   --->   "%temp_3 = extractvalue { i8, i8, i8, i8, i8, i8, i8, i8, i8, i8, i8, i8, i8, i8, i8, i8 } %call_ret, 3" [aes.c:436]   --->   Operation 193 'extractvalue' 'temp_3' <Predicate = true> <Delay = 0.00>
ST_7 : Operation 194 [1/1] (0.00ns)   --->   "%state_1_0_ret_9 = extractvalue { i8, i8, i8, i8, i8, i8, i8, i8, i8, i8, i8, i8, i8, i8, i8, i8 } %call_ret, 4" [aes.c:436]   --->   Operation 194 'extractvalue' 'state_1_0_ret_9' <Predicate = true> <Delay = 0.00>
ST_7 : Operation 195 [1/1] (0.00ns)   --->   "call void @_ssdm_op_Write.ap_auto.i8P(i8* %state_1_0, i8 %state_1_0_ret_9)" [aes.c:436]   --->   Operation 195 'write' <Predicate = true> <Delay = 0.00>
ST_7 : Operation 196 [1/1] (0.00ns)   --->   "%state_1_1_read_ass_1 = extractvalue { i8, i8, i8, i8, i8, i8, i8, i8, i8, i8, i8, i8, i8, i8, i8, i8 } %call_ret, 5" [aes.c:436]   --->   Operation 196 'extractvalue' 'state_1_1_read_ass_1' <Predicate = true> <Delay = 0.00>
ST_7 : Operation 197 [1/1] (0.00ns)   --->   "%temp_2 = extractvalue { i8, i8, i8, i8, i8, i8, i8, i8, i8, i8, i8, i8, i8, i8, i8, i8 } %call_ret, 6" [aes.c:436]   --->   Operation 197 'extractvalue' 'temp_2' <Predicate = true> <Delay = 0.00>
ST_7 : Operation 198 [1/1] (0.00ns)   --->   "%state_1_3_read_ass_1 = extractvalue { i8, i8, i8, i8, i8, i8, i8, i8, i8, i8, i8, i8, i8, i8, i8, i8 } %call_ret, 7" [aes.c:436]   --->   Operation 198 'extractvalue' 'state_1_3_read_ass_1' <Predicate = true> <Delay = 0.00>
ST_7 : Operation 199 [1/1] (0.00ns)   --->   "%state_2_0_ret_10 = extractvalue { i8, i8, i8, i8, i8, i8, i8, i8, i8, i8, i8, i8, i8, i8, i8, i8 } %call_ret, 8" [aes.c:436]   --->   Operation 199 'extractvalue' 'state_2_0_ret_10' <Predicate = true> <Delay = 0.00>
ST_7 : Operation 200 [1/1] (0.00ns)   --->   "call void @_ssdm_op_Write.ap_auto.i8P(i8* %state_2_0, i8 %state_2_0_ret_10)" [aes.c:436]   --->   Operation 200 'write' <Predicate = true> <Delay = 0.00>
ST_7 : Operation 201 [1/1] (0.00ns)   --->   "%state_2_1_read_ass_1 = extractvalue { i8, i8, i8, i8, i8, i8, i8, i8, i8, i8, i8, i8, i8, i8, i8, i8 } %call_ret, 9" [aes.c:436]   --->   Operation 201 'extractvalue' 'state_2_1_read_ass_1' <Predicate = true> <Delay = 0.00>
ST_7 : Operation 202 [1/1] (0.00ns)   --->   "%state_2_2_read_ass_1 = extractvalue { i8, i8, i8, i8, i8, i8, i8, i8, i8, i8, i8, i8, i8, i8, i8, i8 } %call_ret, 10" [aes.c:436]   --->   Operation 202 'extractvalue' 'state_2_2_read_ass_1' <Predicate = true> <Delay = 0.00>
ST_7 : Operation 203 [1/1] (0.00ns)   --->   "%state_2_3_read_ass_1 = extractvalue { i8, i8, i8, i8, i8, i8, i8, i8, i8, i8, i8, i8, i8, i8, i8, i8 } %call_ret, 11" [aes.c:436]   --->   Operation 203 'extractvalue' 'state_2_3_read_ass_1' <Predicate = true> <Delay = 0.00>
ST_7 : Operation 204 [1/1] (0.00ns)   --->   "%state_3_0_ret_11 = extractvalue { i8, i8, i8, i8, i8, i8, i8, i8, i8, i8, i8, i8, i8, i8, i8, i8 } %call_ret, 12" [aes.c:436]   --->   Operation 204 'extractvalue' 'state_3_0_ret_11' <Predicate = true> <Delay = 0.00>
ST_7 : Operation 205 [1/1] (0.00ns)   --->   "call void @_ssdm_op_Write.ap_auto.i8P(i8* %state_3_0, i8 %state_3_0_ret_11)" [aes.c:436]   --->   Operation 205 'write' <Predicate = true> <Delay = 0.00>
ST_7 : Operation 206 [1/1] (0.00ns)   --->   "%state_3_1_read_ass_1 = extractvalue { i8, i8, i8, i8, i8, i8, i8, i8, i8, i8, i8, i8, i8, i8, i8, i8 } %call_ret, 13" [aes.c:436]   --->   Operation 206 'extractvalue' 'state_3_1_read_ass_1' <Predicate = true> <Delay = 0.00>
ST_7 : Operation 207 [1/1] (0.00ns)   --->   "%state_3_2_read_ass_1 = extractvalue { i8, i8, i8, i8, i8, i8, i8, i8, i8, i8, i8, i8, i8, i8, i8, i8 } %call_ret, 14" [aes.c:436]   --->   Operation 207 'extractvalue' 'state_3_2_read_ass_1' <Predicate = true> <Delay = 0.00>
ST_7 : Operation 208 [1/1] (0.00ns)   --->   "%state_3_3_read_ass_1 = extractvalue { i8, i8, i8, i8, i8, i8, i8, i8, i8, i8, i8, i8, i8, i8, i8, i8 } %call_ret, 15" [aes.c:436]   --->   Operation 208 'extractvalue' 'state_3_3_read_ass_1' <Predicate = true> <Delay = 0.00>
ST_7 : Operation 209 [1/1] (0.00ns)   --->   "call void @_ssdm_op_Write.ap_auto.i8P(i8* %state_0_1, i8 %state_1_1_read_ass_1)" [aes.c:437]   --->   Operation 209 'write' <Predicate = true> <Delay = 0.00>
ST_7 : Operation 210 [1/1] (0.00ns)   --->   "call void @_ssdm_op_Write.ap_auto.i8P(i8* %state_0_2, i8 %state_2_2_read_ass_1)" [aes.c:437]   --->   Operation 210 'write' <Predicate = true> <Delay = 0.00>
ST_7 : Operation 211 [1/1] (0.00ns)   --->   "call void @_ssdm_op_Write.ap_auto.i8P(i8* %state_0_3, i8 %state_3_3_read_ass_1)" [aes.c:437]   --->   Operation 211 'write' <Predicate = true> <Delay = 0.00>
ST_7 : Operation 212 [1/1] (0.00ns)   --->   "call void @_ssdm_op_Write.ap_auto.i8P(i8* %state_1_1, i8 %state_2_1_read_ass_1)" [aes.c:437]   --->   Operation 212 'write' <Predicate = true> <Delay = 0.00>
ST_7 : Operation 213 [1/1] (0.00ns)   --->   "call void @_ssdm_op_Write.ap_auto.i8P(i8* %state_1_2, i8 %state_3_2_read_ass_1)" [aes.c:437]   --->   Operation 213 'write' <Predicate = true> <Delay = 0.00>
ST_7 : Operation 214 [1/1] (0.00ns)   --->   "call void @_ssdm_op_Write.ap_auto.i8P(i8* %state_1_3, i8 %temp_3)" [aes.c:437]   --->   Operation 214 'write' <Predicate = true> <Delay = 0.00>
ST_7 : Operation 215 [1/1] (0.00ns)   --->   "call void @_ssdm_op_Write.ap_auto.i8P(i8* %state_2_1, i8 %state_3_1_read_ass_1)" [aes.c:437]   --->   Operation 215 'write' <Predicate = true> <Delay = 0.00>
ST_7 : Operation 216 [1/1] (0.00ns)   --->   "call void @_ssdm_op_Write.ap_auto.i8P(i8* %state_2_2, i8 %temp_1)" [aes.c:437]   --->   Operation 216 'write' <Predicate = true> <Delay = 0.00>
ST_7 : Operation 217 [1/1] (0.00ns)   --->   "call void @_ssdm_op_Write.ap_auto.i8P(i8* %state_2_3, i8 %state_1_3_read_ass_1)" [aes.c:437]   --->   Operation 217 'write' <Predicate = true> <Delay = 0.00>
ST_7 : Operation 218 [1/1] (0.00ns)   --->   "call void @_ssdm_op_Write.ap_auto.i8P(i8* %state_3_1, i8 %temp)" [aes.c:437]   --->   Operation 218 'write' <Predicate = true> <Delay = 0.00>
ST_7 : Operation 219 [1/1] (0.00ns)   --->   "call void @_ssdm_op_Write.ap_auto.i8P(i8* %state_3_2, i8 %temp_2)" [aes.c:437]   --->   Operation 219 'write' <Predicate = true> <Delay = 0.00>
ST_7 : Operation 220 [1/1] (0.00ns)   --->   "call void @_ssdm_op_Write.ap_auto.i8P(i8* %state_3_3, i8 %state_2_3_read_ass_1)" [aes.c:437]   --->   Operation 220 'write' <Predicate = true> <Delay = 0.00>
ST_7 : Operation 221 [2/2] (2.66ns)   --->   "%call_ret3 = call fastcc { i8, i8, i8, i8, i8, i8, i8, i8, i8, i8, i8, i8, i8, i8, i8, i8 } @AddRoundKey(i6 10, i8 %state_0_0_ret_8, i8 %state_1_1_read_ass_1, i8 %state_2_2_read_ass_1, i8 %state_3_3_read_ass_1, i8 %state_1_0_ret_9, i8 %state_2_1_read_ass_1, i8 %state_3_2_read_ass_1, i8 %temp_3, i8 %state_2_0_ret_10, i8 %state_3_1_read_ass_1, i8 %temp_1, i8 %state_1_3_read_ass_1, i8 %state_3_0_ret_11, i8 %temp, i8 %temp_2, i8 %state_2_3_read_ass_1, [15 x i8]* %RoundKey_0, [15 x i8]* %RoundKey_1, [15 x i8]* %RoundKey_2, [15 x i8]* %RoundKey_3, [15 x i8]* %RoundKey_4, [15 x i8]* %RoundKey_5, [15 x i8]* %RoundKey_6, [15 x i8]* %RoundKey_7, [15 x i8]* %RoundKey_8, [15 x i8]* %RoundKey_9, [15 x i8]* %RoundKey_10, [15 x i8]* %RoundKey_11, [15 x i8]* %RoundKey_12, [15 x i8]* %RoundKey_13, [15 x i8]* %RoundKey_14, [15 x i8]* %RoundKey_15)" [aes.c:438]   --->   Operation 221 'call' 'call_ret3' <Predicate = true> <Delay = 2.66> <CoreType = "Generic">   --->   Core 0 '' <Latency = 0> <II = 1> <Delay = 1.00> <Generic> <Opcode : >

State 8 <SV = 4> <Delay = 2.08>
ST_8 : Operation 222 [1/2] (2.08ns)   --->   "%call_ret3 = call fastcc { i8, i8, i8, i8, i8, i8, i8, i8, i8, i8, i8, i8, i8, i8, i8, i8 } @AddRoundKey(i6 10, i8 %state_0_0_ret_8, i8 %state_1_1_read_ass_1, i8 %state_2_2_read_ass_1, i8 %state_3_3_read_ass_1, i8 %state_1_0_ret_9, i8 %state_2_1_read_ass_1, i8 %state_3_2_read_ass_1, i8 %temp_3, i8 %state_2_0_ret_10, i8 %state_3_1_read_ass_1, i8 %temp_1, i8 %state_1_3_read_ass_1, i8 %state_3_0_ret_11, i8 %temp, i8 %temp_2, i8 %state_2_3_read_ass_1, [15 x i8]* %RoundKey_0, [15 x i8]* %RoundKey_1, [15 x i8]* %RoundKey_2, [15 x i8]* %RoundKey_3, [15 x i8]* %RoundKey_4, [15 x i8]* %RoundKey_5, [15 x i8]* %RoundKey_6, [15 x i8]* %RoundKey_7, [15 x i8]* %RoundKey_8, [15 x i8]* %RoundKey_9, [15 x i8]* %RoundKey_10, [15 x i8]* %RoundKey_11, [15 x i8]* %RoundKey_12, [15 x i8]* %RoundKey_13, [15 x i8]* %RoundKey_14, [15 x i8]* %RoundKey_15)" [aes.c:438]   --->   Operation 222 'call' 'call_ret3' <Predicate = true> <Delay = 2.08> <CoreType = "Generic">   --->   Core 0 '' <Latency = 0> <II = 1> <Delay = 1.00> <Generic> <Opcode : >
ST_8 : Operation 223 [1/1] (0.00ns)   --->   "%state_0_0_ret2 = extractvalue { i8, i8, i8, i8, i8, i8, i8, i8, i8, i8, i8, i8, i8, i8, i8, i8 } %call_ret3, 0" [aes.c:438]   --->   Operation 223 'extractvalue' 'state_0_0_ret2' <Predicate = true> <Delay = 0.00>
ST_8 : Operation 224 [1/1] (0.00ns)   --->   "call void @_ssdm_op_Write.ap_auto.i8P(i8* %state_0_0, i8 %state_0_0_ret2)" [aes.c:438]   --->   Operation 224 'write' <Predicate = true> <Delay = 0.00>
ST_8 : Operation 225 [1/1] (0.00ns)   --->   "%state_0_1_ret3 = extractvalue { i8, i8, i8, i8, i8, i8, i8, i8, i8, i8, i8, i8, i8, i8, i8, i8 } %call_ret3, 1" [aes.c:438]   --->   Operation 225 'extractvalue' 'state_0_1_ret3' <Predicate = true> <Delay = 0.00>
ST_8 : Operation 226 [1/1] (0.00ns)   --->   "call void @_ssdm_op_Write.ap_auto.i8P(i8* %state_0_1, i8 %state_0_1_ret3)" [aes.c:438]   --->   Operation 226 'write' <Predicate = true> <Delay = 0.00>
ST_8 : Operation 227 [1/1] (0.00ns)   --->   "%state_0_2_ret3 = extractvalue { i8, i8, i8, i8, i8, i8, i8, i8, i8, i8, i8, i8, i8, i8, i8, i8 } %call_ret3, 2" [aes.c:438]   --->   Operation 227 'extractvalue' 'state_0_2_ret3' <Predicate = true> <Delay = 0.00>
ST_8 : Operation 228 [1/1] (0.00ns)   --->   "call void @_ssdm_op_Write.ap_auto.i8P(i8* %state_0_2, i8 %state_0_2_ret3)" [aes.c:438]   --->   Operation 228 'write' <Predicate = true> <Delay = 0.00>
ST_8 : Operation 229 [1/1] (0.00ns)   --->   "%state_0_3_ret3 = extractvalue { i8, i8, i8, i8, i8, i8, i8, i8, i8, i8, i8, i8, i8, i8, i8, i8 } %call_ret3, 3" [aes.c:438]   --->   Operation 229 'extractvalue' 'state_0_3_ret3' <Predicate = true> <Delay = 0.00>
ST_8 : Operation 230 [1/1] (0.00ns)   --->   "call void @_ssdm_op_Write.ap_auto.i8P(i8* %state_0_3, i8 %state_0_3_ret3)" [aes.c:438]   --->   Operation 230 'write' <Predicate = true> <Delay = 0.00>
ST_8 : Operation 231 [1/1] (0.00ns)   --->   "%state_1_0_ret2 = extractvalue { i8, i8, i8, i8, i8, i8, i8, i8, i8, i8, i8, i8, i8, i8, i8, i8 } %call_ret3, 4" [aes.c:438]   --->   Operation 231 'extractvalue' 'state_1_0_ret2' <Predicate = true> <Delay = 0.00>
ST_8 : Operation 232 [1/1] (0.00ns)   --->   "call void @_ssdm_op_Write.ap_auto.i8P(i8* %state_1_0, i8 %state_1_0_ret2)" [aes.c:438]   --->   Operation 232 'write' <Predicate = true> <Delay = 0.00>
ST_8 : Operation 233 [1/1] (0.00ns)   --->   "%state_1_1_ret3 = extractvalue { i8, i8, i8, i8, i8, i8, i8, i8, i8, i8, i8, i8, i8, i8, i8, i8 } %call_ret3, 5" [aes.c:438]   --->   Operation 233 'extractvalue' 'state_1_1_ret3' <Predicate = true> <Delay = 0.00>
ST_8 : Operation 234 [1/1] (0.00ns)   --->   "call void @_ssdm_op_Write.ap_auto.i8P(i8* %state_1_1, i8 %state_1_1_ret3)" [aes.c:438]   --->   Operation 234 'write' <Predicate = true> <Delay = 0.00>
ST_8 : Operation 235 [1/1] (0.00ns)   --->   "%state_1_2_ret3 = extractvalue { i8, i8, i8, i8, i8, i8, i8, i8, i8, i8, i8, i8, i8, i8, i8, i8 } %call_ret3, 6" [aes.c:438]   --->   Operation 235 'extractvalue' 'state_1_2_ret3' <Predicate = true> <Delay = 0.00>
ST_8 : Operation 236 [1/1] (0.00ns)   --->   "call void @_ssdm_op_Write.ap_auto.i8P(i8* %state_1_2, i8 %state_1_2_ret3)" [aes.c:438]   --->   Operation 236 'write' <Predicate = true> <Delay = 0.00>
ST_8 : Operation 237 [1/1] (0.00ns)   --->   "%state_1_3_ret3 = extractvalue { i8, i8, i8, i8, i8, i8, i8, i8, i8, i8, i8, i8, i8, i8, i8, i8 } %call_ret3, 7" [aes.c:438]   --->   Operation 237 'extractvalue' 'state_1_3_ret3' <Predicate = true> <Delay = 0.00>
ST_8 : Operation 238 [1/1] (0.00ns)   --->   "call void @_ssdm_op_Write.ap_auto.i8P(i8* %state_1_3, i8 %state_1_3_ret3)" [aes.c:438]   --->   Operation 238 'write' <Predicate = true> <Delay = 0.00>
ST_8 : Operation 239 [1/1] (0.00ns)   --->   "%state_2_0_ret2 = extractvalue { i8, i8, i8, i8, i8, i8, i8, i8, i8, i8, i8, i8, i8, i8, i8, i8 } %call_ret3, 8" [aes.c:438]   --->   Operation 239 'extractvalue' 'state_2_0_ret2' <Predicate = true> <Delay = 0.00>
ST_8 : Operation 240 [1/1] (0.00ns)   --->   "call void @_ssdm_op_Write.ap_auto.i8P(i8* %state_2_0, i8 %state_2_0_ret2)" [aes.c:438]   --->   Operation 240 'write' <Predicate = true> <Delay = 0.00>
ST_8 : Operation 241 [1/1] (0.00ns)   --->   "%state_2_1_ret3 = extractvalue { i8, i8, i8, i8, i8, i8, i8, i8, i8, i8, i8, i8, i8, i8, i8, i8 } %call_ret3, 9" [aes.c:438]   --->   Operation 241 'extractvalue' 'state_2_1_ret3' <Predicate = true> <Delay = 0.00>
ST_8 : Operation 242 [1/1] (0.00ns)   --->   "call void @_ssdm_op_Write.ap_auto.i8P(i8* %state_2_1, i8 %state_2_1_ret3)" [aes.c:438]   --->   Operation 242 'write' <Predicate = true> <Delay = 0.00>
ST_8 : Operation 243 [1/1] (0.00ns)   --->   "%state_2_2_ret3 = extractvalue { i8, i8, i8, i8, i8, i8, i8, i8, i8, i8, i8, i8, i8, i8, i8, i8 } %call_ret3, 10" [aes.c:438]   --->   Operation 243 'extractvalue' 'state_2_2_ret3' <Predicate = true> <Delay = 0.00>
ST_8 : Operation 244 [1/1] (0.00ns)   --->   "call void @_ssdm_op_Write.ap_auto.i8P(i8* %state_2_2, i8 %state_2_2_ret3)" [aes.c:438]   --->   Operation 244 'write' <Predicate = true> <Delay = 0.00>
ST_8 : Operation 245 [1/1] (0.00ns)   --->   "%state_2_3_ret3 = extractvalue { i8, i8, i8, i8, i8, i8, i8, i8, i8, i8, i8, i8, i8, i8, i8, i8 } %call_ret3, 11" [aes.c:438]   --->   Operation 245 'extractvalue' 'state_2_3_ret3' <Predicate = true> <Delay = 0.00>
ST_8 : Operation 246 [1/1] (0.00ns)   --->   "call void @_ssdm_op_Write.ap_auto.i8P(i8* %state_2_3, i8 %state_2_3_ret3)" [aes.c:438]   --->   Operation 246 'write' <Predicate = true> <Delay = 0.00>
ST_8 : Operation 247 [1/1] (0.00ns)   --->   "%state_3_0_ret2 = extractvalue { i8, i8, i8, i8, i8, i8, i8, i8, i8, i8, i8, i8, i8, i8, i8, i8 } %call_ret3, 12" [aes.c:438]   --->   Operation 247 'extractvalue' 'state_3_0_ret2' <Predicate = true> <Delay = 0.00>
ST_8 : Operation 248 [1/1] (0.00ns)   --->   "call void @_ssdm_op_Write.ap_auto.i8P(i8* %state_3_0, i8 %state_3_0_ret2)" [aes.c:438]   --->   Operation 248 'write' <Predicate = true> <Delay = 0.00>
ST_8 : Operation 249 [1/1] (0.00ns)   --->   "%state_3_1_ret3 = extractvalue { i8, i8, i8, i8, i8, i8, i8, i8, i8, i8, i8, i8, i8, i8, i8, i8 } %call_ret3, 13" [aes.c:438]   --->   Operation 249 'extractvalue' 'state_3_1_ret3' <Predicate = true> <Delay = 0.00>
ST_8 : Operation 250 [1/1] (0.00ns)   --->   "call void @_ssdm_op_Write.ap_auto.i8P(i8* %state_3_1, i8 %state_3_1_ret3)" [aes.c:438]   --->   Operation 250 'write' <Predicate = true> <Delay = 0.00>
ST_8 : Operation 251 [1/1] (0.00ns)   --->   "%state_3_2_ret3 = extractvalue { i8, i8, i8, i8, i8, i8, i8, i8, i8, i8, i8, i8, i8, i8, i8, i8 } %call_ret3, 14" [aes.c:438]   --->   Operation 251 'extractvalue' 'state_3_2_ret3' <Predicate = true> <Delay = 0.00>
ST_8 : Operation 252 [1/1] (0.00ns)   --->   "call void @_ssdm_op_Write.ap_auto.i8P(i8* %state_3_2, i8 %state_3_2_ret3)" [aes.c:438]   --->   Operation 252 'write' <Predicate = true> <Delay = 0.00>
ST_8 : Operation 253 [1/1] (0.00ns)   --->   "%state_3_3_ret3 = extractvalue { i8, i8, i8, i8, i8, i8, i8, i8, i8, i8, i8, i8, i8, i8, i8, i8 } %call_ret3, 15" [aes.c:438]   --->   Operation 253 'extractvalue' 'state_3_3_ret3' <Predicate = true> <Delay = 0.00>
ST_8 : Operation 254 [1/1] (0.00ns)   --->   "call void @_ssdm_op_Write.ap_auto.i8P(i8* %state_3_3, i8 %state_3_3_ret3)" [aes.c:438]   --->   Operation 254 'write' <Predicate = true> <Delay = 0.00>
ST_8 : Operation 255 [1/1] (0.00ns)   --->   "ret void" [aes.c:439]   --->   Operation 255 'ret' <Predicate = true> <Delay = 0.00>


============================================================
+ Verbose Summary: Timing violations
============================================================
Target clock period: 10ns, clock uncertainty: 1.25ns.

 <State 1>: 2.66ns
The critical path consists of the following:
	wire read on port 'state_0_0' (aes.c:421) [68]  (0 ns)
	'call' operation ('call_ret1', aes.c:421) to 'AddRoundKey' [84]  (2.66 ns)

 <State 2>: 2.08ns
The critical path consists of the following:
	'call' operation ('call_ret1', aes.c:421) to 'AddRoundKey' [84]  (2.08 ns)

 <State 3>: 3.85ns
The critical path consists of the following:
	'phi' operation ('state_3_330', aes.c:421) with incoming values : ('state_3_3_ret1', aes.c:421) ('state_3_3_ret6', aes.c:431) [103]  (0 ns)
	'call' operation ('call_ret', aes.c:436) to 'SubBytes' [212]  (3.85 ns)

 <State 4>: 3.85ns
The critical path consists of the following:
	'call' operation ('call_ret4', aes.c:428) to 'SubBytes' [125]  (2.66 ns)
	'call' operation ('call_ret2', aes.c:430) to 'MixColumns' [158]  (1.18 ns)

 <State 5>: 2.66ns
The critical path consists of the following:
	'call' operation ('call_ret2', aes.c:430) to 'MixColumns' [158]  (0 ns)
	'call' operation ('call_ret6', aes.c:431) to 'AddRoundKey' [192]  (2.66 ns)

 <State 6>: 2.08ns
The critical path consists of the following:
	'call' operation ('call_ret6', aes.c:431) to 'AddRoundKey' [192]  (2.08 ns)

 <State 7>: 5.33ns
The critical path consists of the following:
	'call' operation ('call_ret', aes.c:436) to 'SubBytes' [212]  (2.66 ns)
	'call' operation ('call_ret3', aes.c:438) to 'AddRoundKey' [245]  (2.66 ns)

 <State 8>: 2.08ns
The critical path consists of the following:
	'call' operation ('call_ret3', aes.c:438) to 'AddRoundKey' [245]  (2.08 ns)


============================================================
+ Verbose Summary: Binding
============================================================
N/A
* FSMD analyzer results:
  - Output states:
 - Input state : 
  - Chain level:
	State 1
	State 2
	State 3
	State 4
	State 5
	State 6
	State 7
	State 8


============================================================
+ Verbose Summary: Datapath Resource usage 
============================================================
N/A
