

================================================================
== Vivado HLS Report for 'AddRoundKey'
================================================================
* Date:           Wed May 13 18:57:20 2020

* Version:        2019.2 (Build 2704478 on Wed Nov 06 22:10:23 MST 2019)
* Project:        VLSI_Project
* Solution:       solution1
* Product family: virtex7
* Target device:  xc7vx485t-ffg1157-1


================================================================
== Performance Estimates
================================================================
+ Timing: 
    * Summary: 
    +--------+----------+----------+------------+
    |  Clock |  Target  | Estimated| Uncertainty|
    +--------+----------+----------+------------+
    |ap_clk  | 10.00 ns | 2.085 ns |   1.25 ns  |
    +--------+----------+----------+------------+

+ Latency: 
    * Summary: 
    +---------+---------+-----------+-----------+-----+-----+---------+
    |  Latency (cycles) |   Latency (absolute)  |  Interval | Pipeline|
    |   min   |   max   |    min    |    max    | min | max |   Type  |
    +---------+---------+-----------+-----------+-----+-----+---------+
    |        1|        1| 10.000 ns | 10.000 ns |    1|    1|   none  |
    +---------+---------+-----------+-----------+-----+-----+---------+

    + Detail: 
        * Instance: 
        N/A

        * Loop: 
        N/A



================================================================
== Utilization Estimates
================================================================
* Summary: 
+-----------------+---------+-------+--------+--------+-----+
|       Name      | BRAM_18K| DSP48E|   FF   |   LUT  | URAM|
+-----------------+---------+-------+--------+--------+-----+
|DSP              |        -|      -|       -|       -|    -|
|Expression       |        -|      -|       0|     128|    -|
|FIFO             |        -|      -|       -|       -|    -|
|Instance         |        -|      -|       -|       -|    -|
|Memory           |        -|      -|       -|       -|    -|
|Multiplexer      |        -|      -|       -|     159|    -|
|Register         |        -|      -|     130|       -|    -|
+-----------------+---------+-------+--------+--------+-----+
|Total            |        0|      0|     130|     287|    0|
+-----------------+---------+-------+--------+--------+-----+
|Available        |     2060|   2800|  607200|  303600|    0|
+-----------------+---------+-------+--------+--------+-----+
|Utilization (%)  |        0|      0|   ~0   |   ~0   |    0|
+-----------------+---------+-------+--------+--------+-----+

+ Detail: 
    * Instance: 
    N/A

    * DSP48E: 
    N/A

    * Memory: 
    N/A

    * FIFO: 
    N/A

    * Expression: 
    +------------------------+----------+-------+---+----+------------+------------+
    |      Variable Name     | Operation| DSP48E| FF| LUT| Bitwidth P0| Bitwidth P1|
    +------------------------+----------+-------+---+----+------------+------------+
    |xor_ln251_10_fu_484_p2  |    xor   |      0|  0|   8|           8|           8|
    |xor_ln251_11_fu_490_p2  |    xor   |      0|  0|   8|           8|           8|
    |xor_ln251_12_fu_496_p2  |    xor   |      0|  0|   8|           8|           8|
    |xor_ln251_13_fu_502_p2  |    xor   |      0|  0|   8|           8|           8|
    |xor_ln251_14_fu_508_p2  |    xor   |      0|  0|   8|           8|           8|
    |xor_ln251_15_fu_514_p2  |    xor   |      0|  0|   8|           8|           8|
    |xor_ln251_1_fu_430_p2   |    xor   |      0|  0|   8|           8|           8|
    |xor_ln251_2_fu_436_p2   |    xor   |      0|  0|   8|           8|           8|
    |xor_ln251_3_fu_442_p2   |    xor   |      0|  0|   8|           8|           8|
    |xor_ln251_4_fu_448_p2   |    xor   |      0|  0|   8|           8|           8|
    |xor_ln251_5_fu_454_p2   |    xor   |      0|  0|   8|           8|           8|
    |xor_ln251_6_fu_460_p2   |    xor   |      0|  0|   8|           8|           8|
    |xor_ln251_7_fu_466_p2   |    xor   |      0|  0|   8|           8|           8|
    |xor_ln251_8_fu_472_p2   |    xor   |      0|  0|   8|           8|           8|
    |xor_ln251_9_fu_478_p2   |    xor   |      0|  0|   8|           8|           8|
    |xor_ln251_fu_424_p2     |    xor   |      0|  0|   8|           8|           8|
    +------------------------+----------+-------+---+----+------------+------------+
    |Total                   |          |      0|  0| 128|         128|         128|
    +------------------------+----------+-------+---+----+------------+------------+

    * Multiplexer: 
    +--------------+----+-----------+-----+-----------+
    |     Name     | LUT| Input Size| Bits| Total Bits|
    +--------------+----+-----------+-----+-----------+
    |ap_NS_fsm     |  15|          3|    1|          3|
    |ap_return_0   |   9|          2|    8|         16|
    |ap_return_1   |   9|          2|    8|         16|
    |ap_return_10  |   9|          2|    8|         16|
    |ap_return_11  |   9|          2|    8|         16|
    |ap_return_12  |   9|          2|    8|         16|
    |ap_return_13  |   9|          2|    8|         16|
    |ap_return_14  |   9|          2|    8|         16|
    |ap_return_15  |   9|          2|    8|         16|
    |ap_return_2   |   9|          2|    8|         16|
    |ap_return_3   |   9|          2|    8|         16|
    |ap_return_4   |   9|          2|    8|         16|
    |ap_return_5   |   9|          2|    8|         16|
    |ap_return_6   |   9|          2|    8|         16|
    |ap_return_7   |   9|          2|    8|         16|
    |ap_return_8   |   9|          2|    8|         16|
    |ap_return_9   |   9|          2|    8|         16|
    +--------------+----+-----------+-----+-----------+
    |Total         | 159|         35|  129|        259|
    +--------------+----+-----------+-----+-----------+

    * Register: 
    +-------------------+---+----+-----+-----------+
    |        Name       | FF| LUT| Bits| Const Bits|
    +-------------------+---+----+-----+-----------+
    |ap_CS_fsm          |  2|   0|    2|          0|
    |ap_return_0_preg   |  8|   0|    8|          0|
    |ap_return_10_preg  |  8|   0|    8|          0|
    |ap_return_11_preg  |  8|   0|    8|          0|
    |ap_return_12_preg  |  8|   0|    8|          0|
    |ap_return_13_preg  |  8|   0|    8|          0|
    |ap_return_14_preg  |  8|   0|    8|          0|
    |ap_return_15_preg  |  8|   0|    8|          0|
    |ap_return_1_preg   |  8|   0|    8|          0|
    |ap_return_2_preg   |  8|   0|    8|          0|
    |ap_return_3_preg   |  8|   0|    8|          0|
    |ap_return_4_preg   |  8|   0|    8|          0|
    |ap_return_5_preg   |  8|   0|    8|          0|
    |ap_return_6_preg   |  8|   0|    8|          0|
    |ap_return_7_preg   |  8|   0|    8|          0|
    |ap_return_8_preg   |  8|   0|    8|          0|
    |ap_return_9_preg   |  8|   0|    8|          0|
    +-------------------+---+----+-----+-----------+
    |Total              |130|   0|  130|          0|
    +-------------------+---+----+-----+-----------+



================================================================
== Interface
================================================================
* Summary: 
+----------------------+-----+-----+------------+----------------+--------------+
|       RTL Ports      | Dir | Bits|  Protocol  |  Source Object |    C Type    |
+----------------------+-----+-----+------------+----------------+--------------+
|ap_clk                |  in |    1| ap_ctrl_hs |   AddRoundKey  | return value |
|ap_rst                |  in |    1| ap_ctrl_hs |   AddRoundKey  | return value |
|ap_start              |  in |    1| ap_ctrl_hs |   AddRoundKey  | return value |
|ap_done               | out |    1| ap_ctrl_hs |   AddRoundKey  | return value |
|ap_idle               | out |    1| ap_ctrl_hs |   AddRoundKey  | return value |
|ap_ready              | out |    1| ap_ctrl_hs |   AddRoundKey  | return value |
|ap_return_0           | out |    8| ap_ctrl_hs |   AddRoundKey  | return value |
|ap_return_1           | out |    8| ap_ctrl_hs |   AddRoundKey  | return value |
|ap_return_2           | out |    8| ap_ctrl_hs |   AddRoundKey  | return value |
|ap_return_3           | out |    8| ap_ctrl_hs |   AddRoundKey  | return value |
|ap_return_4           | out |    8| ap_ctrl_hs |   AddRoundKey  | return value |
|ap_return_5           | out |    8| ap_ctrl_hs |   AddRoundKey  | return value |
|ap_return_6           | out |    8| ap_ctrl_hs |   AddRoundKey  | return value |
|ap_return_7           | out |    8| ap_ctrl_hs |   AddRoundKey  | return value |
|ap_return_8           | out |    8| ap_ctrl_hs |   AddRoundKey  | return value |
|ap_return_9           | out |    8| ap_ctrl_hs |   AddRoundKey  | return value |
|ap_return_10          | out |    8| ap_ctrl_hs |   AddRoundKey  | return value |
|ap_return_11          | out |    8| ap_ctrl_hs |   AddRoundKey  | return value |
|ap_return_12          | out |    8| ap_ctrl_hs |   AddRoundKey  | return value |
|ap_return_13          | out |    8| ap_ctrl_hs |   AddRoundKey  | return value |
|ap_return_14          | out |    8| ap_ctrl_hs |   AddRoundKey  | return value |
|ap_return_15          | out |    8| ap_ctrl_hs |   AddRoundKey  | return value |
|round                 |  in |    6|   ap_none  |      round     |    scalar    |
|state_0_0_read        |  in |    8|   ap_none  | state_0_0_read |    scalar    |
|state_0_1_read        |  in |    8|   ap_none  | state_0_1_read |    scalar    |
|state_0_2_read        |  in |    8|   ap_none  | state_0_2_read |    scalar    |
|state_0_3_read        |  in |    8|   ap_none  | state_0_3_read |    scalar    |
|state_1_0_read        |  in |    8|   ap_none  | state_1_0_read |    scalar    |
|state_1_1_read        |  in |    8|   ap_none  | state_1_1_read |    scalar    |
|state_1_2_read        |  in |    8|   ap_none  | state_1_2_read |    scalar    |
|state_1_3_read        |  in |    8|   ap_none  | state_1_3_read |    scalar    |
|state_2_0_read        |  in |    8|   ap_none  | state_2_0_read |    scalar    |
|state_2_1_read        |  in |    8|   ap_none  | state_2_1_read |    scalar    |
|state_2_2_read        |  in |    8|   ap_none  | state_2_2_read |    scalar    |
|state_2_3_read        |  in |    8|   ap_none  | state_2_3_read |    scalar    |
|state_3_0_read        |  in |    8|   ap_none  | state_3_0_read |    scalar    |
|state_3_1_read        |  in |    8|   ap_none  | state_3_1_read |    scalar    |
|state_3_2_read        |  in |    8|   ap_none  | state_3_2_read |    scalar    |
|state_3_3_read        |  in |    8|   ap_none  | state_3_3_read |    scalar    |
|RoundKey_0_address0   | out |    4|  ap_memory |   RoundKey_0   |     array    |
|RoundKey_0_ce0        | out |    1|  ap_memory |   RoundKey_0   |     array    |
|RoundKey_0_q0         |  in |    8|  ap_memory |   RoundKey_0   |     array    |
|RoundKey_1_address0   | out |    4|  ap_memory |   RoundKey_1   |     array    |
|RoundKey_1_ce0        | out |    1|  ap_memory |   RoundKey_1   |     array    |
|RoundKey_1_q0         |  in |    8|  ap_memory |   RoundKey_1   |     array    |
|RoundKey_2_address0   | out |    4|  ap_memory |   RoundKey_2   |     array    |
|RoundKey_2_ce0        | out |    1|  ap_memory |   RoundKey_2   |     array    |
|RoundKey_2_q0         |  in |    8|  ap_memory |   RoundKey_2   |     array    |
|RoundKey_3_address0   | out |    4|  ap_memory |   RoundKey_3   |     array    |
|RoundKey_3_ce0        | out |    1|  ap_memory |   RoundKey_3   |     array    |
|RoundKey_3_q0         |  in |    8|  ap_memory |   RoundKey_3   |     array    |
|RoundKey_4_address0   | out |    4|  ap_memory |   RoundKey_4   |     array    |
|RoundKey_4_ce0        | out |    1|  ap_memory |   RoundKey_4   |     array    |
|RoundKey_4_q0         |  in |    8|  ap_memory |   RoundKey_4   |     array    |
|RoundKey_5_address0   | out |    4|  ap_memory |   RoundKey_5   |     array    |
|RoundKey_5_ce0        | out |    1|  ap_memory |   RoundKey_5   |     array    |
|RoundKey_5_q0         |  in |    8|  ap_memory |   RoundKey_5   |     array    |
|RoundKey_6_address0   | out |    4|  ap_memory |   RoundKey_6   |     array    |
|RoundKey_6_ce0        | out |    1|  ap_memory |   RoundKey_6   |     array    |
|RoundKey_6_q0         |  in |    8|  ap_memory |   RoundKey_6   |     array    |
|RoundKey_7_address0   | out |    4|  ap_memory |   RoundKey_7   |     array    |
|RoundKey_7_ce0        | out |    1|  ap_memory |   RoundKey_7   |     array    |
|RoundKey_7_q0         |  in |    8|  ap_memory |   RoundKey_7   |     array    |
|RoundKey_8_address0   | out |    4|  ap_memory |   RoundKey_8   |     array    |
|RoundKey_8_ce0        | out |    1|  ap_memory |   RoundKey_8   |     array    |
|RoundKey_8_q0         |  in |    8|  ap_memory |   RoundKey_8   |     array    |
|RoundKey_9_address0   | out |    4|  ap_memory |   RoundKey_9   |     array    |
|RoundKey_9_ce0        | out |    1|  ap_memory |   RoundKey_9   |     array    |
|RoundKey_9_q0         |  in |    8|  ap_memory |   RoundKey_9   |     array    |
|RoundKey_10_address0  | out |    4|  ap_memory |   RoundKey_10  |     array    |
|RoundKey_10_ce0       | out |    1|  ap_memory |   RoundKey_10  |     array    |
|RoundKey_10_q0        |  in |    8|  ap_memory |   RoundKey_10  |     array    |
|RoundKey_11_address0  | out |    4|  ap_memory |   RoundKey_11  |     array    |
|RoundKey_11_ce0       | out |    1|  ap_memory |   RoundKey_11  |     array    |
|RoundKey_11_q0        |  in |    8|  ap_memory |   RoundKey_11  |     array    |
|RoundKey_12_address0  | out |    4|  ap_memory |   RoundKey_12  |     array    |
|RoundKey_12_ce0       | out |    1|  ap_memory |   RoundKey_12  |     array    |
|RoundKey_12_q0        |  in |    8|  ap_memory |   RoundKey_12  |     array    |
|RoundKey_13_address0  | out |    4|  ap_memory |   RoundKey_13  |     array    |
|RoundKey_13_ce0       | out |    1|  ap_memory |   RoundKey_13  |     array    |
|RoundKey_13_q0        |  in |    8|  ap_memory |   RoundKey_13  |     array    |
|RoundKey_14_address0  | out |    4|  ap_memory |   RoundKey_14  |     array    |
|RoundKey_14_ce0       | out |    1|  ap_memory |   RoundKey_14  |     array    |
|RoundKey_14_q0        |  in |    8|  ap_memory |   RoundKey_14  |     array    |
|RoundKey_15_address0  | out |    4|  ap_memory |   RoundKey_15  |     array    |
|RoundKey_15_ce0       | out |    1|  ap_memory |   RoundKey_15  |     array    |
|RoundKey_15_q0        |  in |    8|  ap_memory |   RoundKey_15  |     array    |
+----------------------+-----+-----+------------+----------------+--------------+

