

================================================================
== Vivado HLS Report for 'AES'
================================================================
* Date:           Fri May 15 04:25:23 2020

* Version:        2019.2 (Build 2704478 on Wed Nov 06 22:10:23 MST 2019)
* Project:        VLSI_Project
* Solution:       solution1
* Product family: virtex7
* Target device:  xc7vx485t-ffg1157-1


================================================================
== Performance Estimates
================================================================
+ Timing: 
    * Summary: 
    +--------+----------+----------+------------+
    |  Clock |  Target  | Estimated| Uncertainty|
    +--------+----------+----------+------------+
    |ap_clk  | 10.00 ns | 8.430 ns |   1.25 ns  |
    +--------+----------+----------+------------+

+ Latency: 
    * Summary: 
    +---------+---------+----------+----------+-----+-----+---------+
    |  Latency (cycles) |  Latency (absolute) |  Interval | Pipeline|
    |   min   |   max   |    min   |    max   | min | max |   Type  |
    +---------+---------+----------+----------+-----+-----+---------+
    |      100|      100| 1.000 us | 1.000 us |  100|  100|   none  |
    +---------+---------+----------+----------+-----+-----+---------+

    + Detail: 
        * Instance: 
        +-------------------------+--------------+---------+---------+----------+----------+-----+-----+---------+
        |                         |              |  Latency (cycles) |  Latency (absolute) |  Interval | Pipeline|
        |         Instance        |    Module    |   min   |   max   |    min   |    max   | min | max |   Type  |
        +-------------------------+--------------+---------+---------+----------+----------+-----+-----+---------+
        |grp_Cipher_fu_450        |Cipher        |       65|       65| 0.650 us | 0.650 us |   65|   65|   none  |
        |grp_KeyExpansion_fu_550  |KeyExpansion  |       32|       32| 0.320 us | 0.320 us |   32|   32|   none  |
        +-------------------------+--------------+---------+---------+----------+----------+-----+-----+---------+

        * Loop: 
        N/A



================================================================
== Utilization Estimates
================================================================
* Summary: 
+-----------------+---------+-------+--------+--------+-----+
|       Name      | BRAM_18K| DSP48E|   FF   |   LUT  | URAM|
+-----------------+---------+-------+--------+--------+-----+
|DSP              |        -|      -|       -|       -|    -|
|Expression       |        -|      -|       -|       -|    -|
|FIFO             |        -|      -|       -|       -|    -|
|Instance         |        0|      -|    1756|    9858|    -|
|Memory           |        -|      -|       -|       -|    -|
|Multiplexer      |        -|      -|       -|     651|    -|
|Register         |        -|      -|       6|       -|    -|
+-----------------+---------+-------+--------+--------+-----+
|Total            |        0|      0|    1762|   10509|    0|
+-----------------+---------+-------+--------+--------+-----+
|Available        |     2060|   2800|  607200|  303600|    0|
+-----------------+---------+-------+--------+--------+-----+
|Utilization (%)  |        0|      0|   ~0   |       3|    0|
+-----------------+---------+-------+--------+--------+-----+

+ Detail: 
    * Instance: 
    +-------------------------+--------------+---------+-------+------+------+-----+
    |         Instance        |    Module    | BRAM_18K| DSP48E|  FF  |  LUT | URAM|
    +-------------------------+--------------+---------+-------+------+------+-----+
    |grp_Cipher_fu_450        |Cipher        |        0|      0|  1342|  7948|    0|
    |grp_KeyExpansion_fu_550  |KeyExpansion  |        0|      0|   414|  1910|    0|
    +-------------------------+--------------+---------+-------+------+------+-----+
    |Total                    |              |        0|      0|  1756|  9858|    0|
    +-------------------------+--------------+---------+-------+------+------+-----+

    * DSP48E: 
    N/A

    * Memory: 
    N/A

    * FIFO: 
    N/A

    * Expression: 
    N/A

    * Multiplexer: 
    +--------------------------+----+-----------+-----+-----------+
    |           Name           | LUT| Input Size| Bits| Total Bits|
    +--------------------------+----+-----------+-----+-----------+
    |ap_NS_fsm                 |  27|          5|    1|          5|
    |ctx_RoundKey_0_address0   |  15|          3|    4|         12|
    |ctx_RoundKey_0_ce0        |  15|          3|    1|          3|
    |ctx_RoundKey_0_we0        |   9|          2|    1|          2|
    |ctx_RoundKey_10_address0  |  15|          3|    4|         12|
    |ctx_RoundKey_10_ce0       |  15|          3|    1|          3|
    |ctx_RoundKey_10_we0       |   9|          2|    1|          2|
    |ctx_RoundKey_11_address0  |  15|          3|    4|         12|
    |ctx_RoundKey_11_ce0       |  15|          3|    1|          3|
    |ctx_RoundKey_11_we0       |   9|          2|    1|          2|
    |ctx_RoundKey_12_address0  |  15|          3|    4|         12|
    |ctx_RoundKey_12_ce0       |  15|          3|    1|          3|
    |ctx_RoundKey_12_we0       |   9|          2|    1|          2|
    |ctx_RoundKey_13_address0  |  15|          3|    4|         12|
    |ctx_RoundKey_13_ce0       |  15|          3|    1|          3|
    |ctx_RoundKey_13_we0       |   9|          2|    1|          2|
    |ctx_RoundKey_14_address0  |  15|          3|    4|         12|
    |ctx_RoundKey_14_ce0       |  15|          3|    1|          3|
    |ctx_RoundKey_14_we0       |   9|          2|    1|          2|
    |ctx_RoundKey_15_address0  |  15|          3|    4|         12|
    |ctx_RoundKey_15_ce0       |  15|          3|    1|          3|
    |ctx_RoundKey_15_we0       |   9|          2|    1|          2|
    |ctx_RoundKey_1_address0   |  15|          3|    4|         12|
    |ctx_RoundKey_1_ce0        |  15|          3|    1|          3|
    |ctx_RoundKey_1_we0        |   9|          2|    1|          2|
    |ctx_RoundKey_2_address0   |  15|          3|    4|         12|
    |ctx_RoundKey_2_ce0        |  15|          3|    1|          3|
    |ctx_RoundKey_2_we0        |   9|          2|    1|          2|
    |ctx_RoundKey_3_address0   |  15|          3|    4|         12|
    |ctx_RoundKey_3_ce0        |  15|          3|    1|          3|
    |ctx_RoundKey_3_we0        |   9|          2|    1|          2|
    |ctx_RoundKey_4_address0   |  15|          3|    4|         12|
    |ctx_RoundKey_4_ce0        |  15|          3|    1|          3|
    |ctx_RoundKey_4_we0        |   9|          2|    1|          2|
    |ctx_RoundKey_5_address0   |  15|          3|    4|         12|
    |ctx_RoundKey_5_ce0        |  15|          3|    1|          3|
    |ctx_RoundKey_5_we0        |   9|          2|    1|          2|
    |ctx_RoundKey_6_address0   |  15|          3|    4|         12|
    |ctx_RoundKey_6_ce0        |  15|          3|    1|          3|
    |ctx_RoundKey_6_we0        |   9|          2|    1|          2|
    |ctx_RoundKey_7_address0   |  15|          3|    4|         12|
    |ctx_RoundKey_7_ce0        |  15|          3|    1|          3|
    |ctx_RoundKey_7_we0        |   9|          2|    1|          2|
    |ctx_RoundKey_8_address0   |  15|          3|    4|         12|
    |ctx_RoundKey_8_ce0        |  15|          3|    1|          3|
    |ctx_RoundKey_8_we0        |   9|          2|    1|          2|
    |ctx_RoundKey_9_address0   |  15|          3|    4|         12|
    |ctx_RoundKey_9_ce0        |  15|          3|    1|          3|
    |ctx_RoundKey_9_we0        |   9|          2|    1|          2|
    +--------------------------+----+-----------+-----+-----------+
    |Total                     | 651|        133|   97|        277|
    +--------------------------+----+-----------+-----+-----------+

    * Register: 
    +--------------------------------------+---+----+-----+-----------+
    |                 Name                 | FF| LUT| Bits| Const Bits|
    +--------------------------------------+---+----+-----+-----------+
    |ap_CS_fsm                             |  4|   0|    4|          0|
    |grp_Cipher_fu_450_ap_start_reg        |  1|   0|    1|          0|
    |grp_KeyExpansion_fu_550_ap_start_reg  |  1|   0|    1|          0|
    +--------------------------------------+---+----+-----+-----------+
    |Total                                 |  6|   0|    6|          0|
    +--------------------------------------+---+----+-----+-----------+



================================================================
== Interface
================================================================
* Summary: 
+--------------------------+-----+-----+------------+-----------------+--------------+
|         RTL Ports        | Dir | Bits|  Protocol  |  Source Object  |    C Type    |
+--------------------------+-----+-----+------------+-----------------+--------------+
|ap_clk                    |  in |    1| ap_ctrl_hs |       AES       | return value |
|ap_rst                    |  in |    1| ap_ctrl_hs |       AES       | return value |
|ap_start                  |  in |    1| ap_ctrl_hs |       AES       | return value |
|ap_done                   | out |    1| ap_ctrl_hs |       AES       | return value |
|ap_idle                   | out |    1| ap_ctrl_hs |       AES       | return value |
|ap_ready                  | out |    1| ap_ctrl_hs |       AES       | return value |
|ctx_RoundKey_0_address0   | out |    4|  ap_memory |  ctx_RoundKey_0 |     array    |
|ctx_RoundKey_0_ce0        | out |    1|  ap_memory |  ctx_RoundKey_0 |     array    |
|ctx_RoundKey_0_we0        | out |    1|  ap_memory |  ctx_RoundKey_0 |     array    |
|ctx_RoundKey_0_d0         | out |    8|  ap_memory |  ctx_RoundKey_0 |     array    |
|ctx_RoundKey_0_q0         |  in |    8|  ap_memory |  ctx_RoundKey_0 |     array    |
|ctx_RoundKey_1_address0   | out |    4|  ap_memory |  ctx_RoundKey_1 |     array    |
|ctx_RoundKey_1_ce0        | out |    1|  ap_memory |  ctx_RoundKey_1 |     array    |
|ctx_RoundKey_1_we0        | out |    1|  ap_memory |  ctx_RoundKey_1 |     array    |
|ctx_RoundKey_1_d0         | out |    8|  ap_memory |  ctx_RoundKey_1 |     array    |
|ctx_RoundKey_1_q0         |  in |    8|  ap_memory |  ctx_RoundKey_1 |     array    |
|ctx_RoundKey_2_address0   | out |    4|  ap_memory |  ctx_RoundKey_2 |     array    |
|ctx_RoundKey_2_ce0        | out |    1|  ap_memory |  ctx_RoundKey_2 |     array    |
|ctx_RoundKey_2_we0        | out |    1|  ap_memory |  ctx_RoundKey_2 |     array    |
|ctx_RoundKey_2_d0         | out |    8|  ap_memory |  ctx_RoundKey_2 |     array    |
|ctx_RoundKey_2_q0         |  in |    8|  ap_memory |  ctx_RoundKey_2 |     array    |
|ctx_RoundKey_3_address0   | out |    4|  ap_memory |  ctx_RoundKey_3 |     array    |
|ctx_RoundKey_3_ce0        | out |    1|  ap_memory |  ctx_RoundKey_3 |     array    |
|ctx_RoundKey_3_we0        | out |    1|  ap_memory |  ctx_RoundKey_3 |     array    |
|ctx_RoundKey_3_d0         | out |    8|  ap_memory |  ctx_RoundKey_3 |     array    |
|ctx_RoundKey_3_q0         |  in |    8|  ap_memory |  ctx_RoundKey_3 |     array    |
|ctx_RoundKey_4_address0   | out |    4|  ap_memory |  ctx_RoundKey_4 |     array    |
|ctx_RoundKey_4_ce0        | out |    1|  ap_memory |  ctx_RoundKey_4 |     array    |
|ctx_RoundKey_4_we0        | out |    1|  ap_memory |  ctx_RoundKey_4 |     array    |
|ctx_RoundKey_4_d0         | out |    8|  ap_memory |  ctx_RoundKey_4 |     array    |
|ctx_RoundKey_4_q0         |  in |    8|  ap_memory |  ctx_RoundKey_4 |     array    |
|ctx_RoundKey_5_address0   | out |    4|  ap_memory |  ctx_RoundKey_5 |     array    |
|ctx_RoundKey_5_ce0        | out |    1|  ap_memory |  ctx_RoundKey_5 |     array    |
|ctx_RoundKey_5_we0        | out |    1|  ap_memory |  ctx_RoundKey_5 |     array    |
|ctx_RoundKey_5_d0         | out |    8|  ap_memory |  ctx_RoundKey_5 |     array    |
|ctx_RoundKey_5_q0         |  in |    8|  ap_memory |  ctx_RoundKey_5 |     array    |
|ctx_RoundKey_6_address0   | out |    4|  ap_memory |  ctx_RoundKey_6 |     array    |
|ctx_RoundKey_6_ce0        | out |    1|  ap_memory |  ctx_RoundKey_6 |     array    |
|ctx_RoundKey_6_we0        | out |    1|  ap_memory |  ctx_RoundKey_6 |     array    |
|ctx_RoundKey_6_d0         | out |    8|  ap_memory |  ctx_RoundKey_6 |     array    |
|ctx_RoundKey_6_q0         |  in |    8|  ap_memory |  ctx_RoundKey_6 |     array    |
|ctx_RoundKey_7_address0   | out |    4|  ap_memory |  ctx_RoundKey_7 |     array    |
|ctx_RoundKey_7_ce0        | out |    1|  ap_memory |  ctx_RoundKey_7 |     array    |
|ctx_RoundKey_7_we0        | out |    1|  ap_memory |  ctx_RoundKey_7 |     array    |
|ctx_RoundKey_7_d0         | out |    8|  ap_memory |  ctx_RoundKey_7 |     array    |
|ctx_RoundKey_7_q0         |  in |    8|  ap_memory |  ctx_RoundKey_7 |     array    |
|ctx_RoundKey_8_address0   | out |    4|  ap_memory |  ctx_RoundKey_8 |     array    |
|ctx_RoundKey_8_ce0        | out |    1|  ap_memory |  ctx_RoundKey_8 |     array    |
|ctx_RoundKey_8_we0        | out |    1|  ap_memory |  ctx_RoundKey_8 |     array    |
|ctx_RoundKey_8_d0         | out |    8|  ap_memory |  ctx_RoundKey_8 |     array    |
|ctx_RoundKey_8_q0         |  in |    8|  ap_memory |  ctx_RoundKey_8 |     array    |
|ctx_RoundKey_9_address0   | out |    4|  ap_memory |  ctx_RoundKey_9 |     array    |
|ctx_RoundKey_9_ce0        | out |    1|  ap_memory |  ctx_RoundKey_9 |     array    |
|ctx_RoundKey_9_we0        | out |    1|  ap_memory |  ctx_RoundKey_9 |     array    |
|ctx_RoundKey_9_d0         | out |    8|  ap_memory |  ctx_RoundKey_9 |     array    |
|ctx_RoundKey_9_q0         |  in |    8|  ap_memory |  ctx_RoundKey_9 |     array    |
|ctx_RoundKey_10_address0  | out |    4|  ap_memory | ctx_RoundKey_10 |     array    |
|ctx_RoundKey_10_ce0       | out |    1|  ap_memory | ctx_RoundKey_10 |     array    |
|ctx_RoundKey_10_we0       | out |    1|  ap_memory | ctx_RoundKey_10 |     array    |
|ctx_RoundKey_10_d0        | out |    8|  ap_memory | ctx_RoundKey_10 |     array    |
|ctx_RoundKey_10_q0        |  in |    8|  ap_memory | ctx_RoundKey_10 |     array    |
|ctx_RoundKey_11_address0  | out |    4|  ap_memory | ctx_RoundKey_11 |     array    |
|ctx_RoundKey_11_ce0       | out |    1|  ap_memory | ctx_RoundKey_11 |     array    |
|ctx_RoundKey_11_we0       | out |    1|  ap_memory | ctx_RoundKey_11 |     array    |
|ctx_RoundKey_11_d0        | out |    8|  ap_memory | ctx_RoundKey_11 |     array    |
|ctx_RoundKey_11_q0        |  in |    8|  ap_memory | ctx_RoundKey_11 |     array    |
|ctx_RoundKey_12_address0  | out |    4|  ap_memory | ctx_RoundKey_12 |     array    |
|ctx_RoundKey_12_ce0       | out |    1|  ap_memory | ctx_RoundKey_12 |     array    |
|ctx_RoundKey_12_we0       | out |    1|  ap_memory | ctx_RoundKey_12 |     array    |
|ctx_RoundKey_12_d0        | out |    8|  ap_memory | ctx_RoundKey_12 |     array    |
|ctx_RoundKey_12_q0        |  in |    8|  ap_memory | ctx_RoundKey_12 |     array    |
|ctx_RoundKey_13_address0  | out |    4|  ap_memory | ctx_RoundKey_13 |     array    |
|ctx_RoundKey_13_ce0       | out |    1|  ap_memory | ctx_RoundKey_13 |     array    |
|ctx_RoundKey_13_we0       | out |    1|  ap_memory | ctx_RoundKey_13 |     array    |
|ctx_RoundKey_13_d0        | out |    8|  ap_memory | ctx_RoundKey_13 |     array    |
|ctx_RoundKey_13_q0        |  in |    8|  ap_memory | ctx_RoundKey_13 |     array    |
|ctx_RoundKey_14_address0  | out |    4|  ap_memory | ctx_RoundKey_14 |     array    |
|ctx_RoundKey_14_ce0       | out |    1|  ap_memory | ctx_RoundKey_14 |     array    |
|ctx_RoundKey_14_we0       | out |    1|  ap_memory | ctx_RoundKey_14 |     array    |
|ctx_RoundKey_14_d0        | out |    8|  ap_memory | ctx_RoundKey_14 |     array    |
|ctx_RoundKey_14_q0        |  in |    8|  ap_memory | ctx_RoundKey_14 |     array    |
|ctx_RoundKey_15_address0  | out |    4|  ap_memory | ctx_RoundKey_15 |     array    |
|ctx_RoundKey_15_ce0       | out |    1|  ap_memory | ctx_RoundKey_15 |     array    |
|ctx_RoundKey_15_we0       | out |    1|  ap_memory | ctx_RoundKey_15 |     array    |
|ctx_RoundKey_15_d0        | out |    8|  ap_memory | ctx_RoundKey_15 |     array    |
|ctx_RoundKey_15_q0        |  in |    8|  ap_memory | ctx_RoundKey_15 |     array    |
|ctx_Iv_address0           | out |    4|  ap_memory |      ctx_Iv     |     array    |
|ctx_Iv_ce0                | out |    1|  ap_memory |      ctx_Iv     |     array    |
|ctx_Iv_we0                | out |    1|  ap_memory |      ctx_Iv     |     array    |
|ctx_Iv_d0                 | out |    8|  ap_memory |      ctx_Iv     |     array    |
|ctx_Iv_q0                 |  in |    8|  ap_memory |      ctx_Iv     |     array    |
|ctx_Iv_address1           | out |    4|  ap_memory |      ctx_Iv     |     array    |
|ctx_Iv_ce1                | out |    1|  ap_memory |      ctx_Iv     |     array    |
|ctx_Iv_we1                | out |    1|  ap_memory |      ctx_Iv     |     array    |
|ctx_Iv_d1                 | out |    8|  ap_memory |      ctx_Iv     |     array    |
|ctx_Iv_q1                 |  in |    8|  ap_memory |      ctx_Iv     |     array    |
|key_0                     |  in |    8|   ap_none  |      key_0      |    pointer   |
|key_1                     |  in |    8|   ap_none  |      key_1      |    pointer   |
|key_2                     |  in |    8|   ap_none  |      key_2      |    pointer   |
|key_3                     |  in |    8|   ap_none  |      key_3      |    pointer   |
|key_4                     |  in |    8|   ap_none  |      key_4      |    pointer   |
|key_5                     |  in |    8|   ap_none  |      key_5      |    pointer   |
|key_6                     |  in |    8|   ap_none  |      key_6      |    pointer   |
|key_7                     |  in |    8|   ap_none  |      key_7      |    pointer   |
|key_8                     |  in |    8|   ap_none  |      key_8      |    pointer   |
|key_9                     |  in |    8|   ap_none  |      key_9      |    pointer   |
|key_10                    |  in |    8|   ap_none  |      key_10     |    pointer   |
|key_11                    |  in |    8|   ap_none  |      key_11     |    pointer   |
|key_12                    |  in |    8|   ap_none  |      key_12     |    pointer   |
|key_13                    |  in |    8|   ap_none  |      key_13     |    pointer   |
|key_14                    |  in |    8|   ap_none  |      key_14     |    pointer   |
|key_15                    |  in |    8|   ap_none  |      key_15     |    pointer   |
|in_0_0_i                  |  in |    8|   ap_ovld  |      in_0_0     |    pointer   |
|in_0_0_o                  | out |    8|   ap_ovld  |      in_0_0     |    pointer   |
|in_0_0_o_ap_vld           | out |    1|   ap_ovld  |      in_0_0     |    pointer   |
|in_0_1_i                  |  in |    8|   ap_ovld  |      in_0_1     |    pointer   |
|in_0_1_o                  | out |    8|   ap_ovld  |      in_0_1     |    pointer   |
|in_0_1_o_ap_vld           | out |    1|   ap_ovld  |      in_0_1     |    pointer   |
|in_0_2_i                  |  in |    8|   ap_ovld  |      in_0_2     |    pointer   |
|in_0_2_o                  | out |    8|   ap_ovld  |      in_0_2     |    pointer   |
|in_0_2_o_ap_vld           | out |    1|   ap_ovld  |      in_0_2     |    pointer   |
|in_0_3_i                  |  in |    8|   ap_ovld  |      in_0_3     |    pointer   |
|in_0_3_o                  | out |    8|   ap_ovld  |      in_0_3     |    pointer   |
|in_0_3_o_ap_vld           | out |    1|   ap_ovld  |      in_0_3     |    pointer   |
|in_1_0_i                  |  in |    8|   ap_ovld  |      in_1_0     |    pointer   |
|in_1_0_o                  | out |    8|   ap_ovld  |      in_1_0     |    pointer   |
|in_1_0_o_ap_vld           | out |    1|   ap_ovld  |      in_1_0     |    pointer   |
|in_1_1_i                  |  in |    8|   ap_ovld  |      in_1_1     |    pointer   |
|in_1_1_o                  | out |    8|   ap_ovld  |      in_1_1     |    pointer   |
|in_1_1_o_ap_vld           | out |    1|   ap_ovld  |      in_1_1     |    pointer   |
|in_1_2_i                  |  in |    8|   ap_ovld  |      in_1_2     |    pointer   |
|in_1_2_o                  | out |    8|   ap_ovld  |      in_1_2     |    pointer   |
|in_1_2_o_ap_vld           | out |    1|   ap_ovld  |      in_1_2     |    pointer   |
|in_1_3_i                  |  in |    8|   ap_ovld  |      in_1_3     |    pointer   |
|in_1_3_o                  | out |    8|   ap_ovld  |      in_1_3     |    pointer   |
|in_1_3_o_ap_vld           | out |    1|   ap_ovld  |      in_1_3     |    pointer   |
|in_2_0_i                  |  in |    8|   ap_ovld  |      in_2_0     |    pointer   |
|in_2_0_o                  | out |    8|   ap_ovld  |      in_2_0     |    pointer   |
|in_2_0_o_ap_vld           | out |    1|   ap_ovld  |      in_2_0     |    pointer   |
|in_2_1_i                  |  in |    8|   ap_ovld  |      in_2_1     |    pointer   |
|in_2_1_o                  | out |    8|   ap_ovld  |      in_2_1     |    pointer   |
|in_2_1_o_ap_vld           | out |    1|   ap_ovld  |      in_2_1     |    pointer   |
|in_2_2_i                  |  in |    8|   ap_ovld  |      in_2_2     |    pointer   |
|in_2_2_o                  | out |    8|   ap_ovld  |      in_2_2     |    pointer   |
|in_2_2_o_ap_vld           | out |    1|   ap_ovld  |      in_2_2     |    pointer   |
|in_2_3_i                  |  in |    8|   ap_ovld  |      in_2_3     |    pointer   |
|in_2_3_o                  | out |    8|   ap_ovld  |      in_2_3     |    pointer   |
|in_2_3_o_ap_vld           | out |    1|   ap_ovld  |      in_2_3     |    pointer   |
|in_3_0_i                  |  in |    8|   ap_ovld  |      in_3_0     |    pointer   |
|in_3_0_o                  | out |    8|   ap_ovld  |      in_3_0     |    pointer   |
|in_3_0_o_ap_vld           | out |    1|   ap_ovld  |      in_3_0     |    pointer   |
|in_3_1_i                  |  in |    8|   ap_ovld  |      in_3_1     |    pointer   |
|in_3_1_o                  | out |    8|   ap_ovld  |      in_3_1     |    pointer   |
|in_3_1_o_ap_vld           | out |    1|   ap_ovld  |      in_3_1     |    pointer   |
|in_3_2_i                  |  in |    8|   ap_ovld  |      in_3_2     |    pointer   |
|in_3_2_o                  | out |    8|   ap_ovld  |      in_3_2     |    pointer   |
|in_3_2_o_ap_vld           | out |    1|   ap_ovld  |      in_3_2     |    pointer   |
|in_3_3_i                  |  in |    8|   ap_ovld  |      in_3_3     |    pointer   |
|in_3_3_o                  | out |    8|   ap_ovld  |      in_3_3     |    pointer   |
|in_3_3_o_ap_vld           | out |    1|   ap_ovld  |      in_3_3     |    pointer   |
+--------------------------+-----+-----+------------+-----------------+--------------+

