

================================================================
== Vivado HLS Report for 'InvMixColumns'
================================================================
* Date:           Wed May 13 23:30:48 2020

* Version:        2019.2 (Build 2704478 on Wed Nov 06 22:10:23 MST 2019)
* Project:        VLSI_Project
* Solution:       solution1
* Product family: virtex7
* Target device:  xc7vx485t-ffg1157-1


================================================================
== Performance Estimates
================================================================
+ Timing: 
    * Summary: 
    +--------+----------+----------+------------+
    |  Clock |  Target  | Estimated| Uncertainty|
    +--------+----------+----------+------------+
    |ap_clk  | 10.00 ns | 7.821 ns |   1.25 ns  |
    +--------+----------+----------+------------+

+ Latency: 
    * Summary: 
    +---------+---------+-----------+-----------+-----+-----+---------+
    |  Latency (cycles) |   Latency (absolute)  |  Interval | Pipeline|
    |   min   |   max   |    min    |    max    | min | max |   Type  |
    +---------+---------+-----------+-----------+-----+-----+---------+
    |        5|        5| 50.000 ns | 50.000 ns |    5|    5|   none  |
    +---------+---------+-----------+-----------+-----+-----+---------+

    + Detail: 
        * Instance: 
        +------------------------+----------+---------+---------+----------+----------+-----+-----+---------+
        |                        |          |  Latency (cycles) |  Latency (absolute) |  Interval | Pipeline|
        |        Instance        |  Module  |   min   |   max   |    min   |    max   | min | max |   Type  |
        +------------------------+----------+---------+---------+----------+----------+-----+-----+---------+
        |tmp_Multiply_fu_309     |Multiply  |        0|        0|   0 ns   |   0 ns   |    0|    0|   none  |
        |tmp_s_Multiply_fu_316   |Multiply  |        0|        0|   0 ns   |   0 ns   |    0|    0|   none  |
        |tmp_1_Multiply_fu_323   |Multiply  |        0|        0|   0 ns   |   0 ns   |    0|    0|   none  |
        |tmp_2_Multiply_fu_330   |Multiply  |        0|        0|   0 ns   |   0 ns   |    0|    0|   none  |
        |tmp_3_Multiply_fu_337   |Multiply  |        0|        0|   0 ns   |   0 ns   |    0|    0|   none  |
        |tmp_4_Multiply_fu_344   |Multiply  |        0|        0|   0 ns   |   0 ns   |    0|    0|   none  |
        |tmp_5_Multiply_fu_351   |Multiply  |        0|        0|   0 ns   |   0 ns   |    0|    0|   none  |
        |tmp_6_Multiply_fu_358   |Multiply  |        0|        0|   0 ns   |   0 ns   |    0|    0|   none  |
        |tmp_7_Multiply_fu_365   |Multiply  |        0|        0|   0 ns   |   0 ns   |    0|    0|   none  |
        |tmp_8_Multiply_fu_372   |Multiply  |        0|        0|   0 ns   |   0 ns   |    0|    0|   none  |
        |tmp_9_Multiply_fu_379   |Multiply  |        0|        0|   0 ns   |   0 ns   |    0|    0|   none  |
        |tmp_10_Multiply_fu_386  |Multiply  |        0|        0|   0 ns   |   0 ns   |    0|    0|   none  |
        |tmp_11_Multiply_fu_393  |Multiply  |        0|        0|   0 ns   |   0 ns   |    0|    0|   none  |
        |tmp_12_Multiply_fu_400  |Multiply  |        0|        0|   0 ns   |   0 ns   |    0|    0|   none  |
        |tmp_13_Multiply_fu_407  |Multiply  |        0|        0|   0 ns   |   0 ns   |    0|    0|   none  |
        |tmp_14_Multiply_fu_414  |Multiply  |        0|        0|   0 ns   |   0 ns   |    0|    0|   none  |
        +------------------------+----------+---------+---------+----------+----------+-----+-----+---------+

        * Loop: 
        +----------+---------+---------+----------+-----------+-----------+------+----------+
        |          |  Latency (cycles) | Iteration|  Initiation Interval  | Trip |          |
        | Loop Name|   min   |   max   |  Latency |  achieved |   target  | Count| Pipelined|
        +----------+---------+---------+----------+-----------+-----------+------+----------+
        |- Loop 1  |        4|        4|         1|          -|          -|     4|    no    |
        +----------+---------+---------+----------+-----------+-----------+------+----------+



================================================================
== Utilization Estimates
================================================================
* Summary: 
+-----------------+---------+-------+--------+--------+-----+
|       Name      | BRAM_18K| DSP48E|   FF   |   LUT  | URAM|
+-----------------+---------+-------+--------+--------+-----+
|DSP              |        -|      -|       -|       -|    -|
|Expression       |        -|      -|       0|     117|    -|
|FIFO             |        -|      -|       -|       -|    -|
|Instance         |        -|      -|       0|    2068|    -|
|Memory           |        -|      -|       -|       -|    -|
|Multiplexer      |        -|      -|       -|     312|    -|
|Register         |        -|      -|     261|       -|    -|
+-----------------+---------+-------+--------+--------+-----+
|Total            |        0|      0|     261|    2497|    0|
+-----------------+---------+-------+--------+--------+-----+
|Available        |     2060|   2800|  607200|  303600|    0|
+-----------------+---------+-------+--------+--------+-----+
|Utilization (%)  |        0|      0|   ~0   |   ~0   |    0|
+-----------------+---------+-------+--------+--------+-----+

+ Detail: 
    * Instance: 
    +--------------------------+----------------------+---------+-------+---+-----+-----+
    |         Instance         |        Module        | BRAM_18K| DSP48E| FF| LUT | URAM|
    +--------------------------+----------------------+---------+-------+---+-----+-----+
    |InvCipher_mux_42_cud_U39  |InvCipher_mux_42_cud  |        0|      0|  0|   21|    0|
    |InvCipher_mux_42_cud_U40  |InvCipher_mux_42_cud  |        0|      0|  0|   21|    0|
    |InvCipher_mux_42_cud_U41  |InvCipher_mux_42_cud  |        0|      0|  0|   21|    0|
    |InvCipher_mux_42_cud_U42  |InvCipher_mux_42_cud  |        0|      0|  0|   21|    0|
    |InvCipher_mux_42_cud_U43  |InvCipher_mux_42_cud  |        0|      0|  0|   21|    0|
    |InvCipher_mux_42_cud_U44  |InvCipher_mux_42_cud  |        0|      0|  0|   21|    0|
    |InvCipher_mux_42_cud_U45  |InvCipher_mux_42_cud  |        0|      0|  0|   21|    0|
    |InvCipher_mux_42_cud_U46  |InvCipher_mux_42_cud  |        0|      0|  0|   21|    0|
    |InvCipher_mux_42_cud_U47  |InvCipher_mux_42_cud  |        0|      0|  0|   21|    0|
    |InvCipher_mux_42_cud_U48  |InvCipher_mux_42_cud  |        0|      0|  0|   21|    0|
    |InvCipher_mux_42_cud_U49  |InvCipher_mux_42_cud  |        0|      0|  0|   21|    0|
    |InvCipher_mux_42_cud_U50  |InvCipher_mux_42_cud  |        0|      0|  0|   21|    0|
    |InvCipher_mux_42_cud_U51  |InvCipher_mux_42_cud  |        0|      0|  0|   21|    0|
    |InvCipher_mux_42_cud_U52  |InvCipher_mux_42_cud  |        0|      0|  0|   21|    0|
    |InvCipher_mux_42_cud_U53  |InvCipher_mux_42_cud  |        0|      0|  0|   21|    0|
    |InvCipher_mux_42_cud_U54  |InvCipher_mux_42_cud  |        0|      0|  0|   21|    0|
    |InvCipher_mux_42_cud_U55  |InvCipher_mux_42_cud  |        0|      0|  0|   21|    0|
    |InvCipher_mux_42_cud_U56  |InvCipher_mux_42_cud  |        0|      0|  0|   21|    0|
    |InvCipher_mux_42_cud_U57  |InvCipher_mux_42_cud  |        0|      0|  0|   21|    0|
    |InvCipher_mux_42_cud_U58  |InvCipher_mux_42_cud  |        0|      0|  0|   21|    0|
    |tmp_Multiply_fu_309       |Multiply              |        0|      0|  0|  103|    0|
    |tmp_s_Multiply_fu_316     |Multiply              |        0|      0|  0|  103|    0|
    |tmp_1_Multiply_fu_323     |Multiply              |        0|      0|  0|  103|    0|
    |tmp_2_Multiply_fu_330     |Multiply              |        0|      0|  0|  103|    0|
    |tmp_3_Multiply_fu_337     |Multiply              |        0|      0|  0|  103|    0|
    |tmp_4_Multiply_fu_344     |Multiply              |        0|      0|  0|  103|    0|
    |tmp_5_Multiply_fu_351     |Multiply              |        0|      0|  0|  103|    0|
    |tmp_6_Multiply_fu_358     |Multiply              |        0|      0|  0|  103|    0|
    |tmp_7_Multiply_fu_365     |Multiply              |        0|      0|  0|  103|    0|
    |tmp_8_Multiply_fu_372     |Multiply              |        0|      0|  0|  103|    0|
    |tmp_9_Multiply_fu_379     |Multiply              |        0|      0|  0|  103|    0|
    |tmp_10_Multiply_fu_386    |Multiply              |        0|      0|  0|  103|    0|
    |tmp_11_Multiply_fu_393    |Multiply              |        0|      0|  0|  103|    0|
    |tmp_12_Multiply_fu_400    |Multiply              |        0|      0|  0|  103|    0|
    |tmp_13_Multiply_fu_407    |Multiply              |        0|      0|  0|  103|    0|
    |tmp_14_Multiply_fu_414    |Multiply              |        0|      0|  0|  103|    0|
    +--------------------------+----------------------+---------+-------+---+-----+-----+
    |Total                     |                      |        0|      0|  0| 2068|    0|
    +--------------------------+----------------------+---------+-------+---+-----+-----+

    * DSP48E: 
    N/A

    * Memory: 
    N/A

    * FIFO: 
    N/A

    * Expression: 
    +-----------------------+----------+-------+---+----+------------+------------+
    |     Variable Name     | Operation| DSP48E| FF| LUT| Bitwidth P0| Bitwidth P1|
    +-----------------------+----------+-------+---+----+------------+------------+
    |i_fu_427_p2            |     +    |      0|  0|  12|           3|           1|
    |icmp_ln369_fu_421_p2   |   icmp   |      0|  0|   9|           3|           4|
    |xor_ln376_1_fu_515_p2  |    xor   |      0|  0|   8|           8|           8|
    |xor_ln376_2_fu_521_p2  |    xor   |      0|  0|   8|           8|           8|
    |xor_ln376_fu_509_p2    |    xor   |      0|  0|   8|           8|           8|
    |xor_ln377_1_fu_533_p2  |    xor   |      0|  0|   8|           8|           8|
    |xor_ln377_2_fu_539_p2  |    xor   |      0|  0|   8|           8|           8|
    |xor_ln377_fu_527_p2    |    xor   |      0|  0|   8|           8|           8|
    |xor_ln378_1_fu_551_p2  |    xor   |      0|  0|   8|           8|           8|
    |xor_ln378_2_fu_557_p2  |    xor   |      0|  0|   8|           8|           8|
    |xor_ln378_fu_545_p2    |    xor   |      0|  0|   8|           8|           8|
    |xor_ln379_1_fu_569_p2  |    xor   |      0|  0|   8|           8|           8|
    |xor_ln379_2_fu_575_p2  |    xor   |      0|  0|   8|           8|           8|
    |xor_ln379_fu_563_p2    |    xor   |      0|  0|   8|           8|           8|
    +-----------------------+----------+-------+---+----+------------+------------+
    |Total                  |          |      0|  0| 117|         102|         101|
    +-----------------------+----------+-------+---+----+------------+------------+

    * Multiplexer: 
    +---------------------+----+-----------+-----+-----------+
    |         Name        | LUT| Input Size| Bits| Total Bits|
    +---------------------+----+-----------+-----+-----------+
    |ap_NS_fsm            |  15|          3|    1|          3|
    |ap_return_0          |   9|          2|    8|         16|
    |ap_return_1          |   9|          2|    8|         16|
    |ap_return_10         |   9|          2|    8|         16|
    |ap_return_11         |   9|          2|    8|         16|
    |ap_return_12         |   9|          2|    8|         16|
    |ap_return_13         |   9|          2|    8|         16|
    |ap_return_14         |   9|          2|    8|         16|
    |ap_return_15         |   9|          2|    8|         16|
    |ap_return_2          |   9|          2|    8|         16|
    |ap_return_3          |   9|          2|    8|         16|
    |ap_return_4          |   9|          2|    8|         16|
    |ap_return_5          |   9|          2|    8|         16|
    |ap_return_6          |   9|          2|    8|         16|
    |ap_return_7          |   9|          2|    8|         16|
    |ap_return_8          |   9|          2|    8|         16|
    |ap_return_9          |   9|          2|    8|         16|
    |i_0_reg_298          |   9|          2|    3|          6|
    |state_0_0_0_reg_154  |   9|          2|    8|         16|
    |state_0_1_0_reg_163  |   9|          2|    8|         16|
    |state_0_2_0_reg_172  |   9|          2|    8|         16|
    |state_0_3_0_reg_181  |   9|          2|    8|         16|
    |state_1_0_0_reg_190  |   9|          2|    8|         16|
    |state_1_1_0_reg_199  |   9|          2|    8|         16|
    |state_1_2_0_reg_208  |   9|          2|    8|         16|
    |state_1_3_0_reg_217  |   9|          2|    8|         16|
    |state_2_0_0_reg_226  |   9|          2|    8|         16|
    |state_2_1_0_reg_235  |   9|          2|    8|         16|
    |state_2_2_0_reg_244  |   9|          2|    8|         16|
    |state_2_3_0_reg_253  |   9|          2|    8|         16|
    |state_3_0_0_reg_262  |   9|          2|    8|         16|
    |state_3_1_0_reg_271  |   9|          2|    8|         16|
    |state_3_2_0_reg_280  |   9|          2|    8|         16|
    |state_3_3_0_reg_289  |   9|          2|    8|         16|
    +---------------------+----+-----------+-----+-----------+
    |Total                | 312|         69|  260|        521|
    +---------------------+----+-----------+-----+-----------+

    * Register: 
    +---------------------+---+----+-----+-----------+
    |         Name        | FF| LUT| Bits| Const Bits|
    +---------------------+---+----+-----+-----------+
    |ap_CS_fsm            |  2|   0|    2|          0|
    |ap_return_0_preg     |  8|   0|    8|          0|
    |ap_return_10_preg    |  8|   0|    8|          0|
    |ap_return_11_preg    |  8|   0|    8|          0|
    |ap_return_12_preg    |  8|   0|    8|          0|
    |ap_return_13_preg    |  8|   0|    8|          0|
    |ap_return_14_preg    |  8|   0|    8|          0|
    |ap_return_15_preg    |  8|   0|    8|          0|
    |ap_return_1_preg     |  8|   0|    8|          0|
    |ap_return_2_preg     |  8|   0|    8|          0|
    |ap_return_3_preg     |  8|   0|    8|          0|
    |ap_return_4_preg     |  8|   0|    8|          0|
    |ap_return_5_preg     |  8|   0|    8|          0|
    |ap_return_6_preg     |  8|   0|    8|          0|
    |ap_return_7_preg     |  8|   0|    8|          0|
    |ap_return_8_preg     |  8|   0|    8|          0|
    |ap_return_9_preg     |  8|   0|    8|          0|
    |i_0_reg_298          |  3|   0|    3|          0|
    |state_0_0_0_reg_154  |  8|   0|    8|          0|
    |state_0_1_0_reg_163  |  8|   0|    8|          0|
    |state_0_2_0_reg_172  |  8|   0|    8|          0|
    |state_0_3_0_reg_181  |  8|   0|    8|          0|
    |state_1_0_0_reg_190  |  8|   0|    8|          0|
    |state_1_1_0_reg_199  |  8|   0|    8|          0|
    |state_1_2_0_reg_208  |  8|   0|    8|          0|
    |state_1_3_0_reg_217  |  8|   0|    8|          0|
    |state_2_0_0_reg_226  |  8|   0|    8|          0|
    |state_2_1_0_reg_235  |  8|   0|    8|          0|
    |state_2_2_0_reg_244  |  8|   0|    8|          0|
    |state_2_3_0_reg_253  |  8|   0|    8|          0|
    |state_3_0_0_reg_262  |  8|   0|    8|          0|
    |state_3_1_0_reg_271  |  8|   0|    8|          0|
    |state_3_2_0_reg_280  |  8|   0|    8|          0|
    |state_3_3_0_reg_289  |  8|   0|    8|          0|
    +---------------------+---+----+-----+-----------+
    |Total                |261|   0|  261|          0|
    +---------------------+---+----+-----+-----------+



================================================================
== Interface
================================================================
* Summary: 
+----------------+-----+-----+------------+----------------+--------------+
|    RTL Ports   | Dir | Bits|  Protocol  |  Source Object |    C Type    |
+----------------+-----+-----+------------+----------------+--------------+
|ap_clk          |  in |    1| ap_ctrl_hs |  InvMixColumns | return value |
|ap_rst          |  in |    1| ap_ctrl_hs |  InvMixColumns | return value |
|ap_start        |  in |    1| ap_ctrl_hs |  InvMixColumns | return value |
|ap_done         | out |    1| ap_ctrl_hs |  InvMixColumns | return value |
|ap_idle         | out |    1| ap_ctrl_hs |  InvMixColumns | return value |
|ap_ready        | out |    1| ap_ctrl_hs |  InvMixColumns | return value |
|ap_return_0     | out |    8| ap_ctrl_hs |  InvMixColumns | return value |
|ap_return_1     | out |    8| ap_ctrl_hs |  InvMixColumns | return value |
|ap_return_2     | out |    8| ap_ctrl_hs |  InvMixColumns | return value |
|ap_return_3     | out |    8| ap_ctrl_hs |  InvMixColumns | return value |
|ap_return_4     | out |    8| ap_ctrl_hs |  InvMixColumns | return value |
|ap_return_5     | out |    8| ap_ctrl_hs |  InvMixColumns | return value |
|ap_return_6     | out |    8| ap_ctrl_hs |  InvMixColumns | return value |
|ap_return_7     | out |    8| ap_ctrl_hs |  InvMixColumns | return value |
|ap_return_8     | out |    8| ap_ctrl_hs |  InvMixColumns | return value |
|ap_return_9     | out |    8| ap_ctrl_hs |  InvMixColumns | return value |
|ap_return_10    | out |    8| ap_ctrl_hs |  InvMixColumns | return value |
|ap_return_11    | out |    8| ap_ctrl_hs |  InvMixColumns | return value |
|ap_return_12    | out |    8| ap_ctrl_hs |  InvMixColumns | return value |
|ap_return_13    | out |    8| ap_ctrl_hs |  InvMixColumns | return value |
|ap_return_14    | out |    8| ap_ctrl_hs |  InvMixColumns | return value |
|ap_return_15    | out |    8| ap_ctrl_hs |  InvMixColumns | return value |
|state_0_0_read  |  in |    8|   ap_none  | state_0_0_read |    scalar    |
|state_0_1_read  |  in |    8|   ap_none  | state_0_1_read |    scalar    |
|state_0_2_read  |  in |    8|   ap_none  | state_0_2_read |    scalar    |
|state_0_3_read  |  in |    8|   ap_none  | state_0_3_read |    scalar    |
|state_1_0_read  |  in |    8|   ap_none  | state_1_0_read |    scalar    |
|state_1_1_read  |  in |    8|   ap_none  | state_1_1_read |    scalar    |
|state_1_2_read  |  in |    8|   ap_none  | state_1_2_read |    scalar    |
|state_1_3_read  |  in |    8|   ap_none  | state_1_3_read |    scalar    |
|state_2_0_read  |  in |    8|   ap_none  | state_2_0_read |    scalar    |
|state_2_1_read  |  in |    8|   ap_none  | state_2_1_read |    scalar    |
|state_2_2_read  |  in |    8|   ap_none  | state_2_2_read |    scalar    |
|state_2_3_read  |  in |    8|   ap_none  | state_2_3_read |    scalar    |
|state_3_0_read  |  in |    8|   ap_none  | state_3_0_read |    scalar    |
|state_3_1_read  |  in |    8|   ap_none  | state_3_1_read |    scalar    |
|state_3_2_read  |  in |    8|   ap_none  | state_3_2_read |    scalar    |
|state_3_3_read  |  in |    8|   ap_none  | state_3_3_read |    scalar    |
+----------------+-----+-----+------------+----------------+--------------+

