

================================================================
== Vivado HLS Report for 'SubBytes'
================================================================
* Date:           Wed May 13 18:39:00 2020

* Version:        2019.2 (Build 2704478 on Wed Nov 06 22:10:23 MST 2019)
* Project:        VLSI_Project
* Solution:       solution1
* Product family: virtex7
* Target device:  xc7vx485t-ffg1157-1


================================================================
== Performance Estimates
================================================================
+ Timing: 
    * Summary: 
    +--------+----------+----------+------------+
    |  Clock |  Target  | Estimated| Uncertainty|
    +--------+----------+----------+------------+
    |ap_clk  | 10.00 ns | 5.112 ns |   1.25 ns  |
    +--------+----------+----------+------------+

+ Latency: 
    * Summary: 
    +---------+---------+----------+----------+-----+-----+---------+
    |  Latency (cycles) |  Latency (absolute) |  Interval | Pipeline|
    |   min   |   max   |    min   |    max   | min | max |   Type  |
    +---------+---------+----------+----------+-----+-----+---------+
    |       41|       41| 0.410 us | 0.410 us |   41|   41|   none  |
    +---------+---------+----------+----------+-----+-----+---------+

    + Detail: 
        * Instance: 
        N/A

        * Loop: 
        +---------------------+---------+---------+----------+-----------+-----------+------+----------+
        |                     |  Latency (cycles) | Iteration|  Initiation Interval  | Trip |          |
        |      Loop Name      |   min   |   max   |  Latency |  achieved |   target  | Count| Pipelined|
        +---------------------+---------+---------+----------+-----------+-----------+------+----------+
        |- SubBytes_label35   |       40|       40|        10|          -|          -|     4|    no    |
        | + SubBytes_label34  |        8|        8|         2|          -|          -|     4|    no    |
        +---------------------+---------+---------+----------+-----------+-----------+------+----------+



================================================================
== Utilization Estimates
================================================================
* Summary: 
+-----------------+---------+-------+--------+--------+-----+
|       Name      | BRAM_18K| DSP48E|   FF   |   LUT  | URAM|
+-----------------+---------+-------+--------+--------+-----+
|DSP              |        -|      -|       -|       -|    -|
|Expression       |        -|      -|       0|      42|    -|
|FIFO             |        -|      -|       -|       -|    -|
|Instance         |        -|      -|       0|     357|    -|
|Memory           |        1|      -|       0|       0|    -|
|Multiplexer      |        -|      -|       -|     189|    -|
|Register         |        -|      -|     276|       -|    -|
+-----------------+---------+-------+--------+--------+-----+
|Total            |        1|      0|     276|     588|    0|
+-----------------+---------+-------+--------+--------+-----+
|Available        |     2060|   2800|  607200|  303600|    0|
+-----------------+---------+-------+--------+--------+-----+
|Utilization (%)  |    ~0   |      0|   ~0   |   ~0   |    0|
+-----------------+---------+-------+--------+--------+-----+

+ Detail: 
    * Instance: 
    +--------------------------+----------------------+---------+-------+---+----+-----+
    |         Instance         |        Module        | BRAM_18K| DSP48E| FF| LUT| URAM|
    +--------------------------+----------------------+---------+-------+---+----+-----+
    |Cipher_mux_165_8_bkb_U34  |Cipher_mux_165_8_bkb  |        0|      0|  0|  21|    0|
    |Cipher_mux_42_8_1_1_U35   |Cipher_mux_42_8_1_1   |        0|      0|  0|  21|    0|
    |Cipher_mux_42_8_1_1_U36   |Cipher_mux_42_8_1_1   |        0|      0|  0|  21|    0|
    |Cipher_mux_42_8_1_1_U37   |Cipher_mux_42_8_1_1   |        0|      0|  0|  21|    0|
    |Cipher_mux_42_8_1_1_U38   |Cipher_mux_42_8_1_1   |        0|      0|  0|  21|    0|
    |Cipher_mux_42_8_1_1_U39   |Cipher_mux_42_8_1_1   |        0|      0|  0|  21|    0|
    |Cipher_mux_42_8_1_1_U40   |Cipher_mux_42_8_1_1   |        0|      0|  0|  21|    0|
    |Cipher_mux_42_8_1_1_U41   |Cipher_mux_42_8_1_1   |        0|      0|  0|  21|    0|
    |Cipher_mux_42_8_1_1_U42   |Cipher_mux_42_8_1_1   |        0|      0|  0|  21|    0|
    |Cipher_mux_42_8_1_1_U43   |Cipher_mux_42_8_1_1   |        0|      0|  0|  21|    0|
    |Cipher_mux_42_8_1_1_U44   |Cipher_mux_42_8_1_1   |        0|      0|  0|  21|    0|
    |Cipher_mux_42_8_1_1_U45   |Cipher_mux_42_8_1_1   |        0|      0|  0|  21|    0|
    |Cipher_mux_42_8_1_1_U46   |Cipher_mux_42_8_1_1   |        0|      0|  0|  21|    0|
    |Cipher_mux_42_8_1_1_U47   |Cipher_mux_42_8_1_1   |        0|      0|  0|  21|    0|
    |Cipher_mux_42_8_1_1_U48   |Cipher_mux_42_8_1_1   |        0|      0|  0|  21|    0|
    |Cipher_mux_42_8_1_1_U49   |Cipher_mux_42_8_1_1   |        0|      0|  0|  21|    0|
    |Cipher_mux_42_8_1_1_U50   |Cipher_mux_42_8_1_1   |        0|      0|  0|  21|    0|
    +--------------------------+----------------------+---------+-------+---+----+-----+
    |Total                     |                      |        0|      0|  0| 357|    0|
    +--------------------------+----------------------+---------+-------+---+----+-----+

    * DSP48E: 
    N/A

    * Memory: 
    +--------+---------------+---------+---+----+-----+------+-----+------+-------------+
    | Memory |     Module    | BRAM_18K| FF| LUT| URAM| Words| Bits| Banks| W*Bits*Banks|
    +--------+---------------+---------+---+----+-----+------+-----+------+-------------+
    |sbox_U  |SubBytes_sbox  |        1|  0|   0|    0|   256|    8|     1|         2048|
    +--------+---------------+---------+---+----+-----+------+-----+------+-------------+
    |Total   |               |        1|  0|   0|    0|   256|    8|     1|         2048|
    +--------+---------------+---------+---+----+-----+------+-----+------+-------------+

    * FIFO: 
    N/A

    * Expression: 
    +----------------------+----------+-------+---+----+------------+------------+
    |     Variable Name    | Operation| DSP48E| FF| LUT| Bitwidth P0| Bitwidth P1|
    +----------------------+----------+-------+---+----+------------+------------+
    |i_fu_403_p2           |     +    |      0|  0|  12|           3|           1|
    |j_fu_515_p2           |     +    |      0|  0|  12|           3|           1|
    |icmp_ln261_fu_397_p2  |   icmp   |      0|  0|   9|           3|           4|
    |icmp_ln263_fu_509_p2  |   icmp   |      0|  0|   9|           3|           4|
    +----------------------+----------+-------+---+----+------------+------------+
    |Total                 |          |      0|  0|  42|          12|          10|
    +----------------------+----------+-------+---+----+------------+------------+

    * Multiplexer: 
    +--------------------+----+-----------+-----+-----------+
    |        Name        | LUT| Input Size| Bits| Total Bits|
    +--------------------+----+-----------+-----+-----------+
    |ap_NS_fsm           |  27|          5|    1|          5|
    |i_0_reg_247         |   9|          2|    3|          6|
    |j_0_reg_258         |   9|          2|    3|          6|
    |state_0_0_0_fu_134  |   9|          2|    8|         16|
    |state_0_1_0_fu_130  |   9|          2|    8|         16|
    |state_0_2_0_fu_126  |   9|          2|    8|         16|
    |state_0_3_0_fu_122  |   9|          2|    8|         16|
    |state_1_0_0_fu_118  |   9|          2|    8|         16|
    |state_1_1_0_fu_114  |   9|          2|    8|         16|
    |state_1_2_0_fu_110  |   9|          2|    8|         16|
    |state_1_3_0_fu_106  |   9|          2|    8|         16|
    |state_2_0_0_fu_102  |   9|          2|    8|         16|
    |state_2_1_0_fu_98   |   9|          2|    8|         16|
    |state_2_2_0_fu_94   |   9|          2|    8|         16|
    |state_2_3_0_fu_90   |   9|          2|    8|         16|
    |state_3_0_0_fu_86   |   9|          2|    8|         16|
    |state_3_1_0_fu_82   |   9|          2|    8|         16|
    |state_3_2_0_fu_78   |   9|          2|    8|         16|
    |state_3_3_0_fu_74   |   9|          2|    8|         16|
    +--------------------+----+-----------+-----+-----------+
    |Total               | 189|         41|  135|        273|
    +--------------------+----+-----------+-----+-----------+

    * Register: 
    +-----------------------------+---+----+-----+-----------+
    |             Name            | FF| LUT| Bits| Const Bits|
    +-----------------------------+---+----+-----+-----------+
    |ap_CS_fsm                    |  4|   0|    4|          0|
    |i_0_reg_247                  |  3|   0|    3|          0|
    |i_reg_934                    |  3|   0|    3|          0|
    |j_0_reg_258                  |  3|   0|    3|          0|
    |j_reg_963                    |  3|   0|    3|          0|
    |state_0_0_0_fu_134           |  8|   0|    8|          0|
    |state_0_0_0_load_1_reg_1073  |  8|   0|    8|          0|
    |state_0_1_0_fu_130           |  8|   0|    8|          0|
    |state_0_1_0_load_1_reg_1066  |  8|   0|    8|          0|
    |state_0_2_0_fu_126           |  8|   0|    8|          0|
    |state_0_2_0_load_1_reg_1059  |  8|   0|    8|          0|
    |state_0_3_0_fu_122           |  8|   0|    8|          0|
    |state_0_3_0_load_1_reg_1052  |  8|   0|    8|          0|
    |state_1_0_0_fu_118           |  8|   0|    8|          0|
    |state_1_0_0_load_1_reg_1045  |  8|   0|    8|          0|
    |state_1_1_0_fu_114           |  8|   0|    8|          0|
    |state_1_1_0_load_1_reg_1038  |  8|   0|    8|          0|
    |state_1_2_0_fu_110           |  8|   0|    8|          0|
    |state_1_2_0_load_1_reg_1031  |  8|   0|    8|          0|
    |state_1_3_0_fu_106           |  8|   0|    8|          0|
    |state_1_3_0_load_1_reg_1024  |  8|   0|    8|          0|
    |state_2_0_0_fu_102           |  8|   0|    8|          0|
    |state_2_0_0_load_1_reg_1017  |  8|   0|    8|          0|
    |state_2_1_0_fu_98            |  8|   0|    8|          0|
    |state_2_1_0_load_1_reg_1010  |  8|   0|    8|          0|
    |state_2_2_0_fu_94            |  8|   0|    8|          0|
    |state_2_2_0_load_1_reg_1003  |  8|   0|    8|          0|
    |state_2_3_0_fu_90            |  8|   0|    8|          0|
    |state_2_3_0_load_1_reg_996   |  8|   0|    8|          0|
    |state_3_0_0_fu_86            |  8|   0|    8|          0|
    |state_3_0_0_load_1_reg_989   |  8|   0|    8|          0|
    |state_3_1_0_fu_82            |  8|   0|    8|          0|
    |state_3_1_0_load_1_reg_982   |  8|   0|    8|          0|
    |state_3_2_0_fu_78            |  8|   0|    8|          0|
    |state_3_2_0_load_1_reg_975   |  8|   0|    8|          0|
    |state_3_3_0_fu_74            |  8|   0|    8|          0|
    |state_3_3_0_load_1_reg_968   |  8|   0|    8|          0|
    |trunc_ln265_1_reg_1080       |  2|   0|    2|          0|
    |trunc_ln265_reg_939          |  2|   0|    2|          0|
    +-----------------------------+---+----+-----+-----------+
    |Total                        |276|   0|  276|          0|
    +-----------------------------+---+----+-----+-----------+



================================================================
== Interface
================================================================
* Summary: 
+----------------+-----+-----+------------+----------------+--------------+
|    RTL Ports   | Dir | Bits|  Protocol  |  Source Object |    C Type    |
+----------------+-----+-----+------------+----------------+--------------+
|ap_clk          |  in |    1| ap_ctrl_hs |    SubBytes    | return value |
|ap_rst          |  in |    1| ap_ctrl_hs |    SubBytes    | return value |
|ap_start        |  in |    1| ap_ctrl_hs |    SubBytes    | return value |
|ap_done         | out |    1| ap_ctrl_hs |    SubBytes    | return value |
|ap_idle         | out |    1| ap_ctrl_hs |    SubBytes    | return value |
|ap_ready        | out |    1| ap_ctrl_hs |    SubBytes    | return value |
|ap_return_0     | out |    8| ap_ctrl_hs |    SubBytes    | return value |
|ap_return_1     | out |    8| ap_ctrl_hs |    SubBytes    | return value |
|ap_return_2     | out |    8| ap_ctrl_hs |    SubBytes    | return value |
|ap_return_3     | out |    8| ap_ctrl_hs |    SubBytes    | return value |
|ap_return_4     | out |    8| ap_ctrl_hs |    SubBytes    | return value |
|ap_return_5     | out |    8| ap_ctrl_hs |    SubBytes    | return value |
|ap_return_6     | out |    8| ap_ctrl_hs |    SubBytes    | return value |
|ap_return_7     | out |    8| ap_ctrl_hs |    SubBytes    | return value |
|ap_return_8     | out |    8| ap_ctrl_hs |    SubBytes    | return value |
|ap_return_9     | out |    8| ap_ctrl_hs |    SubBytes    | return value |
|ap_return_10    | out |    8| ap_ctrl_hs |    SubBytes    | return value |
|ap_return_11    | out |    8| ap_ctrl_hs |    SubBytes    | return value |
|ap_return_12    | out |    8| ap_ctrl_hs |    SubBytes    | return value |
|ap_return_13    | out |    8| ap_ctrl_hs |    SubBytes    | return value |
|ap_return_14    | out |    8| ap_ctrl_hs |    SubBytes    | return value |
|ap_return_15    | out |    8| ap_ctrl_hs |    SubBytes    | return value |
|state_0_0_read  |  in |    8|   ap_none  | state_0_0_read |    scalar    |
|state_0_1_read  |  in |    8|   ap_none  | state_0_1_read |    scalar    |
|state_0_2_read  |  in |    8|   ap_none  | state_0_2_read |    scalar    |
|state_0_3_read  |  in |    8|   ap_none  | state_0_3_read |    scalar    |
|state_1_0_read  |  in |    8|   ap_none  | state_1_0_read |    scalar    |
|state_1_1_read  |  in |    8|   ap_none  | state_1_1_read |    scalar    |
|state_1_2_read  |  in |    8|   ap_none  | state_1_2_read |    scalar    |
|state_1_3_read  |  in |    8|   ap_none  | state_1_3_read |    scalar    |
|state_2_0_read  |  in |    8|   ap_none  | state_2_0_read |    scalar    |
|state_2_1_read  |  in |    8|   ap_none  | state_2_1_read |    scalar    |
|state_2_2_read  |  in |    8|   ap_none  | state_2_2_read |    scalar    |
|state_2_3_read  |  in |    8|   ap_none  | state_2_3_read |    scalar    |
|state_3_0_read  |  in |    8|   ap_none  | state_3_0_read |    scalar    |
|state_3_1_read  |  in |    8|   ap_none  | state_3_1_read |    scalar    |
|state_3_2_read  |  in |    8|   ap_none  | state_3_2_read |    scalar    |
|state_3_3_read  |  in |    8|   ap_none  | state_3_3_read |    scalar    |
+----------------+-----+-----+------------+----------------+--------------+

