INFO: [XSIM 43-3496] Using init file passed via -initfile option "/tools/Xilinx/Vivado/2019.2/data/xsim/ip/xsim_ip.ini".
Vivado Simulator 2019.2
Copyright 1986-1999, 2001-2019 Xilinx, Inc. All Rights Reserved.
Running: /tools/Xilinx/Vivado/2019.2/bin/unwrapped/lnx64.o/xelab xil_defaultlib.apatb_InvCipher_top glbl -prj InvCipher.prj -L smartconnect_v1_0 -L axi_protocol_checker_v1_1_12 -L axi_protocol_checker_v1_1_13 -L axis_protocol_checker_v1_1_11 -L axis_protocol_checker_v1_1_12 -L xil_defaultlib -L unisims_ver -L xpm --initfile /tools/Xilinx/Vivado/2019.2/data/xsim/ip/xsim_ip.ini --lib ieee_proposed=./ieee_proposed -s InvCipher 
Multi-threading is on. Using 2 slave threads.
WARNING: [XSIM 43-3431] One or more environment variables have been detected which affect the operation of the C compiler. These are typically not set in standard installations and are not tested by Xilinx, however they may be appropriate for your system, so the flow will attempt to continue.  If errors occur, try running xelab with the "-mt off -v 1" switches to see more information from the C compiler. The following environment variables have been detected:
INFO: [VRFC 10-2263] Analyzing SystemVerilog file "/home/sujoy/Documents/VLSI_project/project21/VLSI_Project/solution1/sim/verilog/glbl.v" into library work
INFO: [VRFC 10-311] analyzing module glbl
INFO: [VRFC 10-2263] Analyzing SystemVerilog file "/home/sujoy/Documents/VLSI_project/project21/VLSI_Project/solution1/sim/verilog/AESL_automem_RoundKey_0.v" into library xil_defaultlib
INFO: [VRFC 10-311] analyzing module AESL_automem_RoundKey_0
INFO: [VRFC 10-2263] Analyzing SystemVerilog file "/home/sujoy/Documents/VLSI_project/project21/VLSI_Project/solution1/sim/verilog/AESL_automem_RoundKey_13.v" into library xil_defaultlib
INFO: [VRFC 10-311] analyzing module AESL_automem_RoundKey_13
INFO: [VRFC 10-2263] Analyzing SystemVerilog file "/home/sujoy/Documents/VLSI_project/project21/VLSI_Project/solution1/sim/verilog/AESL_automem_RoundKey_9.v" into library xil_defaultlib
INFO: [VRFC 10-311] analyzing module AESL_automem_RoundKey_9
INFO: [VRFC 10-2263] Analyzing SystemVerilog file "/home/sujoy/Documents/VLSI_project/project21/VLSI_Project/solution1/sim/verilog/AESL_automem_RoundKey_2.v" into library xil_defaultlib
INFO: [VRFC 10-311] analyzing module AESL_automem_RoundKey_2
INFO: [VRFC 10-2263] Analyzing SystemVerilog file "/home/sujoy/Documents/VLSI_project/project21/VLSI_Project/solution1/sim/verilog/AESL_automem_RoundKey_1.v" into library xil_defaultlib
INFO: [VRFC 10-311] analyzing module AESL_automem_RoundKey_1
INFO: [VRFC 10-2263] Analyzing SystemVerilog file "/home/sujoy/Documents/VLSI_project/project21/VLSI_Project/solution1/sim/verilog/AESL_automem_RoundKey_11.v" into library xil_defaultlib
INFO: [VRFC 10-311] analyzing module AESL_automem_RoundKey_11
INFO: [VRFC 10-2263] Analyzing SystemVerilog file "/home/sujoy/Documents/VLSI_project/project21/VLSI_Project/solution1/sim/verilog/AESL_automem_RoundKey_3.v" into library xil_defaultlib
INFO: [VRFC 10-311] analyzing module AESL_automem_RoundKey_3
INFO: [VRFC 10-2263] Analyzing SystemVerilog file "/home/sujoy/Documents/VLSI_project/project21/VLSI_Project/solution1/sim/verilog/AESL_automem_RoundKey_5.v" into library xil_defaultlib
INFO: [VRFC 10-311] analyzing module AESL_automem_RoundKey_5
INFO: [VRFC 10-2263] Analyzing SystemVerilog file "/home/sujoy/Documents/VLSI_project/project21/VLSI_Project/solution1/sim/verilog/InvCipher_mux_165bkb.v" into library xil_defaultlib
INFO: [VRFC 10-311] analyzing module InvCipher_mux_165bkb
INFO: [VRFC 10-2263] Analyzing SystemVerilog file "/home/sujoy/Documents/VLSI_project/project21/VLSI_Project/solution1/sim/verilog/InvCipher_mux_42_cud.v" into library xil_defaultlib
INFO: [VRFC 10-311] analyzing module InvCipher_mux_42_cud
INFO: [VRFC 10-2263] Analyzing SystemVerilog file "/home/sujoy/Documents/VLSI_project/project21/VLSI_Project/solution1/sim/verilog/InvSubBytes_rsbox.v" into library xil_defaultlib
INFO: [VRFC 10-311] analyzing module InvSubBytes_rsbox_rom
INFO: [VRFC 10-311] analyzing module InvSubBytes_rsbox
INFO: [VRFC 10-2263] Analyzing SystemVerilog file "/home/sujoy/Documents/VLSI_project/project21/VLSI_Project/solution1/sim/verilog/InvCipher.v" into library xil_defaultlib
INFO: [VRFC 10-311] analyzing module InvCipher
INFO: [VRFC 10-2263] Analyzing SystemVerilog file "/home/sujoy/Documents/VLSI_project/project21/VLSI_Project/solution1/sim/verilog/InvCipher.autotb.v" into library xil_defaultlib
INFO: [VRFC 10-311] analyzing module apatb_InvCipher_top
INFO: [VRFC 10-2263] Analyzing SystemVerilog file "/home/sujoy/Documents/VLSI_project/project21/VLSI_Project/solution1/sim/verilog/AESL_automem_RoundKey_15.v" into library xil_defaultlib
INFO: [VRFC 10-311] analyzing module AESL_automem_RoundKey_15
INFO: [VRFC 10-2263] Analyzing SystemVerilog file "/home/sujoy/Documents/VLSI_project/project21/VLSI_Project/solution1/sim/verilog/AESL_automem_RoundKey_8.v" into library xil_defaultlib
INFO: [VRFC 10-311] analyzing module AESL_automem_RoundKey_8
INFO: [VRFC 10-2263] Analyzing SystemVerilog file "/home/sujoy/Documents/VLSI_project/project21/VLSI_Project/solution1/sim/verilog/InvMixColumns.v" into library xil_defaultlib
INFO: [VRFC 10-311] analyzing module InvMixColumns
INFO: [VRFC 10-2263] Analyzing SystemVerilog file "/home/sujoy/Documents/VLSI_project/project21/VLSI_Project/solution1/sim/verilog/AESL_automem_RoundKey_12.v" into library xil_defaultlib
INFO: [VRFC 10-311] analyzing module AESL_automem_RoundKey_12
INFO: [VRFC 10-2263] Analyzing SystemVerilog file "/home/sujoy/Documents/VLSI_project/project21/VLSI_Project/solution1/sim/verilog/AESL_automem_RoundKey_6.v" into library xil_defaultlib
INFO: [VRFC 10-311] analyzing module AESL_automem_RoundKey_6
INFO: [VRFC 10-2263] Analyzing SystemVerilog file "/home/sujoy/Documents/VLSI_project/project21/VLSI_Project/solution1/sim/verilog/InvSubBytes.v" into library xil_defaultlib
INFO: [VRFC 10-311] analyzing module InvSubBytes
INFO: [VRFC 10-2263] Analyzing SystemVerilog file "/home/sujoy/Documents/VLSI_project/project21/VLSI_Project/solution1/sim/verilog/AESL_automem_RoundKey_10.v" into library xil_defaultlib
INFO: [VRFC 10-311] analyzing module AESL_automem_RoundKey_10
INFO: [VRFC 10-2263] Analyzing SystemVerilog file "/home/sujoy/Documents/VLSI_project/project21/VLSI_Project/solution1/sim/verilog/Multiply.v" into library xil_defaultlib
INFO: [VRFC 10-311] analyzing module Multiply
INFO: [VRFC 10-2263] Analyzing SystemVerilog file "/home/sujoy/Documents/VLSI_project/project21/VLSI_Project/solution1/sim/verilog/AESL_automem_RoundKey_14.v" into library xil_defaultlib
INFO: [VRFC 10-311] analyzing module AESL_automem_RoundKey_14
INFO: [VRFC 10-2263] Analyzing SystemVerilog file "/home/sujoy/Documents/VLSI_project/project21/VLSI_Project/solution1/sim/verilog/AESL_automem_RoundKey_4.v" into library xil_defaultlib
INFO: [VRFC 10-311] analyzing module AESL_automem_RoundKey_4
INFO: [VRFC 10-2263] Analyzing SystemVerilog file "/home/sujoy/Documents/VLSI_project/project21/VLSI_Project/solution1/sim/verilog/AESL_automem_RoundKey_7.v" into library xil_defaultlib
INFO: [VRFC 10-311] analyzing module AESL_automem_RoundKey_7
Starting static elaboration
Pass Through NonSizing Optimizer
Completed static elaboration
Starting simulation data flow analysis
Completed simulation data flow analysis
Time Resolution for simulation is 1ps
Compiling module xil_defaultlib.Multiply
Compiling module xil_defaultlib.InvCipher_mux_42_cud(ID=1,din0_W...
Compiling module xil_defaultlib.InvMixColumns
Compiling module xil_defaultlib.InvSubBytes_rsbox_rom
Compiling module xil_defaultlib.InvSubBytes_rsbox(DataWidth=8,Ad...
Compiling module xil_defaultlib.InvCipher_mux_165bkb(ID=1,din0_W...
Compiling module xil_defaultlib.InvSubBytes
Compiling module xil_defaultlib.InvCipher
Compiling module xil_defaultlib.AESL_automem_RoundKey_0
Compiling module xil_defaultlib.AESL_automem_RoundKey_1
Compiling module xil_defaultlib.AESL_automem_RoundKey_2
Compiling module xil_defaultlib.AESL_automem_RoundKey_3
Compiling module xil_defaultlib.AESL_automem_RoundKey_4
Compiling module xil_defaultlib.AESL_automem_RoundKey_5
Compiling module xil_defaultlib.AESL_automem_RoundKey_6
Compiling module xil_defaultlib.AESL_automem_RoundKey_7
Compiling module xil_defaultlib.AESL_automem_RoundKey_8
Compiling module xil_defaultlib.AESL_automem_RoundKey_9
Compiling module xil_defaultlib.AESL_automem_RoundKey_10
Compiling module xil_defaultlib.AESL_automem_RoundKey_11
Compiling module xil_defaultlib.AESL_automem_RoundKey_12
Compiling module xil_defaultlib.AESL_automem_RoundKey_13
Compiling module xil_defaultlib.AESL_automem_RoundKey_14
Compiling module xil_defaultlib.AESL_automem_RoundKey_15
Compiling module xil_defaultlib.apatb_InvCipher_top
Compiling module work.glbl
Built simulation snapshot InvCipher
