#-----------------------------------------------------------
# xsim v2019.2 (64-bit)
# SW Build 2708876 on Wed Nov  6 21:39:14 MST 2019
# IP Build 2700528 on Thu Nov  7 00:09:20 MST 2019
# Start of session at: Wed May 13 18:59:44 2020
# Process ID: 5855
# Current directory: /home/sujoy/Documents/VLSI_project/project21/VLSI_Project/solution1/sim/verilog
# Command line: xsim -mode tcl -source {xsim.dir/Cipher/xsim_script.tcl}
# Log file: /home/sujoy/Documents/VLSI_project/project21/VLSI_Project/solution1/sim/verilog/xsim.log
# Journal file: /home/sujoy/Documents/VLSI_project/project21/VLSI_Project/solution1/sim/verilog/xsim.jou
#-----------------------------------------------------------
source xsim.dir/Cipher/xsim_script.tcl
# xsim {Cipher} -autoloadwcfg -tclbatch {Cipher.tcl}
Vivado Simulator 2019.2
Time resolution is 1 ps
source Cipher.tcl
## run all
////////////////////////////////////////////////////////////////////////////////////
// Inter-Transaction Progress: Completed Transaction / Total Transaction
// Intra-Transaction Progress: Measured Latency / Latency Estimation * 100%
//
// RTL Simulation : "Inter-Transaction Progress" ["Intra-Transaction Progress"] @ "Simulation Time"
////////////////////////////////////////////////////////////////////////////////////
// RTL Simulation : 0 / 17 [0.00%] @ "125000"
// RTL Simulation : 1 / 17 [100.00%] @ "1205000"
// RTL Simulation : 2 / 17 [100.00%] @ "2275000"
// RTL Simulation : 3 / 17 [100.00%] @ "3345000"
// RTL Simulation : 4 / 17 [100.00%] @ "4415000"
// RTL Simulation : 5 / 17 [100.00%] @ "5485000"
// RTL Simulation : 6 / 17 [100.00%] @ "6555000"
// RTL Simulation : 7 / 17 [100.00%] @ "7625000"
// RTL Simulation : 8 / 17 [100.00%] @ "8695000"
// RTL Simulation : 9 / 17 [100.00%] @ "9765000"
// RTL Simulation : 10 / 17 [100.00%] @ "10835000"
// RTL Simulation : 11 / 17 [100.00%] @ "11905000"
// RTL Simulation : 12 / 17 [100.00%] @ "12975000"
// RTL Simulation : 13 / 17 [100.00%] @ "14045000"
// RTL Simulation : 14 / 17 [100.00%] @ "15115000"
// RTL Simulation : 15 / 17 [100.00%] @ "16185000"
// RTL Simulation : 16 / 17 [100.00%] @ "17255000"
// RTL Simulation : 17 / 17 [100.00%] @ "18325000"
////////////////////////////////////////////////////////////////////////////////////
$finish called at time : 18365 ns : File "/home/sujoy/Documents/VLSI_project/project21/VLSI_Project/solution1/sim/verilog/Cipher.autotb.v" Line 2960
## quit
INFO: [Common 17-206] Exiting xsim at Wed May 13 19:00:05 2020...
